0 238101 0.116563
1 182464 0.0893254
2 110718 0.0542021
3 105831 0.0518096
4 86129 0.0421645
5 77097 0.0377429
6 71497 0.0350014
7 63275 0.0309763
8 59024 0.0288952
9 56980 0.0278946
10 763076 0.373564
11 119420 0.0584622
12 4372 0.00214032
13 3296 0.00161356
14 2814 0.0013776
15 2520 0.00123367
16 2273 0.00111275
17 2065 0.00101092
18 2188 0.00107114
19 2841 0.00139081
20 4047 0.00198121
21 3674 0.00179861
22 1141 0.000558577
23 722 0.000353456
24 605 0.000296178
25 616 0.000301563
26 601 0.00029422
27 605 0.000296178
28 601 0.00029422
29 554 0.000271211
30 643 0.000314781
31 686 0.000335832
32 535 0.00026191
33 382 0.000187008
34 406 0.000198758
35 358 0.000175259
36 387 0.000189456
37 315 0.000154208
38 299 0.000146376
39 385 0.000188477
40 350 0.000171343
41 337 0.000164979
42 368 0.000180155
43 262 0.000128262
44 269 0.000131689
45 289 0.00014148
46 257 0.000125815
47 280 0.000137074
48 261 0.000127773
49 250 0.000122388
50 273 0.000133647
51 260 0.000127283
52 245 0.00011994
53 258 0.000126304
54 248 0.000121409
55 246 0.000120429
56 216 0.000105743
57 188 9.20355e-05
58 222 0.00010868
59 218 0.000106722
60 214 0.000104764
61 214 0.000104764
62 204 9.98684e-05
63 186 9.10564e-05
64 217 0.000106233
65 176 8.61609e-05
66 186 9.10564e-05
67 173 8.46923e-05
68 184 9.00773e-05
69 178 8.714e-05
70 175 8.56714e-05
71 180 8.81191e-05
72 153 7.49013e-05
73 181 8.86087e-05
74 182 8.90982e-05
75 157 7.68595e-05
76 152 7.44117e-05
77 163 7.97968e-05
78 150 7.34326e-05
79 140 6.85371e-05
80 156 7.63699e-05
81 153 7.49013e-05
82 137 6.70685e-05
83 178 8.714e-05
84 175 8.56714e-05
85 179 8.76296e-05
86 167 8.1755e-05
87 148 7.24535e-05
88 158 7.7349e-05
89 154 7.53908e-05
90 135 6.60894e-05
91 131 6.41312e-05
92 151 7.39222e-05
93 130 6.36416e-05
94 144 7.04953e-05
95 122 5.97252e-05
96 135 6.60894e-05
97 140 6.85371e-05
98 121 5.92356e-05
99 146 7.14744e-05
100 143 7.00058e-05
101 144 7.04953e-05
102 144 7.04953e-05
103 110 5.38506e-05
104 122 5.97252e-05
105 114 5.58088e-05
106 116 5.67879e-05
107 123 6.02147e-05
108 143 7.00058e-05
109 128 6.26625e-05
110 132 6.46207e-05
111 141 6.90267e-05
112 143 7.00058e-05
113 118 5.7767e-05
114 123 6.02147e-05
115 127 6.21729e-05
116 131 6.41312e-05
117 126 6.16834e-05
118 114 5.58088e-05
119 118 5.7767e-05
120 129 6.31521e-05
121 106 5.18924e-05
122 105 5.14028e-05
123 109 5.3361e-05
124 100 4.89551e-05
125 105 5.14028e-05
126 102 4.99342e-05
127 112 5.48297e-05
128 96 4.69969e-05
129 117 5.72774e-05
130 107 5.23819e-05
131 98 4.7976e-05
132 109 5.3361e-05
133 106 5.18924e-05
134 87 4.25909e-05
135 100 4.89551e-05
136 93 4.55282e-05
137 91 4.45491e-05
138 107 5.23819e-05
139 81 3.96536e-05
140 101 4.94446e-05
141 99 4.84655e-05
142 94 4.60178e-05
143 103 5.04237e-05
144 90 4.40596e-05
145 95 4.65073e-05
146 98 4.7976e-05
147 99 4.84655e-05
148 91 4.45491e-05
149 87 4.25909e-05
150 92 4.50387e-05
151 105 5.14028e-05
152 102 4.99342e-05
153 94 4.60178e-05
154 100 4.89551e-05
155 89 4.357e-05
156 110 5.38506e-05
157 87 4.25909e-05
158 100 4.89551e-05
159 87 4.25909e-05
160 112 5.48297e-05
161 90 4.40596e-05
162 95 4.65073e-05
163 93 4.55282e-05
164 77 3.76954e-05
165 89 4.357e-05
166 88 4.30805e-05
167 89 4.357e-05
168 82 4.01432e-05
169 98 4.7976e-05
170 76 3.72059e-05
171 94 4.60178e-05
172 74 3.62268e-05
173 81 3.96536e-05
174 81 3.96536e-05
175 107 5.23819e-05
176 103 5.04237e-05
177 84 4.11223e-05
178 83 4.06327e-05
179 80 3.91641e-05
180 84 4.11223e-05
181 79 3.86745e-05
182 72 3.52477e-05
183 99 4.84655e-05
184 83 4.06327e-05
185 87 4.25909e-05
186 73 3.57372e-05
187 88 4.30805e-05
188 89 4.357e-05
189 89 4.357e-05
190 69 3.3779e-05
191 78 3.8185e-05
192 69 3.3779e-05
193 72 3.52477e-05
194 81 3.96536e-05
195 87 4.25909e-05
196 69 3.3779e-05
197 77 3.76954e-05
198 68 3.32895e-05
199 73 3.57372e-05
200 77 3.76954e-05
201 61 2.98626e-05
202 63 3.08417e-05
203 68 3.32895e-05
204 84 4.11223e-05
205 73 3.57372e-05
206 85 4.16118e-05
207 77 3.76954e-05
208 82 4.01432e-05
209 78 3.8185e-05
210 91 4.45491e-05
211 71 3.47581e-05
212 64 3.13313e-05
213 59 2.88835e-05
214 61 2.98626e-05
215 71 3.47581e-05
216 65 3.18208e-05
217 73 3.57372e-05
218 77 3.76954e-05
219 62 3.03521e-05
220 66 3.23104e-05
221 76 3.72059e-05
222 64 3.13313e-05
223 73 3.57372e-05
224 73 3.57372e-05
225 74 3.62268e-05
226 65 3.18208e-05
227 64 3.13313e-05
228 56 2.74148e-05
229 70 3.42686e-05
230 65 3.18208e-05
231 70 3.42686e-05
232 79 3.86745e-05
233 66 3.23104e-05
234 83 4.06327e-05
235 63 3.08417e-05
236 63 3.08417e-05
237 89 4.357e-05
238 81 3.96536e-05
239 75 3.67163e-05
240 72 3.52477e-05
241 69 3.3779e-05
242 68 3.32895e-05
243 52 2.54566e-05
244 66 3.23104e-05
245 58 2.83939e-05
246 58 2.83939e-05
247 57 2.79044e-05
248 55 2.69253e-05
249 61 2.98626e-05
250 58 2.83939e-05
251 78 3.8185e-05
252 51 2.49671e-05
253 65 3.18208e-05
254 45 2.20298e-05
255 69 3.3779e-05
256 52 2.54566e-05
257 66 3.23104e-05
258 81 3.96536e-05
259 63 3.08417e-05
260 67 3.27999e-05
261 57 2.79044e-05
262 76 3.72059e-05
263 64 3.13313e-05
264 71 3.47581e-05
265 62 3.03521e-05
266 76 3.72059e-05
267 60 2.9373e-05
268 57 2.79044e-05
269 59 2.88835e-05
270 48 2.34984e-05
271 76 3.72059e-05
272 64 3.13313e-05
273 43 2.10507e-05
274 60 2.9373e-05
275 60 2.9373e-05
276 59 2.88835e-05
277 50 2.44775e-05
278 47 2.30089e-05
279 65 3.18208e-05
280 70 3.42686e-05
281 58 2.83939e-05
282 63 3.08417e-05
283 56 2.74148e-05
284 52 2.54566e-05
285 70 3.42686e-05
286 55 2.69253e-05
287 47 2.30089e-05
288 73 3.57372e-05
289 58 2.83939e-05
290 55 2.69253e-05
291 56 2.74148e-05
292 61 2.98626e-05
293 52 2.54566e-05
294 65 3.18208e-05
295 48 2.34984e-05
296 55 2.69253e-05
297 59 2.88835e-05
298 75 3.67163e-05
299 73 3.57372e-05
300 64 3.13313e-05
301 53 2.59462e-05
302 48 2.34984e-05
303 57 2.79044e-05
304 55 2.69253e-05
305 60 2.9373e-05
306 65 3.18208e-05
307 57 2.79044e-05
308 51 2.49671e-05
309 62 3.03521e-05
310 53 2.59462e-05
311 74 3.62268e-05
312 53 2.59462e-05
313 48 2.34984e-05
314 54 2.64357e-05
315 62 3.03521e-05
316 69 3.3779e-05
317 57 2.79044e-05
318 71 3.47581e-05
319 53 2.59462e-05
320 49 2.3988e-05
321 67 3.27999e-05
322 47 2.30089e-05
323 45 2.20298e-05
324 45 2.20298e-05
325 47 2.30089e-05
326 55 2.69253e-05
327 45 2.20298e-05
328 42 2.05611e-05
329 47 2.30089e-05
330 48 2.34984e-05
331 58 2.83939e-05
332 58 2.83939e-05
333 50 2.44775e-05
334 48 2.34984e-05
335 60 2.9373e-05
336 43 2.10507e-05
337 45 2.20298e-05
338 51 2.49671e-05
339 54 2.64357e-05
340 41 2.00716e-05
341 52 2.54566e-05
342 58 2.83939e-05
343 50 2.44775e-05
344 43 2.10507e-05
345 51 2.49671e-05
346 61 2.98626e-05
347 53 2.59462e-05
348 56 2.74148e-05
349 47 2.30089e-05
350 58 2.83939e-05
351 57 2.79044e-05
352 46 2.25193e-05
353 59 2.88835e-05
354 55 2.69253e-05
355 40 1.9582e-05
356 53 2.59462e-05
357 47 2.30089e-05
358 51 2.49671e-05
359 59 2.88835e-05
360 60 2.9373e-05
361 38 1.86029e-05
362 50 2.44775e-05
363 60 2.9373e-05
364 53 2.59462e-05
365 42 2.05611e-05
366 51 2.49671e-05
367 38 1.86029e-05
368 39 1.90925e-05
369 41 2.00716e-05
370 40 1.9582e-05
371 44 2.15402e-05
372 49 2.3988e-05
373 44 2.15402e-05
374 54 2.64357e-05
375 47 2.30089e-05
376 44 2.15402e-05
377 44 2.15402e-05
378 56 2.74148e-05
379 49 2.3988e-05
380 54 2.64357e-05
381 55 2.69253e-05
382 54 2.64357e-05
383 49 2.3988e-05
384 43 2.10507e-05
385 40 1.9582e-05
386 48 2.34984e-05
387 44 2.15402e-05
388 39 1.90925e-05
389 38 1.86029e-05
390 35 1.71343e-05
391 45 2.20298e-05
392 39 1.90925e-05
393 38 1.86029e-05
394 49 2.3988e-05
395 46 2.25193e-05
396 45 2.20298e-05
397 43 2.10507e-05
398 48 2.34984e-05
399 37 1.81134e-05
400 52 2.54566e-05
401 46 2.25193e-05
402 37 1.81134e-05
403 46 2.25193e-05
404 51 2.49671e-05
405 46 2.25193e-05
406 39 1.90925e-05
407 41 2.00716e-05
408 39 1.90925e-05
409 39 1.90925e-05
410 44 2.15402e-05
411 45 2.20298e-05
412 37 1.81134e-05
413 37 1.81134e-05
414 46 2.25193e-05
415 28 1.37074e-05
416 32 1.56656e-05
417 36 1.76238e-05
418 53 2.59462e-05
419 47 2.30089e-05
420 37 1.81134e-05
421 52 2.54566e-05
422 46 2.25193e-05
423 37 1.81134e-05
424 42 2.05611e-05
425 31 1.51761e-05
426 43 2.10507e-05
427 38 1.86029e-05
428 33 1.61552e-05
429 45 2.20298e-05
430 40 1.9582e-05
431 38 1.86029e-05
432 45 2.20298e-05
433 45 2.20298e-05
434 35 1.71343e-05
435 36 1.76238e-05
436 44 2.15402e-05
437 37 1.81134e-05
438 54 2.64357e-05
439 39 1.90925e-05
440 42 2.05611e-05
441 46 2.25193e-05
442 40 1.9582e-05
443 38 1.86029e-05
444 41 2.00716e-05
445 31 1.51761e-05
446 27 1.32179e-05
447 38 1.86029e-05
448 30 1.46865e-05
449 26 1.27283e-05
450 45 2.20298e-05
451 49 2.3988e-05
452 37 1.81134e-05
453 45 2.20298e-05
454 30 1.46865e-05
455 38 1.86029e-05
456 41 2.00716e-05
457 43 2.10507e-05
458 31 1.51761e-05
459 50 2.44775e-05
460 44 2.15402e-05
461 49 2.3988e-05
462 49 2.3988e-05
463 36 1.76238e-05
464 41 2.00716e-05
465 30 1.46865e-05
466 36 1.76238e-05
467 40 1.9582e-05
468 41 2.00716e-05
469 40 1.9582e-05
470 39 1.90925e-05
471 30 1.46865e-05
472 47 2.30089e-05
473 43 2.10507e-05
474 39 1.90925e-05
475 38 1.86029e-05
476 47 2.30089e-05
477 44 2.15402e-05
478 43 2.10507e-05
479 36 1.76238e-05
480 27 1.32179e-05
481 31 1.51761e-05
482 41 2.00716e-05
483 40 1.9582e-05
484 40 1.9582e-05
485 32 1.56656e-05
486 44 2.15402e-05
487 42 2.05611e-05
488 38 1.86029e-05
489 29 1.4197e-05
490 38 1.86029e-05
491 42 2.05611e-05
492 43 2.10507e-05
493 38 1.86029e-05
494 33 1.61552e-05
495 32 1.56656e-05
496 31 1.51761e-05
497 31 1.51761e-05
498 43 2.10507e-05
499 39 1.90925e-05
500 31 1.51761e-05
501 21 1.02806e-05
502 30 1.46865e-05
503 29 1.4197e-05
504 38 1.86029e-05
505 36 1.76238e-05
506 46 2.25193e-05
507 31 1.51761e-05
508 35 1.71343e-05
509 54 2.64357e-05
510 33 1.61552e-05
511 34 1.66447e-05
512 40 1.9582e-05
513 37 1.81134e-05
514 41 2.00716e-05
515 35 1.71343e-05
516 46 2.25193e-05
517 31 1.51761e-05
518 39 1.90925e-05
519 37 1.81134e-05
520 31 1.51761e-05
521 32 1.56656e-05
522 29 1.4197e-05
523 23 1.12597e-05
524 39 1.90925e-05
525 35 1.71343e-05
526 49 2.3988e-05
527 30 1.46865e-05
528 34 1.66447e-05
529 39 1.90925e-05
530 37 1.81134e-05
531 37 1.81134e-05
532 30 1.46865e-05
533 37 1.81134e-05
534 35 1.71343e-05
535 41 2.00716e-05
536 33 1.61552e-05
537 48 2.34984e-05
538 42 2.05611e-05
539 37 1.81134e-05
540 51 2.49671e-05
541 28 1.37074e-05
542 35 1.71343e-05
543 33 1.61552e-05
544 37 1.81134e-05
545 30 1.46865e-05
546 36 1.76238e-05
547 39 1.90925e-05
548 41 2.00716e-05
549 35 1.71343e-05
550 41 2.00716e-05
551 30 1.46865e-05
552 30 1.46865e-05
553 37 1.81134e-05
554 38 1.86029e-05
555 30 1.46865e-05
556 44 2.15402e-05
557 27 1.32179e-05
558 37 1.81134e-05
559 26 1.27283e-05
560 35 1.71343e-05
561 39 1.90925e-05
562 38 1.86029e-05
563 40 1.9582e-05
564 40 1.9582e-05
565 41 2.00716e-05
566 37 1.81134e-05
567 28 1.37074e-05
568 35 1.71343e-05
569 31 1.51761e-05
570 41 2.00716e-05
571 29 1.4197e-05
572 43 2.10507e-05
573 36 1.76238e-05
574 36 1.76238e-05
575 25 1.22388e-05
576 31 1.51761e-05
577 33 1.61552e-05
578 32 1.56656e-05
579 26 1.27283e-05
580 36 1.76238e-05
581 32 1.56656e-05
582 35 1.71343e-05
583 30 1.46865e-05
584 23 1.12597e-05
585 30 1.46865e-05
586 27 1.32179e-05
587 39 1.90925e-05
588 31 1.51761e-05
589 33 1.61552e-05
590 31 1.51761e-05
591 44 2.15402e-05
592 34 1.66447e-05
593 32 1.56656e-05
594 41 2.00716e-05
595 34 1.66447e-05
596 29 1.4197e-05
597 25 1.22388e-05
598 23 1.12597e-05
599 37 1.81134e-05
600 41 2.00716e-05
601 25 1.22388e-05
602 28 1.37074e-05
603 24 1.17492e-05
604 40 1.9582e-05
605 29 1.4197e-05
606 30 1.46865e-05
607 28 1.37074e-05
608 30 1.46865e-05
609 32 1.56656e-05
610 27 1.32179e-05
611 32 1.56656e-05
612 31 1.51761e-05
613 35 1.71343e-05
614 33 1.61552e-05
615 30 1.46865e-05
616 41 2.00716e-05
617 23 1.12597e-05
618 41 2.00716e-05
619 28 1.37074e-05
620 32 1.56656e-05
621 33 1.61552e-05
622 29 1.4197e-05
623 37 1.81134e-05
624 31 1.51761e-05
625 30 1.46865e-05
626 37 1.81134e-05
627 27 1.32179e-05
628 30 1.46865e-05
629 29 1.4197e-05
630 33 1.61552e-05
631 23 1.12597e-05
632 33 1.61552e-05
633 25 1.22388e-05
634 31 1.51761e-05
635 26 1.27283e-05
636 22 1.07701e-05
637 37 1.81134e-05
638 40 1.9582e-05
639 32 1.56656e-05
640 36 1.76238e-05
641 39 1.90925e-05
642 30 1.46865e-05
643 35 1.71343e-05
644 23 1.12597e-05
645 36 1.76238e-05
646 34 1.66447e-05
647 23 1.12597e-05
648 29 1.4197e-05
649 29 1.4197e-05
650 28 1.37074e-05
651 27 1.32179e-05
652 28 1.37074e-05
653 30 1.46865e-05
654 21 1.02806e-05
655 29 1.4197e-05
656 29 1.4197e-05
657 18 8.81191e-06
658 33 1.61552e-05
659 26 1.27283e-05
660 27 1.32179e-05
661 37 1.81134e-05
662 36 1.76238e-05
663 26 1.27283e-05
664 30 1.46865e-05
665 38 1.86029e-05
666 31 1.51761e-05
667 24 1.17492e-05
668 27 1.32179e-05
669 29 1.4197e-05
670 26 1.27283e-05
671 32 1.56656e-05
672 27 1.32179e-05
673 27 1.32179e-05
674 25 1.22388e-05
675 31 1.51761e-05
676 23 1.12597e-05
677 24 1.17492e-05
678 35 1.71343e-05
679 20 9.79102e-06
680 31 1.51761e-05
681 30 1.46865e-05
682 34 1.66447e-05
683 31 1.51761e-05
684 25 1.22388e-05
685 36 1.76238e-05
686 26 1.27283e-05
687 21 1.02806e-05
688 20 9.79102e-06
689 32 1.56656e-05
690 25 1.22388e-05
691 26 1.27283e-05
692 29 1.4197e-05
693 30 1.46865e-05
694 25 1.22388e-05
695 25 1.22388e-05
696 33 1.61552e-05
697 36 1.76238e-05
698 25 1.22388e-05
699 30 1.46865e-05
700 20 9.79102e-06
701 26 1.27283e-05
702 30 1.46865e-05
703 26 1.27283e-05
704 25 1.22388e-05
705 29 1.4197e-05
706 33 1.61552e-05
707 28 1.37074e-05
708 37 1.81134e-05
709 28 1.37074e-05
710 27 1.32179e-05
711 21 1.02806e-05
712 21 1.02806e-05
713 34 1.66447e-05
714 29 1.4197e-05
715 24 1.17492e-05
716 32 1.56656e-05
717 37 1.81134e-05
718 28 1.37074e-05
719 29 1.4197e-05
720 32 1.56656e-05
721 25 1.22388e-05
722 22 1.07701e-05
723 17 8.32236e-06
724 28 1.37074e-05
725 31 1.51761e-05
726 33 1.61552e-05
727 25 1.22388e-05
728 29 1.4197e-05
729 24 1.17492e-05
730 28 1.37074e-05
731 31 1.51761e-05
732 28 1.37074e-05
733 20 9.79102e-06
734 30 1.46865e-05
735 35 1.71343e-05
736 41 2.00716e-05
737 29 1.4197e-05
738 26 1.27283e-05
739 33 1.61552e-05
740 32 1.56656e-05
741 28 1.37074e-05
742 29 1.4197e-05
743 37 1.81134e-05
744 19 9.30146e-06
745 35 1.71343e-05
746 35 1.71343e-05
747 28 1.37074e-05
748 27 1.32179e-05
749 24 1.17492e-05
750 24 1.17492e-05
751 32 1.56656e-05
752 27 1.32179e-05
753 29 1.4197e-05
754 33 1.61552e-05
755 35 1.71343e-05
756 24 1.17492e-05
757 33 1.61552e-05
758 29 1.4197e-05
759 34 1.66447e-05
760 34 1.66447e-05
761 22 1.07701e-05
762 31 1.51761e-05
763 29 1.4197e-05
764 26 1.27283e-05
765 20 9.79102e-06
766 36 1.76238e-05
767 34 1.66447e-05
768 33 1.61552e-05
769 25 1.22388e-05
770 23 1.12597e-05
771 27 1.32179e-05
772 33 1.61552e-05
773 25 1.22388e-05
774 32 1.56656e-05
775 34 1.66447e-05
776 27 1.32179e-05
777 37 1.81134e-05
778 38 1.86029e-05
779 29 1.4197e-05
780 18 8.81191e-06
781 46 2.25193e-05
782 31 1.51761e-05
783 31 1.51761e-05
784 30 1.46865e-05
785 28 1.37074e-05
786 21 1.02806e-05
787 26 1.27283e-05
788 26 1.27283e-05
789 22 1.07701e-05
790 20 9.79102e-06
791 29 1.4197e-05
792 24 1.17492e-05
793 33 1.61552e-05
794 26 1.27283e-05
795 18 8.81191e-06
796 18 8.81191e-06
797 26 1.27283e-05
798 20 9.79102e-06
799 23 1.12597e-05
800 29 1.4197e-05
801 28 1.37074e-05
802 22 1.07701e-05
803 29 1.4197e-05
804 31 1.51761e-05
805 28 1.37074e-05
806 33 1.61552e-05
807 20 9.79102e-06
808 29 1.4197e-05
809 26 1.27283e-05
810 26 1.27283e-05
811 27 1.32179e-05
812 27 1.32179e-05
813 29 1.4197e-05
814 24 1.17492e-05
815 15 7.34326e-06
816 27 1.32179e-05
817 30 1.46865e-05
818 26 1.27283e-05
819 32 1.56656e-05
820 28 1.37074e-05
821 24 1.17492e-05
822 28 1.37074e-05
823 32 1.56656e-05
824 27 1.32179e-05
825 25 1.22388e-05
826 21 1.02806e-05
827 24 1.17492e-05
828 28 1.37074e-05
829 21 1.02806e-05
830 24 1.17492e-05
831 22 1.07701e-05
832 25 1.22388e-05
833 33 1.61552e-05
834 28 1.37074e-05
835 21 1.02806e-05
836 31 1.51761e-05
837 15 7.34326e-06
838 27 1.32179e-05
839 20 9.79102e-06
840 24 1.17492e-05
841 35 1.71343e-05
842 22 1.07701e-05
843 42 2.05611e-05
844 25 1.22388e-05
845 27 1.32179e-05
846 35 1.71343e-05
847 31 1.51761e-05
848 23 1.12597e-05
849 17 8.32236e-06
850 35 1.71343e-05
851 23 1.12597e-05
852 28 1.37074e-05
853 20 9.79102e-06
854 29 1.4197e-05
855 27 1.32179e-05
856 21 1.02806e-05
857 25 1.22388e-05
858 20 9.79102e-06
859 30 1.46865e-05
860 31 1.51761e-05
861 35 1.71343e-05
862 35 1.71343e-05
863 28 1.37074e-05
864 32 1.56656e-05
865 34 1.66447e-05
866 24 1.17492e-05
867 26 1.27283e-05
868 26 1.27283e-05
869 22 1.07701e-05
870 29 1.4197e-05
871 20 9.79102e-06
872 37 1.81134e-05
873 22 1.07701e-05
874 21 1.02806e-05
875 24 1.17492e-05
876 28 1.37074e-05
877 24 1.17492e-05
878 31 1.51761e-05
879 31 1.51761e-05
880 30 1.46865e-05
881 29 1.4197e-05
882 32 1.56656e-05
883 34 1.66447e-05
884 19 9.30146e-06
885 27 1.32179e-05
886 24 1.17492e-05
887 23 1.12597e-05
888 32 1.56656e-05
889 20 9.79102e-06
890 28 1.37074e-05
891 25 1.22388e-05
892 21 1.02806e-05
893 22 1.07701e-05
894 32 1.56656e-05
895 19 9.30146e-06
896 33 1.61552e-05
897 39 1.90925e-05
898 26 1.27283e-05
899 28 1.37074e-05
900 19 9.30146e-06
901 25 1.22388e-05
902 29 1.4197e-05
903 26 1.27283e-05
904 21 1.02806e-05
905 26 1.27283e-05
906 23 1.12597e-05
907 28 1.37074e-05
908 29 1.4197e-05
909 32 1.56656e-05
910 30 1.46865e-05
911 31 1.51761e-05
912 27 1.32179e-05
913 24 1.17492e-05
914 25 1.22388e-05
915 25 1.22388e-05
916 29 1.4197e-05
917 27 1.32179e-05
918 37 1.81134e-05
919 26 1.27283e-05
920 35 1.71343e-05
921 23 1.12597e-05
922 30 1.46865e-05
923 34 1.66447e-05
924 23 1.12597e-05
925 25 1.22388e-05
926 22 1.07701e-05
927 32 1.56656e-05
928 26 1.27283e-05
929 26 1.27283e-05
930 33 1.61552e-05
931 24 1.17492e-05
932 29 1.4197e-05
933 37 1.81134e-05
934 22 1.07701e-05
935 18 8.81191e-06
936 16 7.83281e-06
937 18 8.81191e-06
938 30 1.46865e-05
939 34 1.66447e-05
940 19 9.30146e-06
941 29 1.4197e-05
942 21 1.02806e-05
943 22 1.07701e-05
944 24 1.17492e-05
945 26 1.27283e-05
946 34 1.66447e-05
947 32 1.56656e-05
948 33 1.61552e-05
949 22 1.07701e-05
950 27 1.32179e-05
951 25 1.22388e-05
952 28 1.37074e-05
953 32 1.56656e-05
954 21 1.02806e-05
955 27 1.32179e-05
956 25 1.22388e-05
957 18 8.81191e-06
958 30 1.46865e-05
959 33 1.61552e-05
960 26 1.27283e-05
961 27 1.32179e-05
962 24 1.17492e-05
963 22 1.07701e-05
964 30 1.46865e-05
965 30 1.46865e-05
966 28 1.37074e-05
967 19 9.30146e-06
968 25 1.22388e-05
969 24 1.17492e-05
970 32 1.56656e-05
971 20 9.79102e-06
972 30 1.46865e-05
973 28 1.37074e-05
974 16 7.83281e-06
975 29 1.4197e-05
976 37 1.81134e-05
977 30 1.46865e-05
978 16 7.83281e-06
979 25 1.22388e-05
980 36 1.76238e-05
981 31 1.51761e-05
982 24 1.17492e-05
983 28 1.37074e-05
984 28 1.37074e-05
985 30 1.46865e-05
986 26 1.27283e-05
987 31 1.51761e-05
988 23 1.12597e-05
989 28 1.37074e-05
990 25 1.22388e-05
991 32 1.56656e-05
992 34 1.66447e-05
993 22 1.07701e-05
994 20 9.79102e-06
995 41 2.00716e-05
996 28 1.37074e-05
997 28 1.37074e-05
998 37 1.81134e-05
999 23 1.12597e-05
1000 26 1.27283e-05
1001 25 1.22388e-05
1002 31 1.51761e-05
1003 31 1.51761e-05
1004 28 1.37074e-05
1005 29 1.4197e-05
1006 32 1.56656e-05
1007 19 9.30146e-06
1008 25 1.22388e-05
1009 24 1.17492e-05
1010 31 1.51761e-05
1011 25 1.22388e-05
1012 24 1.17492e-05
1013 28 1.37074e-05
1014 22 1.07701e-05
1015 12 5.87461e-06
1016 21 1.02806e-05
1017 20 9.79102e-06
1018 24 1.17492e-05
1019 29 1.4197e-05
1020 30 1.46865e-05
1021 27 1.32179e-05
1022 30 1.46865e-05
1023 26 1.27283e-05
1024 29 1.4197e-05
1025 40 1.9582e-05
1026 18 8.81191e-06
1027 34 1.66447e-05
1028 32 1.56656e-05
1029 32 1.56656e-05
1030 38 1.86029e-05
1031 35 1.71343e-05
1032 24 1.17492e-05
1033 22 1.07701e-05
1034 26 1.27283e-05
1035 32 1.56656e-05
1036 19 9.30146e-06
1037 32 1.56656e-05
1038 27 1.32179e-05
1039 21 1.02806e-05
1040 25 1.22388e-05
1041 28 1.37074e-05
1042 22 1.07701e-05
1043 31 1.51761e-05
1044 22 1.07701e-05
1045 27 1.32179e-05
1046 18 8.81191e-06
1047 22 1.07701e-05
1048 37 1.81134e-05
1049 19 9.30146e-06
1050 25 1.22388e-05
1051 26 1.27283e-05
1052 28 1.37074e-05
1053 20 9.79102e-06
1054 21 1.02806e-05
1055 29 1.4197e-05
1056 30 1.46865e-05
1057 22 1.07701e-05
1058 27 1.32179e-05
1059 25 1.22388e-05
1060 29 1.4197e-05
1061 19 9.30146e-06
1062 34 1.66447e-05
1063 28 1.37074e-05
1064 19 9.30146e-06
1065 32 1.56656e-05
1066 20 9.79102e-06
1067 17 8.32236e-06
1068 21 1.02806e-05
1069 27 1.32179e-05
1070 27 1.32179e-05
1071 27 1.32179e-05
1072 24 1.17492e-05
1073 28 1.37074e-05
1074 31 1.51761e-05
1075 30 1.46865e-05
1076 16 7.83281e-06
1077 20 9.79102e-06
1078 31 1.51761e-05
1079 25 1.22388e-05
1080 21 1.02806e-05
1081 21 1.02806e-05
1082 18 8.81191e-06
1083 23 1.12597e-05
1084 21 1.02806e-05
1085 26 1.27283e-05
1086 34 1.66447e-05
1087 28 1.37074e-05
1088 25 1.22388e-05
1089 29 1.4197e-05
1090 28 1.37074e-05
1091 15 7.34326e-06
1092 29 1.4197e-05
1093 18 8.81191e-06
1094 31 1.51761e-05
1095 33 1.61552e-05
1096 19 9.30146e-06
1097 40 1.9582e-05
1098 17 8.32236e-06
1099 19 9.30146e-06
1100 25 1.22388e-05
1101 28 1.37074e-05
1102 19 9.30146e-06
1103 24 1.17492e-05
1104 17 8.32236e-06
1105 19 9.30146e-06
1106 20 9.79102e-06
1107 25 1.22388e-05
1108 20 9.79102e-06
1109 23 1.12597e-05
1110 27 1.32179e-05
1111 20 9.79102e-06
1112 30 1.46865e-05
1113 26 1.27283e-05
1114 22 1.07701e-05
1115 15 7.34326e-06
1116 24 1.17492e-05
1117 25 1.22388e-05
1118 23 1.12597e-05
1119 26 1.27283e-05
1120 19 9.30146e-06
1121 18 8.81191e-06
1122 24 1.17492e-05
1123 18 8.81191e-06
1124 17 8.32236e-06
1125 13 6.36416e-06
1126 24 1.17492e-05
1127 24 1.17492e-05
1128 22 1.07701e-05
1129 16 7.83281e-06
1130 19 9.30146e-06
1131 24 1.17492e-05
1132 21 1.02806e-05
1133 15 7.34326e-06
1134 17 8.32236e-06
1135 18 8.81191e-06
1136 17 8.32236e-06
1137 26 1.27283e-05
1138 22 1.07701e-05
1139 14 6.85371e-06
1140 16 7.83281e-06
1141 17 8.32236e-06
1142 20 9.79102e-06
1143 18 8.81191e-06
1144 16 7.83281e-06
1145 18 8.81191e-06
1146 23 1.12597e-05
1147 9 4.40596e-06
1148 19 9.30146e-06
1149 21 1.02806e-05
1150 15 7.34326e-06
1151 18 8.81191e-06
1152 14 6.85371e-06
1153 19 9.30146e-06
1154 21 1.02806e-05
1155 18 8.81191e-06
1156 19 9.30146e-06
1157 27 1.32179e-05
1158 15 7.34326e-06
1159 25 1.22388e-05
1160 17 8.32236e-06
1161 17 8.32236e-06
1162 19 9.30146e-06
1163 21 1.02806e-05
1164 20 9.79102e-06
1165 14 6.85371e-06
1166 17 8.32236e-06
1167 25 1.22388e-05
1168 13 6.36416e-06
1169 22 1.07701e-05
1170 19 9.30146e-06
1171 24 1.17492e-05
1172 21 1.02806e-05
1173 15 7.34326e-06
1174 31 1.51761e-05
1175 15 7.34326e-06
1176 24 1.17492e-05
1177 14 6.85371e-06
1178 18 8.81191e-06
1179 17 8.32236e-06
1180 16 7.83281e-06
1181 22 1.07701e-05
1182 13 6.36416e-06
1183 19 9.30146e-06
1184 18 8.81191e-06
1185 16 7.83281e-06
1186 19 9.30146e-06
1187 24 1.17492e-05
1188 23 1.12597e-05
1189 19 9.30146e-06
1190 17 8.32236e-06
1191 18 8.81191e-06
1192 12 5.87461e-06
1193 22 1.07701e-05
1194 12 5.87461e-06
1195 12 5.87461e-06
1196 14 6.85371e-06
1197 15 7.34326e-06
1198 21 1.02806e-05
1199 15 7.34326e-06
1200 31 1.51761e-05
1201 5 2.44775e-06
1202 16 7.83281e-06
1203 15 7.34326e-06
1204 13 6.36416e-06
1205 17 8.32236e-06
1206 16 7.83281e-06
1207 20 9.79102e-06
1208 23 1.12597e-05
1209 17 8.32236e-06
1210 10 4.89551e-06
1211 13 6.36416e-06
1212 15 7.34326e-06
1213 18 8.81191e-06
1214 15 7.34326e-06
1215 16 7.83281e-06
1216 21 1.02806e-05
1217 21 1.02806e-05
1218 14 6.85371e-06
1219 19 9.30146e-06
1220 12 5.87461e-06
1221 22 1.07701e-05
1222 14 6.85371e-06
1223 16 7.83281e-06
1224 19 9.30146e-06
1225 14 6.85371e-06
1226 16 7.83281e-06
1227 15 7.34326e-06
1228 16 7.83281e-06
1229 17 8.32236e-06
1230 16 7.83281e-06
1231 19 9.30146e-06
1232 12 5.87461e-06
1233 16 7.83281e-06
1234 17 8.32236e-06
1235 19 9.30146e-06
1236 16 7.83281e-06
1237 18 8.81191e-06
1238 18 8.81191e-06
1239 9 4.40596e-06
1240 20 9.79102e-06
1241 16 7.83281e-06
1242 23 1.12597e-05
1243 20 9.79102e-06
1244 22 1.07701e-05
1245 13 6.36416e-06
1246 10 4.89551e-06
1247 17 8.32236e-06
1248 24 1.17492e-05
1249 24 1.17492e-05
1250 23 1.12597e-05
1251 18 8.81191e-06
1252 22 1.07701e-05
1253 19 9.30146e-06
1254 16 7.83281e-06
1255 13 6.36416e-06
1256 18 8.81191e-06
1257 9 4.40596e-06
1258 17 8.32236e-06
1259 10 4.89551e-06
1260 25 1.22388e-05
1261 17 8.32236e-06
1262 20 9.79102e-06
1263 13 6.36416e-06
1264 14 6.85371e-06
1265 11 5.38506e-06
1266 14 6.85371e-06
1267 12 5.87461e-06
1268 14 6.85371e-06
1269 25 1.22388e-05
1270 19 9.30146e-06
1271 20 9.79102e-06
1272 23 1.12597e-05
1273 19 9.30146e-06
1274 19 9.30146e-06
1275 20 9.79102e-06
1276 15 7.34326e-06
1277 16 7.83281e-06
1278 27 1.32179e-05
1279 17 8.32236e-06
1280 27 1.32179e-05
1281 14 6.85371e-06
1282 25 1.22388e-05
1283 18 8.81191e-06
1284 19 9.30146e-06
1285 21 1.02806e-05
1286 21 1.02806e-05
1287 26 1.27283e-05
1288 16 7.83281e-06
1289 19 9.30146e-06
1290 23 1.12597e-05
1291 18 8.81191e-06
1292 22 1.07701e-05
1293 19 9.30146e-06
1294 22 1.07701e-05
1295 16 7.83281e-06
1296 21 1.02806e-05
1297 15 7.34326e-06
1298 19 9.30146e-06
1299 16 7.83281e-06
1300 13 6.36416e-06
1301 20 9.79102e-06
1302 15 7.34326e-06
1303 28 1.37074e-05
1304 13 6.36416e-06
1305 18 8.81191e-06
1306 16 7.83281e-06
1307 17 8.32236e-06
1308 23 1.12597e-05
1309 20 9.79102e-06
1310 26 1.27283e-05
1311 26 1.27283e-05
1312 26 1.27283e-05
1313 15 7.34326e-06
1314 22 1.07701e-05
1315 19 9.30146e-06
1316 21 1.02806e-05
1317 29 1.4197e-05
1318 25 1.22388e-05
1319 23 1.12597e-05
1320 20 9.79102e-06
1321 16 7.83281e-06
1322 15 7.34326e-06
1323 23 1.12597e-05
1324 15 7.34326e-06
1325 12 5.87461e-06
1326 13 6.36416e-06
1327 18 8.81191e-06
1328 21 1.02806e-05
1329 25 1.22388e-05
1330 25 1.22388e-05
1331 14 6.85371e-06
1332 14 6.85371e-06
1333 19 9.30146e-06
1334 30 1.46865e-05
1335 17 8.32236e-06
1336 22 1.07701e-05
1337 17 8.32236e-06
1338 18 8.81191e-06
1339 18 8.81191e-06
1340 17 8.32236e-06
1341 27 1.32179e-05
1342 18 8.81191e-06
1343 20 9.79102e-06
1344 24 1.17492e-05
1345 18 8.81191e-06
1346 17 8.32236e-06
1347 17 8.32236e-06
1348 17 8.32236e-06
1349 19 9.30146e-06
1350 21 1.02806e-05
1351 23 1.12597e-05
1352 18 8.81191e-06
1353 14 6.85371e-06
1354 18 8.81191e-06
1355 18 8.81191e-06
1356 17 8.32236e-06
1357 17 8.32236e-06
1358 18 8.81191e-06
1359 17 8.32236e-06
1360 20 9.79102e-06
1361 21 1.02806e-05
1362 16 7.83281e-06
1363 18 8.81191e-06
1364 13 6.36416e-06
1365 23 1.12597e-05
1366 17 8.32236e-06
1367 23 1.12597e-05
1368 23 1.12597e-05
1369 25 1.22388e-05
1370 19 9.30146e-06
1371 25 1.22388e-05
1372 23 1.12597e-05
1373 21 1.02806e-05
1374 19 9.30146e-06
1375 14 6.85371e-06
1376 19 9.30146e-06
1377 23 1.12597e-05
1378 21 1.02806e-05
1379 16 7.83281e-06
1380 25 1.22388e-05
1381 21 1.02806e-05
1382 27 1.32179e-05
1383 22 1.07701e-05
1384 24 1.17492e-05
1385 20 9.79102e-06
1386 22 1.07701e-05
1387 26 1.27283e-05
1388 22 1.07701e-05
1389 17 8.32236e-06
1390 21 1.02806e-05
1391 18 8.81191e-06
1392 21 1.02806e-05
1393 18 8.81191e-06
1394 16 7.83281e-06
1395 15 7.34326e-06
1396 21 1.02806e-05
1397 30 1.46865e-05
1398 19 9.30146e-06
1399 16 7.83281e-06
1400 22 1.07701e-05
1401 23 1.12597e-05
1402 20 9.79102e-06
1403 22 1.07701e-05
1404 12 5.87461e-06
1405 17 8.32236e-06
1406 16 7.83281e-06
1407 17 8.32236e-06
1408 20 9.79102e-06
1409 23 1.12597e-05
1410 17 8.32236e-06
1411 15 7.34326e-06
1412 15 7.34326e-06
1413 14 6.85371e-06
1414 16 7.83281e-06
1415 24 1.17492e-05
1416 15 7.34326e-06
1417 19 9.30146e-06
1418 24 1.17492e-05
1419 16 7.83281e-06
1420 16 7.83281e-06
1421 16 7.83281e-06
1422 20 9.79102e-06
1423 23 1.12597e-05
1424 21 1.02806e-05
1425 17 8.32236e-06
1426 18 8.81191e-06
1427 24 1.17492e-05
1428 23 1.12597e-05
1429 20 9.79102e-06
1430 19 9.30146e-06
1431 27 1.32179e-05
1432 24 1.17492e-05
1433 20 9.79102e-06
1434 20 9.79102e-06
1435 20 9.79102e-06
1436 27 1.32179e-05
1437 17 8.32236e-06
1438 28 1.37074e-05
1439 24 1.17492e-05
1440 33 1.61552e-05
1441 28 1.37074e-05
1442 32 1.56656e-05
1443 21 1.02806e-05
1444 25 1.22388e-05
1445 26 1.27283e-05
1446 26 1.27283e-05
1447 20 9.79102e-06
1448 30 1.46865e-05
1449 68 3.32895e-05
1450 71 3.47581e-05
1451 14 6.85371e-06
1452 10 4.89551e-06
1453 16 7.83281e-06
1454 16 7.83281e-06
1455 17 8.32236e-06
1456 14 6.85371e-06
1457 16 7.83281e-06
1458 14 6.85371e-06
1459 28 1.37074e-05
1460 16 7.83281e-06
1461 21 1.02806e-05
1462 17 8.32236e-06
1463 17 8.32236e-06
1464 13 6.36416e-06
1465 16 7.83281e-06
1466 12 5.87461e-06
1467 15 7.34326e-06
1468 14 6.85371e-06
1469 13 6.36416e-06
1470 11 5.38506e-06
1471 15 7.34326e-06
1472 9 4.40596e-06
1473 10 4.89551e-06
1474 12 5.87461e-06
1475 18 8.81191e-06
1476 7 3.42686e-06
1477 15 7.34326e-06
1478 15 7.34326e-06
1479 14 6.85371e-06
1480 6 2.9373e-06
1481 8 3.91641e-06
1482 9 4.40596e-06
1483 10 4.89551e-06
1484 12 5.87461e-06
1485 10 4.89551e-06
1486 11 5.38506e-06
1487 9 4.40596e-06
1488 10 4.89551e-06
1489 14 6.85371e-06
1490 8 3.91641e-06
1491 6 2.9373e-06
1492 11 5.38506e-06
1493 13 6.36416e-06
1494 7 3.42686e-06
1495 8 3.91641e-06
1496 9 4.40596e-06
1497 15 7.34326e-06
1498 13 6.36416e-06
1499 13 6.36416e-06
1500 7 3.42686e-06
1501 4 1.9582e-06
1502 10 4.89551e-06
1503 10 4.89551e-06
1504 5 2.44775e-06
1505 11 5.38506e-06
1506 6 2.9373e-06
1507 15 7.34326e-06
1508 9 4.40596e-06
1509 13 6.36416e-06
1510 14 6.85371e-06
1511 7 3.42686e-06
1512 14 6.85371e-06
1513 6 2.9373e-06
1514 9 4.40596e-06
1515 10 4.89551e-06
1516 2 9.79102e-07
1517 14 6.85371e-06
1518 9 4.40596e-06
1519 7 3.42686e-06
1520 7 3.42686e-06
1521 8 3.91641e-06
1522 7 3.42686e-06
1523 4 1.9582e-06
1524 9 4.40596e-06
1525 8 3.91641e-06
1526 10 4.89551e-06
1527 7 3.42686e-06
1528 10 4.89551e-06
1529 8 3.91641e-06
1530 11 5.38506e-06
1531 4 1.9582e-06
1532 8 3.91641e-06
1533 4 1.9582e-06
1534 10 4.89551e-06
1535 8 3.91641e-06
1536 7 3.42686e-06
1537 6 2.9373e-06
1538 6 2.9373e-06
1539 8 3.91641e-06
1540 9 4.40596e-06
1541 6 2.9373e-06
1542 11 5.38506e-06
1543 4 1.9582e-06
1544 7 3.42686e-06
1545 6 2.9373e-06
1546 4 1.9582e-06
1547 5 2.44775e-06
1548 6 2.9373e-06
1549 8 3.91641e-06
1550 6 2.9373e-06
1551 5 2.44775e-06
1552 3 1.46865e-06
1553 4 1.9582e-06
1554 9 4.40596e-06
1555 5 2.44775e-06
1556 5 2.44775e-06
1557 8 3.91641e-06
1558 4 1.9582e-06
1559 6 2.9373e-06
1560 7 3.42686e-06
1561 8 3.91641e-06
1562 9 4.40596e-06
1563 6 2.9373e-06
1564 10 4.89551e-06
1565 3 1.46865e-06
1566 6 2.9373e-06
1567 5 2.44775e-06
1568 1 4.89551e-07
1569 6 2.9373e-06
1570 4 1.9582e-06
1571 4 1.9582e-06
1572 3 1.46865e-06
1573 10 4.89551e-06
1574 11 5.38506e-06
1575 6 2.9373e-06
1576 9 4.40596e-06
1577 6 2.9373e-06
1578 8 3.91641e-06
1579 8 3.91641e-06
1580 2 9.79102e-07
1581 8 3.91641e-06
1582 5 2.44775e-06
1583 3 1.46865e-06
1584 5 2.44775e-06
1585 8 3.91641e-06
1586 9 4.40596e-06
1587 9 4.40596e-06
1588 10 4.89551e-06
1589 3 1.46865e-06
1590 4 1.9582e-06
1591 4 1.9582e-06
1592 4 1.9582e-06
1593 10 4.89551e-06
1594 6 2.9373e-06
1595 5 2.44775e-06
1596 6 2.9373e-06
1597 4 1.9582e-06
1598 4 1.9582e-06
1599 5 2.44775e-06
1600 3 1.46865e-06
1601 5 2.44775e-06
1602 6 2.9373e-06
1603 7 3.42686e-06
1604 10 4.89551e-06
1605 5 2.44775e-06
1606 1 4.89551e-07
1607 2 9.79102e-07
1608 6 2.9373e-06
1609 6 2.9373e-06
1610 4 1.9582e-06
1611 5 2.44775e-06
1612 7 3.42686e-06
1613 3 1.46865e-06
1614 6 2.9373e-06
1615 6 2.9373e-06
1616 10 4.89551e-06
1617 1 4.89551e-07
1618 3 1.46865e-06
1619 9 4.40596e-06
1620 3 1.46865e-06
1621 5 2.44775e-06
1622 4 1.9582e-06
1623 4 1.9582e-06
1624 7 3.42686e-06
1625 5 2.44775e-06
1626 6 2.9373e-06
1627 3 1.46865e-06
1628 2 9.79102e-07
1630 1 4.89551e-07
1631 6 2.9373e-06
1632 6 2.9373e-06
1633 1 4.89551e-07
1634 6 2.9373e-06
1635 6 2.9373e-06
1636 6 2.9373e-06
1637 7 3.42686e-06
1638 5 2.44775e-06
1639 1 4.89551e-07
1640 1 4.89551e-07
1641 1 4.89551e-07
1642 6 2.9373e-06
1643 7 3.42686e-06
1644 4 1.9582e-06
1645 6 2.9373e-06
1646 5 2.44775e-06
1647 2 9.79102e-07
1648 2 9.79102e-07
1649 10 4.89551e-06
1651 2 9.79102e-07
1652 2 9.79102e-07
1653 10 4.89551e-06
1654 7 3.42686e-06
1655 3 1.46865e-06
1656 3 1.46865e-06
1657 2 9.79102e-07
1658 7 3.42686e-06
1659 6 2.9373e-06
1660 3 1.46865e-06
1661 1 4.89551e-07
1662 7 3.42686e-06
1663 4 1.9582e-06
1664 1 4.89551e-07
1665 4 1.9582e-06
1666 9 4.40596e-06
1667 5 2.44775e-06
1668 4 1.9582e-06
1669 7 3.42686e-06
1670 2 9.79102e-07
1671 10 4.89551e-06
1672 4 1.9582e-06
1673 8 3.91641e-06
1674 5 2.44775e-06
1675 5 2.44775e-06
1676 5 2.44775e-06
1677 3 1.46865e-06
1678 4 1.9582e-06
1679 1 4.89551e-07
1680 3 1.46865e-06
1681 2 9.79102e-07
1682 8 3.91641e-06
1683 4 1.9582e-06
1684 2 9.79102e-07
1685 4 1.9582e-06
1686 7 3.42686e-06
1687 1 4.89551e-07
1688 8 3.91641e-06
1689 1 4.89551e-07
1690 4 1.9582e-06
1691 6 2.9373e-06
1693 2 9.79102e-07
1694 3 1.46865e-06
1695 1 4.89551e-07
1696 4 1.9582e-06
1697 5 2.44775e-06
1698 2 9.79102e-07
1699 7 3.42686e-06
1700 2 9.79102e-07
1701 8 3.91641e-06
1702 4 1.9582e-06
1703 4 1.9582e-06
1704 8 3.91641e-06
1705 6 2.9373e-06
1706 5 2.44775e-06
1707 4 1.9582e-06
1708 5 2.44775e-06
1709 5 2.44775e-06
1710 2 9.79102e-07
1711 4 1.9582e-06
1712 2 9.79102e-07
1713 4 1.9582e-06
1714 3 1.46865e-06
1715 7 3.42686e-06
1716 4 1.9582e-06
1717 4 1.9582e-06
1718 6 2.9373e-06
1719 11 5.38506e-06
1720 8 3.91641e-06
1721 4 1.9582e-06
1722 5 2.44775e-06
1723 1 4.89551e-07
1725 4 1.9582e-06
1726 5 2.44775e-06
1727 4 1.9582e-06
1728 3 1.46865e-06
1729 8 3.91641e-06
1730 2 9.79102e-07
1731 2 9.79102e-07
1732 2 9.79102e-07
1733 6 2.9373e-06
1734 3 1.46865e-06
1735 3 1.46865e-06
1736 8 3.91641e-06
1737 5 2.44775e-06
1738 4 1.9582e-06
1739 3 1.46865e-06
1740 5 2.44775e-06
1741 2 9.79102e-07
1742 2 9.79102e-07
1743 2 9.79102e-07
1744 6 2.9373e-06
1745 2 9.79102e-07
1746 3 1.46865e-06
1747 1 4.89551e-07
1748 2 9.79102e-07
1749 3 1.46865e-06
1750 5 2.44775e-06
1751 4 1.9582e-06
1752 4 1.9582e-06
1753 4 1.9582e-06
1754 4 1.9582e-06
1755 3 1.46865e-06
1756 5 2.44775e-06
1757 1 4.89551e-07
1758 4 1.9582e-06
1759 7 3.42686e-06
1760 4 1.9582e-06
1761 2 9.79102e-07
1762 5 2.44775e-06
1763 5 2.44775e-06
1764 6 2.9373e-06
1765 6 2.9373e-06
1766 3 1.46865e-06
1767 1 4.89551e-07
1768 5 2.44775e-06
1769 3 1.46865e-06
1770 6 2.9373e-06
1771 4 1.9582e-06
1772 1 4.89551e-07
1773 3 1.46865e-06
1774 3 1.46865e-06
1775 3 1.46865e-06
1776 3 1.46865e-06
1777 2 9.79102e-07
1778 3 1.46865e-06
1779 3 1.46865e-06
1780 3 1.46865e-06
1781 8 3.91641e-06
1782 3 1.46865e-06
1783 5 2.44775e-06
1784 2 9.79102e-07
1785 5 2.44775e-06
1786 3 1.46865e-06
1787 1 4.89551e-07
1788 4 1.9582e-06
1789 7 3.42686e-06
1790 5 2.44775e-06
1791 3 1.46865e-06
1792 2 9.79102e-07
1793 6 2.9373e-06
1794 6 2.9373e-06
1795 5 2.44775e-06
1796 6 2.9373e-06
1797 4 1.9582e-06
1798 2 9.79102e-07
1799 5 2.44775e-06
1800 3 1.46865e-06
1801 5 2.44775e-06
1802 4 1.9582e-06
1803 3 1.46865e-06
1804 4 1.9582e-06
1805 6 2.9373e-06
1806 5 2.44775e-06
1807 1 4.89551e-07
1808 3 1.46865e-06
1809 3 1.46865e-06
1810 5 2.44775e-06
1811 4 1.9582e-06
1812 2 9.79102e-07
1813 4 1.9582e-06
1814 3 1.46865e-06
1815 2 9.79102e-07
1817 1 4.89551e-07
1818 4 1.9582e-06
1819 2 9.79102e-07
1820 3 1.46865e-06
1821 1 4.89551e-07
1822 1 4.89551e-07
1823 2 9.79102e-07
1824 7 3.42686e-06
1825 3 1.46865e-06
1826 6 2.9373e-06
1827 3 1.46865e-06
1828 3 1.46865e-06
1829 3 1.46865e-06
1830 5 2.44775e-06
1831 5 2.44775e-06
1832 3 1.46865e-06
1833 3 1.46865e-06
1834 6 2.9373e-06
1835 2 9.79102e-07
1836 3 1.46865e-06
1837 2 9.79102e-07
1838 1 4.89551e-07
1839 3 1.46865e-06
1840 2 9.79102e-07
1841 5 2.44775e-06
1842 6 2.9373e-06
1843 4 1.9582e-06
1844 2 9.79102e-07
1845 3 1.46865e-06
1846 4 1.9582e-06
1847 3 1.46865e-06
1848 5 2.44775e-06
1849 3 1.46865e-06
1850 5 2.44775e-06
1851 4 1.9582e-06
1852 3 1.46865e-06
1853 3 1.46865e-06
1854 3 1.46865e-06
1855 2 9.79102e-07
1856 2 9.79102e-07
1857 5 2.44775e-06
1858 2 9.79102e-07
1859 5 2.44775e-06
1860 5 2.44775e-06
1861 1 4.89551e-07
1862 3 1.46865e-06
1863 3 1.46865e-06
1864 2 9.79102e-07
1865 3 1.46865e-06
1866 1 4.89551e-07
1867 1 4.89551e-07
1868 4 1.9582e-06
1869 4 1.9582e-06
1870 5 2.44775e-06
1871 3 1.46865e-06
1872 7 3.42686e-06
1874 4 1.9582e-06
1875 2 9.79102e-07
1876 3 1.46865e-06
1877 2 9.79102e-07
1878 2 9.79102e-07
1879 8 3.91641e-06
1880 1 4.89551e-07
1881 1 4.89551e-07
1882 2 9.79102e-07
1883 4 1.9582e-06
1884 4 1.9582e-06
1885 3 1.46865e-06
1886 2 9.79102e-07
1887 4 1.9582e-06
1888 4 1.9582e-06
1889 5 2.44775e-06
1890 4 1.9582e-06
1891 2 9.79102e-07
1892 3 1.46865e-06
1893 2 9.79102e-07
1894 2 9.79102e-07
1896 1 4.89551e-07
1897 6 2.9373e-06
1898 4 1.9582e-06
1899 5 2.44775e-06
1900 6 2.9373e-06
1901 3 1.46865e-06
1902 2 9.79102e-07
1903 2 9.79102e-07
1904 5 2.44775e-06
1905 5 2.44775e-06
1906 6 2.9373e-06
1907 4 1.9582e-06
1908 5 2.44775e-06
1909 3 1.46865e-06
1911 4 1.9582e-06
1912 3 1.46865e-06
1913 5 2.44775e-06
1914 3 1.46865e-06
1915 5 2.44775e-06
1916 4 1.9582e-06
1917 2 9.79102e-07
1918 3 1.46865e-06
1919 3 1.46865e-06
1920 2 9.79102e-07
1921 2 9.79102e-07
1922 2 9.79102e-07
1923 2 9.79102e-07
1924 9 4.40596e-06
1925 1 4.89551e-07
1926 3 1.46865e-06
1927 1 4.89551e-07
1928 3 1.46865e-06
1929 1 4.89551e-07
1930 4 1.9582e-06
1931 3 1.46865e-06
1932 2 9.79102e-07
1933 2 9.79102e-07
1934 5 2.44775e-06
1935 4 1.9582e-06
1936 2 9.79102e-07
1937 4 1.9582e-06
1938 2 9.79102e-07
1939 5 2.44775e-06
1940 5 2.44775e-06
1941 2 9.79102e-07
1942 2 9.79102e-07
1943 4 1.9582e-06
1944 3 1.46865e-06
1945 2 9.79102e-07
1946 2 9.79102e-07
1947 2 9.79102e-07
1948 2 9.79102e-07
1949 9 4.40596e-06
1950 1 4.89551e-07
1951 3 1.46865e-06
1952 4 1.9582e-06
1953 1 4.89551e-07
1954 2 9.79102e-07
1955 4 1.9582e-06
1956 6 2.9373e-06
1958 4 1.9582e-06
1959 5 2.44775e-06
1960 5 2.44775e-06
1961 2 9.79102e-07
1962 1 4.89551e-07
1963 2 9.79102e-07
1964 1 4.89551e-07
1965 1 4.89551e-07
1966 4 1.9582e-06
1967 4 1.9582e-06
1968 5 2.44775e-06
1971 5 2.44775e-06
1972 3 1.46865e-06
1973 4 1.9582e-06
1974 5 2.44775e-06
1975 3 1.46865e-06
1976 4 1.9582e-06
1977 6 2.9373e-06
1978 2 9.79102e-07
1979 3 1.46865e-06
1980 4 1.9582e-06
1981 4 1.9582e-06
1982 3 1.46865e-06
1983 2 9.79102e-07
1984 3 1.46865e-06
1985 1 4.89551e-07
1986 1 4.89551e-07
1987 4 1.9582e-06
1988 1 4.89551e-07
1989 1 4.89551e-07
1990 2 9.79102e-07
1991 4 1.9582e-06
1992 4 1.9582e-06
1993 2 9.79102e-07
1994 4 1.9582e-06
1995 3 1.46865e-06
1996 4 1.9582e-06
1997 4 1.9582e-06
1998 4 1.9582e-06
1999 3 1.46865e-06
2000 4 1.9582e-06
2001 3 1.46865e-06
2002 4 1.9582e-06
2003 5 2.44775e-06
2004 3 1.46865e-06
2006 3 1.46865e-06
2007 1 4.89551e-07
2008 1 4.89551e-07
2009 2 9.79102e-07
2010 4 1.9582e-06
2011 2 9.79102e-07
2012 1 4.89551e-07
2013 4 1.9582e-06
2014 3 1.46865e-06
2015 3 1.46865e-06
2016 1 4.89551e-07
2017 1 4.89551e-07
2018 2 9.79102e-07
2019 1 4.89551e-07
2020 2 9.79102e-07
2021 4 1.9582e-06
2022 2 9.79102e-07
2023 2 9.79102e-07
2024 2 9.79102e-07
2025 5 2.44775e-06
2026 4 1.9582e-06
2027 1 4.89551e-07
2028 2 9.79102e-07
2029 6 2.9373e-06
2030 3 1.46865e-06
2031 2 9.79102e-07
2032 4 1.9582e-06
2033 5 2.44775e-06
2035 5 2.44775e-06
2036 2 9.79102e-07
2037 2 9.79102e-07
2038 3 1.46865e-06
2039 5 2.44775e-06
2040 2 9.79102e-07
2041 2 9.79102e-07
2042 2 9.79102e-07
2043 2 9.79102e-07
2044 6 2.9373e-06
2045 4 1.9582e-06
2046 2 9.79102e-07
2047 6 2.9373e-06
2048 3 1.46865e-06
2049 2 9.79102e-07
2050 4 1.9582e-06
2051 2 9.79102e-07
2052 5 2.44775e-06
2053 5 2.44775e-06
2054 2 9.79102e-07
2055 2 9.79102e-07
2056 4 1.9582e-06
2057 5 2.44775e-06
2058 3 1.46865e-06
2059 2 9.79102e-07
2060 3 1.46865e-06
2061 2 9.79102e-07
2062 2 9.79102e-07
2063 3 1.46865e-06
2064 1 4.89551e-07
2065 3 1.46865e-06
2066 3 1.46865e-06
2067 3 1.46865e-06
2069 3 1.46865e-06
2070 4 1.9582e-06
2071 4 1.9582e-06
2072 2 9.79102e-07
2073 5 2.44775e-06
2075 2 9.79102e-07
2076 3 1.46865e-06
2077 4 1.9582e-06
2078 3 1.46865e-06
2079 4 1.9582e-06
2080 2 9.79102e-07
2081 4 1.9582e-06
2083 1 4.89551e-07
2085 6 2.9373e-06
2086 4 1.9582e-06
2087 2 9.79102e-07
2088 2 9.79102e-07
2090 2 9.79102e-07
2091 3 1.46865e-06
2092 3 1.46865e-06
2093 2 9.79102e-07
2094 1 4.89551e-07
2095 1 4.89551e-07
2096 2 9.79102e-07
2097 5 2.44775e-06
2098 1 4.89551e-07
2099 1 4.89551e-07
2100 1 4.89551e-07
2102 4 1.9582e-06
2103 3 1.46865e-06
2104 3 1.46865e-06
2105 5 2.44775e-06
2106 3 1.46865e-06
2107 2 9.79102e-07
2108 1 4.89551e-07
2109 2 9.79102e-07
2110 2 9.79102e-07
2111 1 4.89551e-07
2112 2 9.79102e-07
2113 3 1.46865e-06
2114 3 1.46865e-06
2115 1 4.89551e-07
2116 3 1.46865e-06
2117 2 9.79102e-07
2119 3 1.46865e-06
2120 4 1.9582e-06
2121 3 1.46865e-06
2122 3 1.46865e-06
2123 3 1.46865e-06
2124 5 2.44775e-06
2125 4 1.9582e-06
2126 1 4.89551e-07
2127 2 9.79102e-07
2128 2 9.79102e-07
2129 2 9.79102e-07
2130 2 9.79102e-07
2132 1 4.89551e-07
2133 2 9.79102e-07
2134 4 1.9582e-06
2135 2 9.79102e-07
2137 2 9.79102e-07
2138 3 1.46865e-06
2139 4 1.9582e-06
2140 3 1.46865e-06
2141 2 9.79102e-07
2142 2 9.79102e-07
2143 2 9.79102e-07
2144 4 1.9582e-06
2145 3 1.46865e-06
2146 4 1.9582e-06
2147 7 3.42686e-06
2148 1 4.89551e-07
2150 4 1.9582e-06
2151 1 4.89551e-07
2152 2 9.79102e-07
2153 2 9.79102e-07
2154 3 1.46865e-06
2155 2 9.79102e-07
2157 5 2.44775e-06
2158 3 1.46865e-06
2159 4 1.9582e-06
2160 1 4.89551e-07
2161 6 2.9373e-06
2162 1 4.89551e-07
2163 3 1.46865e-06
2164 2 9.79102e-07
2165 3 1.46865e-06
2166 2 9.79102e-07
2167 2 9.79102e-07
2168 2 9.79102e-07
2169 4 1.9582e-06
2170 1 4.89551e-07
2171 5 2.44775e-06
2172 1 4.89551e-07
2173 5 2.44775e-06
2174 4 1.9582e-06
2175 2 9.79102e-07
2177 2 9.79102e-07
2178 5 2.44775e-06
2179 3 1.46865e-06
2180 3 1.46865e-06
2181 3 1.46865e-06
2182 3 1.46865e-06
2183 2 9.79102e-07
2184 3 1.46865e-06
2185 5 2.44775e-06
2186 3 1.46865e-06
2187 5 2.44775e-06
2188 1 4.89551e-07
2189 1 4.89551e-07
2190 2 9.79102e-07
2191 2 9.79102e-07
2192 1 4.89551e-07
2193 1 4.89551e-07
2194 3 1.46865e-06
2197 1 4.89551e-07
2198 1 4.89551e-07
2199 2 9.79102e-07
2200 3 1.46865e-06
2201 4 1.9582e-06
2202 1 4.89551e-07
2203 2 9.79102e-07
2204 5 2.44775e-06
2207 2 9.79102e-07
2208 3 1.46865e-06
2209 4 1.9582e-06
2210 1 4.89551e-07
2211 3 1.46865e-06
2212 3 1.46865e-06
2213 2 9.79102e-07
2214 2 9.79102e-07
2215 4 1.9582e-06
2216 2 9.79102e-07
2217 4 1.9582e-06
2218 4 1.9582e-06
2221 2 9.79102e-07
2222 2 9.79102e-07
2223 2 9.79102e-07
2225 2 9.79102e-07
2226 1 4.89551e-07
2227 5 2.44775e-06
2228 3 1.46865e-06
2229 1 4.89551e-07
2230 4 1.9582e-06
2232 2 9.79102e-07
2233 3 1.46865e-06
2234 2 9.79102e-07
2236 1 4.89551e-07
2237 1 4.89551e-07
2239 3 1.46865e-06
2240 3 1.46865e-06
2241 4 1.9582e-06
2242 2 9.79102e-07
2243 2 9.79102e-07
2244 1 4.89551e-07
2245 2 9.79102e-07
2246 2 9.79102e-07
2247 1 4.89551e-07
2248 4 1.9582e-06
2249 3 1.46865e-06
2250 1 4.89551e-07
2251 3 1.46865e-06
2252 1 4.89551e-07
2253 3 1.46865e-06
2254 1 4.89551e-07
2255 1 4.89551e-07
2256 4 1.9582e-06
2257 3 1.46865e-06
2258 4 1.9582e-06
2260 1 4.89551e-07
2261 1 4.89551e-07
2262 1 4.89551e-07
2263 3 1.46865e-06
2264 2 9.79102e-07
2265 2 9.79102e-07
2266 1 4.89551e-07
2267 2 9.79102e-07
2268 3 1.46865e-06
2269 3 1.46865e-06
2270 2 9.79102e-07
2271 4 1.9582e-06
2272 2 9.79102e-07
2273 3 1.46865e-06
2274 2 9.79102e-07
2275 1 4.89551e-07
2276 2 9.79102e-07
2277 1 4.89551e-07
2278 3 1.46865e-06
2279 1 4.89551e-07
2280 2 9.79102e-07
2281 4 1.9582e-06
2282 4 1.9582e-06
2283 1 4.89551e-07
2285 1 4.89551e-07
2286 2 9.79102e-07
2287 1 4.89551e-07
2288 1 4.89551e-07
2289 1 4.89551e-07
2290 3 1.46865e-06
2291 2 9.79102e-07
2292 2 9.79102e-07
2294 1 4.89551e-07
2296 5 2.44775e-06
2297 1 4.89551e-07
2298 1 4.89551e-07
2299 4 1.9582e-06
2300 1 4.89551e-07
2301 1 4.89551e-07
2302 2 9.79102e-07
2303 3 1.46865e-06
2304 4 1.9582e-06
2305 5 2.44775e-06
2306 4 1.9582e-06
2307 3 1.46865e-06
2308 4 1.9582e-06
2309 2 9.79102e-07
2310 3 1.46865e-06
2311 1 4.89551e-07
2312 1 4.89551e-07
2313 3 1.46865e-06
2314 2 9.79102e-07
2315 4 1.9582e-06
2316 1 4.89551e-07
2317 1 4.89551e-07
2319 2 9.79102e-07
2320 1 4.89551e-07
2321 1 4.89551e-07
2323 3 1.46865e-06
2325 2 9.79102e-07
2326 3 1.46865e-06
2327 3 1.46865e-06
2328 5 2.44775e-06
2329 3 1.46865e-06
2331 1 4.89551e-07
2333 4 1.9582e-06
2334 3 1.46865e-06
2335 3 1.46865e-06
2336 3 1.46865e-06
2337 3 1.46865e-06
2338 4 1.9582e-06
2340 2 9.79102e-07
2341 3 1.46865e-06
2342 5 2.44775e-06
2343 3 1.46865e-06
2344 2 9.79102e-07
2345 1 4.89551e-07
2346 4 1.9582e-06
2347 3 1.46865e-06
2348 1 4.89551e-07
2349 1 4.89551e-07
2350 2 9.79102e-07
2352 3 1.46865e-06
2353 3 1.46865e-06
2354 2 9.79102e-07
2355 2 9.79102e-07
2356 1 4.89551e-07
2357 2 9.79102e-07
2358 1 4.89551e-07
2359 4 1.9582e-06
2360 3 1.46865e-06
2362 1 4.89551e-07
2363 4 1.9582e-06
2365 4 1.9582e-06
2366 1 4.89551e-07
2367 2 9.79102e-07
2368 1 4.89551e-07
2369 1 4.89551e-07
2371 5 2.44775e-06
2372 5 2.44775e-06
2373 4 1.9582e-06
2374 1 4.89551e-07
2375 2 9.79102e-07
2376 3 1.46865e-06
2377 1 4.89551e-07
2378 1 4.89551e-07
2379 5 2.44775e-06
2380 2 9.79102e-07
2381 4 1.9582e-06
2382 4 1.9582e-06
2383 3 1.46865e-06
2385 2 9.79102e-07
2386 1 4.89551e-07
2387 2 9.79102e-07
2388 2 9.79102e-07
2389 2 9.79102e-07
2390 3 1.46865e-06
2391 3 1.46865e-06
2392 2 9.79102e-07
2393 2 9.79102e-07
2394 1 4.89551e-07
2395 1 4.89551e-07
2396 5 2.44775e-06
2397 1 4.89551e-07
2398 1 4.89551e-07
2399 2 9.79102e-07
2400 3 1.46865e-06
2401 2 9.79102e-07
2402 1 4.89551e-07
2403 2 9.79102e-07
2404 3 1.46865e-06
2405 1 4.89551e-07
2406 5 2.44775e-06
2407 1 4.89551e-07
2408 3 1.46865e-06
2409 4 1.9582e-06
2410 2 9.79102e-07
2411 2 9.79102e-07
2412 8 3.91641e-06
2413 6 2.9373e-06
2414 2 9.79102e-07
2415 3 1.46865e-06
2416 5 2.44775e-06
2417 3 1.46865e-06
2418 1 4.89551e-07
2419 2 9.79102e-07
2421 1 4.89551e-07
2422 2 9.79102e-07
2423 3 1.46865e-06
2425 1 4.89551e-07
2426 2 9.79102e-07
2427 5 2.44775e-06
2428 2 9.79102e-07
2429 1 4.89551e-07
2430 2 9.79102e-07
2431 3 1.46865e-06
2432 1 4.89551e-07
2433 3 1.46865e-06
2434 2 9.79102e-07
2435 3 1.46865e-06
2436 1 4.89551e-07
2437 4 1.9582e-06
2438 4 1.9582e-06
2439 4 1.9582e-06
2440 1 4.89551e-07
2441 1 4.89551e-07
2442 1 4.89551e-07
2443 4 1.9582e-06
2444 1 4.89551e-07
2445 1 4.89551e-07
2446 1 4.89551e-07
2447 1 4.89551e-07
2448 1 4.89551e-07
2449 2 9.79102e-07
2450 1 4.89551e-07
2451 2 9.79102e-07
2452 4 1.9582e-06
2453 4 1.9582e-06
2454 3 1.46865e-06
2455 4 1.9582e-06
2456 3 1.46865e-06
2457 3 1.46865e-06
2458 5 2.44775e-06
2459 4 1.9582e-06
2460 1 4.89551e-07
2461 2 9.79102e-07
2462 3 1.46865e-06
2463 3 1.46865e-06
2464 2 9.79102e-07
2465 4 1.9582e-06
2466 1 4.89551e-07
2467 4 1.9582e-06
2468 4 1.9582e-06
2469 4 1.9582e-06
2470 1 4.89551e-07
2472 4 1.9582e-06
2473 1 4.89551e-07
2475 1 4.89551e-07
2476 1 4.89551e-07
2477 3 1.46865e-06
2478 1 4.89551e-07
2479 2 9.79102e-07
2480 4 1.9582e-06
2481 5 2.44775e-06
2482 1 4.89551e-07
2483 5 2.44775e-06
2484 3 1.46865e-06
2485 3 1.46865e-06
2486 1 4.89551e-07
2487 3 1.46865e-06
2488 2 9.79102e-07
2489 2 9.79102e-07
2490 5 2.44775e-06
2491 3 1.46865e-06
2492 3 1.46865e-06
2494 1 4.89551e-07
2495 2 9.79102e-07
2496 1 4.89551e-07
2497 2 9.79102e-07
2498 1 4.89551e-07
2499 3 1.46865e-06
2501 3 1.46865e-06
2502 1 4.89551e-07
2503 4 1.9582e-06
2504 4 1.9582e-06
2505 2 9.79102e-07
2506 4 1.9582e-06
2507 2 9.79102e-07
2509 1 4.89551e-07
2510 1 4.89551e-07
2511 6 2.9373e-06
2512 1 4.89551e-07
2513 3 1.46865e-06
2514 3 1.46865e-06
2515 1 4.89551e-07
2517 2 9.79102e-07
2519 4 1.9582e-06
2520 2 9.79102e-07
2521 3 1.46865e-06
2522 6 2.9373e-06
2523 3 1.46865e-06
2524 1 4.89551e-07
2525 2 9.79102e-07
2526 2 9.79102e-07
2527 2 9.79102e-07
2528 5 2.44775e-06
2529 2 9.79102e-07
2530 1 4.89551e-07
2531 1 4.89551e-07
2532 1 4.89551e-07
2533 3 1.46865e-06
2534 4 1.9582e-06
2535 1 4.89551e-07
2536 2 9.79102e-07
2537 3 1.46865e-06
2538 1 4.89551e-07
2539 3 1.46865e-06
2540 2 9.79102e-07
2541 2 9.79102e-07
2542 3 1.46865e-06
2543 2 9.79102e-07
2544 3 1.46865e-06
2545 3 1.46865e-06
2546 2 9.79102e-07
2547 3 1.46865e-06
2548 1 4.89551e-07
2549 7 3.42686e-06
2550 2 9.79102e-07
2551 1 4.89551e-07
2552 4 1.9582e-06
2553 4 1.9582e-06
2554 5 2.44775e-06
2555 5 2.44775e-06
2556 1 4.89551e-07
2557 4 1.9582e-06
2558 6 2.9373e-06
2559 1 4.89551e-07
2561 4 1.9582e-06
2562 4 1.9582e-06
2563 2 9.79102e-07
2564 3 1.46865e-06
2565 1 4.89551e-07
2567 1 4.89551e-07
2571 1 4.89551e-07
2572 2 9.79102e-07
2573 3 1.46865e-06
2574 1 4.89551e-07
2575 2 9.79102e-07
2577 3 1.46865e-06
2578 2 9.79102e-07
2579 2 9.79102e-07
2580 2 9.79102e-07
2582 1 4.89551e-07
2584 1 4.89551e-07
2585 4 1.9582e-06
2586 4 1.9582e-06
2587 1 4.89551e-07
2588 1 4.89551e-07
2589 1 4.89551e-07
2590 1 4.89551e-07
2591 4 1.9582e-06
2592 3 1.46865e-06
2593 1 4.89551e-07
2594 2 9.79102e-07
2595 1 4.89551e-07
2596 1 4.89551e-07
2597 3 1.46865e-06
2599 4 1.9582e-06
2602 1 4.89551e-07
2603 3 1.46865e-06
2604 1 4.89551e-07
2605 5 2.44775e-06
2606 3 1.46865e-06
2607 1 4.89551e-07
2608 6 2.9373e-06
2609 1 4.89551e-07
2610 5 2.44775e-06
2612 2 9.79102e-07
2613 4 1.9582e-06
2615 2 9.79102e-07
2616 2 9.79102e-07
2617 2 9.79102e-07
2618 2 9.79102e-07
2619 1 4.89551e-07
2620 1 4.89551e-07
2621 5 2.44775e-06
2623 2 9.79102e-07
2624 1 4.89551e-07
2625 2 9.79102e-07
2626 2 9.79102e-07
2627 1 4.89551e-07
2628 3 1.46865e-06
2629 2 9.79102e-07
2631 3 1.46865e-06
2632 4 1.9582e-06
2633 3 1.46865e-06
2634 6 2.9373e-06
2635 1 4.89551e-07
2636 2 9.79102e-07
2639 1 4.89551e-07
2640 3 1.46865e-06
2641 3 1.46865e-06
2642 1 4.89551e-07
2643 2 9.79102e-07
2644 1 4.89551e-07
2645 1 4.89551e-07
2646 1 4.89551e-07
2647 1 4.89551e-07
2648 1 4.89551e-07
2649 8 3.91641e-06
2650 5 2.44775e-06
2651 2 9.79102e-07
2652 2 9.79102e-07
2653 2 9.79102e-07
2654 4 1.9582e-06
2655 4 1.9582e-06
2656 2 9.79102e-07
2657 1 4.89551e-07
2658 2 9.79102e-07
2659 1 4.89551e-07
2660 1 4.89551e-07
2661 2 9.79102e-07
2662 2 9.79102e-07
2663 1 4.89551e-07
2664 3 1.46865e-06
2666 4 1.9582e-06
2667 2 9.79102e-07
2668 2 9.79102e-07
2669 4 1.9582e-06
2670 2 9.79102e-07
2671 2 9.79102e-07
2673 1 4.89551e-07
2674 2 9.79102e-07
2676 5 2.44775e-06
2677 2 9.79102e-07
2678 2 9.79102e-07
2679 4 1.9582e-06
2680 1 4.89551e-07
2681 5 2.44775e-06
2682 2 9.79102e-07
2683 1 4.89551e-07
2684 3 1.46865e-06
2685 1 4.89551e-07
2687 1 4.89551e-07
2688 4 1.9582e-06
2689 1 4.89551e-07
2691 5 2.44775e-06
2692 3 1.46865e-06
2693 1 4.89551e-07
2694 2 9.79102e-07
2696 2 9.79102e-07
2697 2 9.79102e-07
2699 2 9.79102e-07
2702 5 2.44775e-06
2703 1 4.89551e-07
2704 4 1.9582e-06
2705 3 1.46865e-06
2707 7 3.42686e-06
2708 2 9.79102e-07
2709 4 1.9582e-06
2710 1 4.89551e-07
2711 3 1.46865e-06
2712 1 4.89551e-07
2713 3 1.46865e-06
2714 3 1.46865e-06
2715 1 4.89551e-07
2716 4 1.9582e-06
2718 1 4.89551e-07
2720 5 2.44775e-06
2721 4 1.9582e-06
2722 7 3.42686e-06
2723 4 1.9582e-06
2724 5 2.44775e-06
2725 3 1.46865e-06
2726 3 1.46865e-06
2728 1 4.89551e-07
2729 2 9.79102e-07
2730 2 9.79102e-07
2731 2 9.79102e-07
2732 1 4.89551e-07
2734 4 1.9582e-06
2735 5 2.44775e-06
2736 4 1.9582e-06
2738 4 1.9582e-06
2739 3 1.46865e-06
2740 2 9.79102e-07
2741 3 1.46865e-06
2742 1 4.89551e-07
2743 5 2.44775e-06
2744 4 1.9582e-06
2745 3 1.46865e-06
2746 2 9.79102e-07
2747 2 9.79102e-07
2748 2 9.79102e-07
2749 4 1.9582e-06
2750 2 9.79102e-07
2751 1 4.89551e-07
2752 3 1.46865e-06
2753 1 4.89551e-07
2755 5 2.44775e-06
2756 3 1.46865e-06
2757 4 1.9582e-06
2758 2 9.79102e-07
2759 1 4.89551e-07
2762 3 1.46865e-06
2763 5 2.44775e-06
2764 3 1.46865e-06
2765 2 9.79102e-07
2766 1 4.89551e-07
2767 3 1.46865e-06
2768 3 1.46865e-06
2770 5 2.44775e-06
2771 1 4.89551e-07
2772 1 4.89551e-07
2773 1 4.89551e-07
2774 1 4.89551e-07
2775 2 9.79102e-07
2776 3 1.46865e-06
2777 3 1.46865e-06
2778 1 4.89551e-07
2779 2 9.79102e-07
2780 1 4.89551e-07
2781 3 1.46865e-06
2782 4 1.9582e-06
2783 2 9.79102e-07
2784 4 1.9582e-06
2785 2 9.79102e-07
2787 2 9.79102e-07
2788 3 1.46865e-06
2789 3 1.46865e-06
2790 1 4.89551e-07
2791 6 2.9373e-06
2792 3 1.46865e-06
2793 1 4.89551e-07
2794 3 1.46865e-06
2795 5 2.44775e-06
2796 4 1.9582e-06
2797 2 9.79102e-07
2798 1 4.89551e-07
2800 1 4.89551e-07
2801 1 4.89551e-07
2802 2 9.79102e-07
2803 2 9.79102e-07
2804 1 4.89551e-07
2805 2 9.79102e-07
2806 1 4.89551e-07
2807 3 1.46865e-06
2808 3 1.46865e-06
2809 4 1.9582e-06
2810 5 2.44775e-06
2811 1 4.89551e-07
2812 1 4.89551e-07
2813 2 9.79102e-07
2814 3 1.46865e-06
2815 3 1.46865e-06
2816 2 9.79102e-07
2817 2 9.79102e-07
2818 2 9.79102e-07
2819 6 2.9373e-06
2821 4 1.9582e-06
2822 1 4.89551e-07
2823 2 9.79102e-07
2824 4 1.9582e-06
2825 3 1.46865e-06
2826 3 1.46865e-06
2827 1 4.89551e-07
2829 4 1.9582e-06
2830 1 4.89551e-07
2831 1 4.89551e-07
2832 5 2.44775e-06
2833 1 4.89551e-07
2834 2 9.79102e-07
2835 2 9.79102e-07
2836 4 1.9582e-06
2837 2 9.79102e-07
2838 2 9.79102e-07
2839 3 1.46865e-06
2840 1 4.89551e-07
2841 3 1.46865e-06
2842 3 1.46865e-06
2843 4 1.9582e-06
2844 2 9.79102e-07
2845 5 2.44775e-06
2846 2 9.79102e-07
2847 2 9.79102e-07
2848 2 9.79102e-07
2849 2 9.79102e-07
2850 1 4.89551e-07
2851 1 4.89551e-07
2852 2 9.79102e-07
2853 1 4.89551e-07
2854 3 1.46865e-06
2855 4 1.9582e-06
2856 1 4.89551e-07
2857 5 2.44775e-06
2858 1 4.89551e-07
2859 2 9.79102e-07
2860 3 1.46865e-06
2861 2 9.79102e-07
2862 3 1.46865e-06
2863 8 3.91641e-06
2864 5 2.44775e-06
2865 3 1.46865e-06
2866 1 4.89551e-07
2867 2 9.79102e-07
2868 6 2.9373e-06
2869 5 2.44775e-06
2870 3 1.46865e-06
2872 2 9.79102e-07
2873 1 4.89551e-07
2874 3 1.46865e-06
2875 3 1.46865e-06
2876 4 1.9582e-06
2877 3 1.46865e-06
2879 1 4.89551e-07
2880 4 1.9582e-06
2881 1 4.89551e-07
2883 1 4.89551e-07
2884 1 4.89551e-07
2885 6 2.9373e-06
2886 2 9.79102e-07
2887 4 1.9582e-06
2888 2 9.79102e-07
2889 1 4.89551e-07
2890 3 1.46865e-06
2891 2 9.79102e-07
2892 3 1.46865e-06
2893 4 1.9582e-06
2894 1 4.89551e-07
2895 1 4.89551e-07
2896 3 1.46865e-06
2897 3 1.46865e-06
2899 4 1.9582e-06
2900 2 9.79102e-07
2901 3 1.46865e-06
2902 4 1.9582e-06
2903 4 1.9582e-06
2904 2 9.79102e-07
2905 2 9.79102e-07
2906 2 9.79102e-07
2907 2 9.79102e-07
2908 5 2.44775e-06
2909 2 9.79102e-07
2910 2 9.79102e-07
2911 5 2.44775e-06
2912 3 1.46865e-06
2913 1 4.89551e-07
2914 3 1.46865e-06
2915 3 1.46865e-06
2916 1 4.89551e-07
2918 2 9.79102e-07
2919 5 2.44775e-06
2920 2 9.79102e-07
2921 2 9.79102e-07
2922 4 1.9582e-06
2923 2 9.79102e-07
2925 4 1.9582e-06
2926 1 4.89551e-07
2928 4 1.9582e-06
2929 3 1.46865e-06
2931 3 1.46865e-06
2932 1 4.89551e-07
2933 1 4.89551e-07
2934 1 4.89551e-07
2935 2 9.79102e-07
2936 3 1.46865e-06
2937 2 9.79102e-07
2938 1 4.89551e-07
2939 3 1.46865e-06
2940 1 4.89551e-07
2941 3 1.46865e-06
2942 3 1.46865e-06
2943 1 4.89551e-07
2945 1 4.89551e-07
2946 1 4.89551e-07
2948 1 4.89551e-07
2949 1 4.89551e-07
2950 1 4.89551e-07
2951 1 4.89551e-07
2952 1 4.89551e-07
2953 3 1.46865e-06
2954 1 4.89551e-07
2955 1 4.89551e-07
2956 2 9.79102e-07
2957 1 4.89551e-07
2959 3 1.46865e-06
2960 1 4.89551e-07
2962 2 9.79102e-07
2965 1 4.89551e-07
2966 3 1.46865e-06
2967 2 9.79102e-07
2968 2 9.79102e-07
2972 1 4.89551e-07
2973 2 9.79102e-07
2974 3 1.46865e-06
2975 2 9.79102e-07
2976 1 4.89551e-07
2977 2 9.79102e-07
2979 3 1.46865e-06
2980 2 9.79102e-07
2981 3 1.46865e-06
2983 3 1.46865e-06
2984 3 1.46865e-06
2986 3 1.46865e-06
2987 2 9.79102e-07
2989 1 4.89551e-07
2990 1 4.89551e-07
2991 1 4.89551e-07
2992 2 9.79102e-07
2993 1 4.89551e-07
2995 3 1.46865e-06
2996 2 9.79102e-07
2997 1 4.89551e-07
2999 2 9.79102e-07
3000 2 9.79102e-07
3002 1 4.89551e-07
3005 1 4.89551e-07
3006 2 9.79102e-07
3007 2 9.79102e-07
3009 2 9.79102e-07
3010 1 4.89551e-07
3011 2 9.79102e-07
3012 1 4.89551e-07
3013 1 4.89551e-07
3014 1 4.89551e-07
3015 1 4.89551e-07
3016 2 9.79102e-07
3017 1 4.89551e-07
3018 1 4.89551e-07
3019 1 4.89551e-07
3020 1 4.89551e-07
3021 2 9.79102e-07
3022 2 9.79102e-07
3023 2 9.79102e-07
3024 1 4.89551e-07
3027 1 4.89551e-07
3028 3 1.46865e-06
3029 1 4.89551e-07
3031 1 4.89551e-07
3032 1 4.89551e-07
3034 1 4.89551e-07
3035 1 4.89551e-07
3036 1 4.89551e-07
3037 1 4.89551e-07
3038 1 4.89551e-07
3039 2 9.79102e-07
3041 2 9.79102e-07
3042 3 1.46865e-06
3043 2 9.79102e-07
3044 2 9.79102e-07
3045 1 4.89551e-07
3047 1 4.89551e-07
3048 1 4.89551e-07
3049 3 1.46865e-06
3050 3 1.46865e-06
3052 2 9.79102e-07
3053 1 4.89551e-07
3054 1 4.89551e-07
3055 1 4.89551e-07
3056 3 1.46865e-06
3057 1 4.89551e-07
3058 1 4.89551e-07
3060 1 4.89551e-07
3061 3 1.46865e-06
3063 2 9.79102e-07
3065 3 1.46865e-06
3066 2 9.79102e-07
3067 6 2.9373e-06
3071 1 4.89551e-07
3072 1 4.89551e-07
3073 3 1.46865e-06
3074 3 1.46865e-06
3075 1 4.89551e-07
3076 2 9.79102e-07
3077 1 4.89551e-07
3082 1 4.89551e-07
3083 5 2.44775e-06
3084 1 4.89551e-07
3085 1 4.89551e-07
3086 2 9.79102e-07
3087 1 4.89551e-07
3088 1 4.89551e-07
3089 1 4.89551e-07
3090 1 4.89551e-07
3091 1 4.89551e-07
3094 1 4.89551e-07
3095 1 4.89551e-07
3097 2 9.79102e-07
3098 1 4.89551e-07
3099 1 4.89551e-07
3100 1 4.89551e-07
3101 1 4.89551e-07
3102 4 1.9582e-06
3104 2 9.79102e-07
3105 1 4.89551e-07
3107 1 4.89551e-07
3108 1 4.89551e-07
3109 1 4.89551e-07
3110 2 9.79102e-07
3113 1 4.89551e-07
3116 1 4.89551e-07
3117 1 4.89551e-07
3120 2 9.79102e-07
3121 1 4.89551e-07
3123 1 4.89551e-07
3124 1 4.89551e-07
3125 1 4.89551e-07
3127 1 4.89551e-07
3129 1 4.89551e-07
3130 1 4.89551e-07
3133 2 9.79102e-07
3134 1 4.89551e-07
3135 4 1.9582e-06
3140 1 4.89551e-07
3142 1 4.89551e-07
3144 3 1.46865e-06
3147 1 4.89551e-07
3151 1 4.89551e-07
3152 3 1.46865e-06
3154 1 4.89551e-07
3155 1 4.89551e-07
3156 2 9.79102e-07
3158 1 4.89551e-07
3161 1 4.89551e-07
3162 1 4.89551e-07
3166 2 9.79102e-07
3167 1 4.89551e-07
3169 2 9.79102e-07
3171 1 4.89551e-07
3172 1 4.89551e-07
3177 2 9.79102e-07
3179 1 4.89551e-07
3180 1 4.89551e-07
3181 4 1.9582e-06
3182 1 4.89551e-07
3184 2 9.79102e-07
3185 1 4.89551e-07
3187 1 4.89551e-07
3189 2 9.79102e-07
3190 1 4.89551e-07
3194 1 4.89551e-07
3196 3 1.46865e-06
3198 1 4.89551e-07
3201 1 4.89551e-07
3202 1 4.89551e-07
3203 1 4.89551e-07
3205 2 9.79102e-07
3206 1 4.89551e-07
3207 1 4.89551e-07
3210 1 4.89551e-07
3211 1 4.89551e-07
3212 1 4.89551e-07
3213 1 4.89551e-07
3215 1 4.89551e-07
3217 1 4.89551e-07
3222 1 4.89551e-07
3225 1 4.89551e-07
3226 2 9.79102e-07
3227 3 1.46865e-06
3228 1 4.89551e-07
3230 1 4.89551e-07
3232 1 4.89551e-07
3233 1 4.89551e-07
3234 2 9.79102e-07
3236 1 4.89551e-07
3237 1 4.89551e-07
3238 1 4.89551e-07
3239 1 4.89551e-07
3241 1 4.89551e-07
3244 1 4.89551e-07
3247 3 1.46865e-06
3249 1 4.89551e-07
3250 1 4.89551e-07
3251 2 9.79102e-07
3252 1 4.89551e-07
3255 2 9.79102e-07
3259 2 9.79102e-07
3260 1 4.89551e-07
3265 1 4.89551e-07
3266 2 9.79102e-07
3267 3 1.46865e-06
3268 1 4.89551e-07
3269 1 4.89551e-07
3270 2 9.79102e-07
3271 2 9.79102e-07
3272 3 1.46865e-06
3275 2 9.79102e-07
3277 4 1.9582e-06
3278 1 4.89551e-07
3280 1 4.89551e-07
3282 3 1.46865e-06
3283 1 4.89551e-07
3284 1 4.89551e-07
3285 1 4.89551e-07
3286 2 9.79102e-07
3288 2 9.79102e-07
3289 1 4.89551e-07
3291 2 9.79102e-07
3293 2 9.79102e-07
3294 1 4.89551e-07
3297 1 4.89551e-07
3298 1 4.89551e-07
3300 1 4.89551e-07
3305 1 4.89551e-07
3311 2 9.79102e-07
3312 2 9.79102e-07
3314 3 1.46865e-06
3319 1 4.89551e-07
3323 1 4.89551e-07
3324 3 1.46865e-06
3325 2 9.79102e-07
3326 1 4.89551e-07
3329 1 4.89551e-07
3330 2 9.79102e-07
3336 1 4.89551e-07
3337 1 4.89551e-07
3340 1 4.89551e-07
3342 1 4.89551e-07
3343 1 4.89551e-07
3345 4 1.9582e-06
3347 1 4.89551e-07
3348 1 4.89551e-07
3350 2 9.79102e-07
3355 1 4.89551e-07
3357 1 4.89551e-07
3358 1 4.89551e-07
3359 1 4.89551e-07
3363 1 4.89551e-07
3365 2 9.79102e-07
3367 2 9.79102e-07
3372 1 4.89551e-07
3373 1 4.89551e-07
3374 2 9.79102e-07
3377 1 4.89551e-07
3381 4 1.9582e-06
3383 1 4.89551e-07
3385 2 9.79102e-07
3386 1 4.89551e-07
3389 1 4.89551e-07
3390 1 4.89551e-07
3393 1 4.89551e-07
3396 2 9.79102e-07
3397 1 4.89551e-07
3401 2 9.79102e-07
3402 2 9.79102e-07
3403 1 4.89551e-07
3405 1 4.89551e-07
3406 1 4.89551e-07
3408 1 4.89551e-07
3410 1 4.89551e-07
3411 3 1.46865e-06
3415 1 4.89551e-07
3421 1 4.89551e-07
3422 3 1.46865e-06
3424 1 4.89551e-07
3426 1 4.89551e-07
3427 1 4.89551e-07
3429 1 4.89551e-07
3430 2 9.79102e-07
3431 1 4.89551e-07
3432 1 4.89551e-07
3433 4 1.9582e-06
3434 2 9.79102e-07
3437 1 4.89551e-07
3438 1 4.89551e-07
3440 1 4.89551e-07
3441 1 4.89551e-07
3443 1 4.89551e-07
3444 1 4.89551e-07
3445 2 9.79102e-07
3446 1 4.89551e-07
3450 1 4.89551e-07
3453 1 4.89551e-07
3456 1 4.89551e-07
3457 1 4.89551e-07
3461 1 4.89551e-07
3462 2 9.79102e-07
3467 1 4.89551e-07
3471 1 4.89551e-07
3472 1 4.89551e-07
3474 1 4.89551e-07
3477 1 4.89551e-07
3478 2 9.79102e-07
3487 2 9.79102e-07
3488 1 4.89551e-07
3490 2 9.79102e-07
3491 1 4.89551e-07
3494 1 4.89551e-07
3495 2 9.79102e-07
3496 3 1.46865e-06
3497 1 4.89551e-07
3500 1 4.89551e-07
3501 1 4.89551e-07
3505 1 4.89551e-07
3506 1 4.89551e-07
3515 2 9.79102e-07
3521 1 4.89551e-07
3522 1 4.89551e-07
3524 1 4.89551e-07
3527 1 4.89551e-07
3530 1 4.89551e-07
3531 1 4.89551e-07
3538 2 9.79102e-07
3539 1 4.89551e-07
3540 1 4.89551e-07
3545 1 4.89551e-07
3549 1 4.89551e-07
3552 2 9.79102e-07
3553 1 4.89551e-07
3554 1 4.89551e-07
3555 1 4.89551e-07
3561 1 4.89551e-07
3562 1 4.89551e-07
3563 1 4.89551e-07
3565 1 4.89551e-07
3567 1 4.89551e-07
3572 1 4.89551e-07
3573 1 4.89551e-07
3575 1 4.89551e-07
3576 1 4.89551e-07
3578 1 4.89551e-07
3579 1 4.89551e-07
3580 1 4.89551e-07
3581 2 9.79102e-07
3586 1 4.89551e-07
3587 1 4.89551e-07
3594 2 9.79102e-07
3596 1 4.89551e-07
3598 1 4.89551e-07
3599 1 4.89551e-07
3601 1 4.89551e-07
3603 1 4.89551e-07
3604 1 4.89551e-07
3606 1 4.89551e-07
3612 1 4.89551e-07
3614 1 4.89551e-07
3615 1 4.89551e-07
3621 1 4.89551e-07
3623 1 4.89551e-07
3628 1 4.89551e-07
3629 1 4.89551e-07
3635 2 9.79102e-07
3636 1 4.89551e-07
3637 1 4.89551e-07
3638 1 4.89551e-07
3639 1 4.89551e-07
3640 1 4.89551e-07
3642 1 4.89551e-07
3643 1 4.89551e-07
3645 2 9.79102e-07
3646 2 9.79102e-07
3650 1 4.89551e-07
3658 1 4.89551e-07
3662 1 4.89551e-07
3666 1 4.89551e-07
3669 1 4.89551e-07
3670 1 4.89551e-07
3671 1 4.89551e-07
3674 1 4.89551e-07
3675 1 4.89551e-07
3677 1 4.89551e-07
3679 1 4.89551e-07
3680 3 1.46865e-06
3682 1 4.89551e-07
3684 1 4.89551e-07
3685 1 4.89551e-07
3687 1 4.89551e-07
3688 1 4.89551e-07
3689 1 4.89551e-07
3693 1 4.89551e-07
3697 1 4.89551e-07
3698 1 4.89551e-07
3699 1 4.89551e-07
3701 1 4.89551e-07
3702 2 9.79102e-07
3706 1 4.89551e-07
3707 2 9.79102e-07
3708 1 4.89551e-07
3709 2 9.79102e-07
3714 2 9.79102e-07
3715 1 4.89551e-07
3717 3 1.46865e-06
3718 1 4.89551e-07
3719 1 4.89551e-07
3722 1 4.89551e-07
3723 1 4.89551e-07
3725 1 4.89551e-07
3727 1 4.89551e-07
3728 2 9.79102e-07
3733 2 9.79102e-07
3734 2 9.79102e-07
3736 1 4.89551e-07
3737 2 9.79102e-07
3738 1 4.89551e-07
3739 1 4.89551e-07
3740 2 9.79102e-07
3742 1 4.89551e-07
3743 1 4.89551e-07
3744 2 9.79102e-07
3745 1 4.89551e-07
3746 2 9.79102e-07
3752 1 4.89551e-07
3754 1 4.89551e-07
3756 2 9.79102e-07
3757 2 9.79102e-07
3758 1 4.89551e-07
3760 1 4.89551e-07
3764 1 4.89551e-07
3765 1 4.89551e-07
3767 1 4.89551e-07
3768 1 4.89551e-07
3770 1 4.89551e-07
3771 3 1.46865e-06
3772 1 4.89551e-07
3775 1 4.89551e-07
3777 2 9.79102e-07
3778 1 4.89551e-07
3779 1 4.89551e-07
3780 2 9.79102e-07
3782 1 4.89551e-07
3784 2 9.79102e-07
3786 2 9.79102e-07
3788 2 9.79102e-07
3791 1 4.89551e-07
3792 1 4.89551e-07
3793 1 4.89551e-07
3794 2 9.79102e-07
3795 1 4.89551e-07
3796 1 4.89551e-07
3798 2 9.79102e-07
3799 1 4.89551e-07
3800 1 4.89551e-07
3801 1 4.89551e-07
3802 3 1.46865e-06
3803 1 4.89551e-07
3804 2 9.79102e-07
3807 2 9.79102e-07
3808 1 4.89551e-07
3809 4 1.9582e-06
3811 1 4.89551e-07
3812 1 4.89551e-07
3815 1 4.89551e-07
3819 1 4.89551e-07
3820 1 4.89551e-07
3822 1 4.89551e-07
3823 1 4.89551e-07
3825 1 4.89551e-07
3828 1 4.89551e-07
3829 1 4.89551e-07
3830 2 9.79102e-07
3832 1 4.89551e-07
3833 1 4.89551e-07
3834 1 4.89551e-07
3842 1 4.89551e-07
3843 1 4.89551e-07
3846 1 4.89551e-07
3847 1 4.89551e-07
3849 3 1.46865e-06
3850 1 4.89551e-07
3856 1 4.89551e-07
3858 1 4.89551e-07
3859 1 4.89551e-07
3861 3 1.46865e-06
3862 1 4.89551e-07
3863 2 9.79102e-07
3864 1 4.89551e-07
3865 1 4.89551e-07
3867 1 4.89551e-07
3869 1 4.89551e-07
3871 2 9.79102e-07
3873 2 9.79102e-07
3877 1 4.89551e-07
3878 2 9.79102e-07
3881 1 4.89551e-07
3885 1 4.89551e-07
3889 4 1.9582e-06
3890 1 4.89551e-07
3892 1 4.89551e-07
3893 2 9.79102e-07
3894 1 4.89551e-07
3895 1 4.89551e-07
3899 1 4.89551e-07
3900 1 4.89551e-07
3903 1 4.89551e-07
3905 1 4.89551e-07
3909 1 4.89551e-07
3910 3 1.46865e-06
3911 1 4.89551e-07
3912 3 1.46865e-06
3913 1 4.89551e-07
3914 2 9.79102e-07
3915 1 4.89551e-07
3918 1 4.89551e-07
3922 2 9.79102e-07
3923 1 4.89551e-07
3925 1 4.89551e-07
3927 1 4.89551e-07
3932 1 4.89551e-07
3936 1 4.89551e-07
3938 2 9.79102e-07
3940 1 4.89551e-07
3941 1 4.89551e-07
3942 1 4.89551e-07
3945 1 4.89551e-07
3948 1 4.89551e-07
3950 2 9.79102e-07
3954 2 9.79102e-07
3955 1 4.89551e-07
3956 1 4.89551e-07
3957 1 4.89551e-07
3958 2 9.79102e-07
3959 2 9.79102e-07
3961 1 4.89551e-07
3969 3 1.46865e-06
3970 1 4.89551e-07
3971 2 9.79102e-07
3974 1 4.89551e-07
3975 1 4.89551e-07
3976 1 4.89551e-07
3980 1 4.89551e-07
3981 1 4.89551e-07
3983 1 4.89551e-07
3986 1 4.89551e-07
3995 3 1.46865e-06
3996 3 1.46865e-06
4000 2 9.79102e-07
4002 2 9.79102e-07
4004 2 9.79102e-07
4006 2 9.79102e-07
4008 1 4.89551e-07
4012 1 4.89551e-07
4016 1 4.89551e-07
4018 1 4.89551e-07
4020 1 4.89551e-07
4021 1 4.89551e-07
4024 2 9.79102e-07
4026 1 4.89551e-07
4032 2 9.79102e-07
4033 1 4.89551e-07
4035 2 9.79102e-07
4037 1 4.89551e-07
4044 1 4.89551e-07
4047 1 4.89551e-07
4048 1 4.89551e-07
4052 1 4.89551e-07
4054 1 4.89551e-07
4055 1 4.89551e-07
4060 2 9.79102e-07
4063 1 4.89551e-07
4065 1 4.89551e-07
4069 1 4.89551e-07
4070 2 9.79102e-07
4073 1 4.89551e-07
4074 1 4.89551e-07
4075 2 9.79102e-07
4076 1 4.89551e-07
4078 1 4.89551e-07
4079 1 4.89551e-07
4080 1 4.89551e-07
4081 1 4.89551e-07
4084 3 1.46865e-06
4085 1 4.89551e-07
4089 1 4.89551e-07
4094 1 4.89551e-07
4095 2 9.79102e-07
4099 2 9.79102e-07
4101 1 4.89551e-07
4105 2 9.79102e-07
4109 1 4.89551e-07
4110 1 4.89551e-07
4114 1 4.89551e-07
4118 1 4.89551e-07
4119 1 4.89551e-07
4120 1 4.89551e-07
4121 1 4.89551e-07
4122 1 4.89551e-07
4123 1 4.89551e-07
4130 2 9.79102e-07
4131 1 4.89551e-07
4132 1 4.89551e-07
4133 1 4.89551e-07
4137 1 4.89551e-07
4138 1 4.89551e-07
4141 1 4.89551e-07
4142 1 4.89551e-07
4144 1 4.89551e-07
4145 2 9.79102e-07
4146 1 4.89551e-07
4154 1 4.89551e-07
4156 1 4.89551e-07
4157 3 1.46865e-06
4159 1 4.89551e-07
4164 1 4.89551e-07
4168 1 4.89551e-07
4169 1 4.89551e-07
4170 2 9.79102e-07
4171 3 1.46865e-06
4172 2 9.79102e-07
4175 1 4.89551e-07
4176 1 4.89551e-07
4177 2 9.79102e-07
4179 2 9.79102e-07
4181 1 4.89551e-07
4187 1 4.89551e-07
4189 1 4.89551e-07
4191 2 9.79102e-07
4192 2 9.79102e-07
4194 1 4.89551e-07
4196 1 4.89551e-07
4202 1 4.89551e-07
4208 1 4.89551e-07
4211 1 4.89551e-07
4212 1 4.89551e-07
4213 2 9.79102e-07
4214 1 4.89551e-07
4217 1 4.89551e-07
4218 1 4.89551e-07
4221 1 4.89551e-07
4224 2 9.79102e-07
4227 3 1.46865e-06
4231 1 4.89551e-07
4232 1 4.89551e-07
4237 2 9.79102e-07
4238 1 4.89551e-07
4239 1 4.89551e-07
4241 1 4.89551e-07
4245 1 4.89551e-07
4249 1 4.89551e-07
4250 1 4.89551e-07
4251 1 4.89551e-07
4253 1 4.89551e-07
4254 1 4.89551e-07
4256 3 1.46865e-06
4257 1 4.89551e-07
4259 3 1.46865e-06
4260 1 4.89551e-07
4261 1 4.89551e-07
4262 1 4.89551e-07
4263 1 4.89551e-07
4264 1 4.89551e-07
4265 3 1.46865e-06
4268 1 4.89551e-07
4270 2 9.79102e-07
4271 2 9.79102e-07
4272 3 1.46865e-06
4273 1 4.89551e-07
4274 1 4.89551e-07
4277 2 9.79102e-07
4278 3 1.46865e-06
4279 1 4.89551e-07
4280 1 4.89551e-07
4282 2 9.79102e-07
4283 2 9.79102e-07
4285 1 4.89551e-07
4286 1 4.89551e-07
4288 1 4.89551e-07
4290 1 4.89551e-07
4291 1 4.89551e-07
4294 1 4.89551e-07
4296 1 4.89551e-07
4297 2 9.79102e-07
4298 1 4.89551e-07
4299 1 4.89551e-07
4302 1 4.89551e-07
4303 1 4.89551e-07
4306 1 4.89551e-07
4312 1 4.89551e-07
4315 1 4.89551e-07
4319 3 1.46865e-06
4320 2 9.79102e-07
4322 1 4.89551e-07
4323 1 4.89551e-07
4325 3 1.46865e-06
4328 1 4.89551e-07
4329 1 4.89551e-07
4331 1 4.89551e-07
4332 2 9.79102e-07
4334 2 9.79102e-07
4335 1 4.89551e-07
4337 1 4.89551e-07
4343 1 4.89551e-07
4344 1 4.89551e-07
4345 2 9.79102e-07
4346 1 4.89551e-07
4347 1 4.89551e-07
4349 4 1.9582e-06
4350 1 4.89551e-07
4351 1 4.89551e-07
4352 1 4.89551e-07
4358 1 4.89551e-07
4360 1 4.89551e-07
4361 2 9.79102e-07
4362 2 9.79102e-07
4366 2 9.79102e-07
4367 1 4.89551e-07
4368 1 4.89551e-07
4369 2 9.79102e-07
4376 1 4.89551e-07
4382 2 9.79102e-07
4384 1 4.89551e-07
4387 2 9.79102e-07
4388 1 4.89551e-07
4389 3 1.46865e-06
4391 1 4.89551e-07
4393 2 9.79102e-07
4394 2 9.79102e-07
4396 1 4.89551e-07
4398 2 9.79102e-07
4401 2 9.79102e-07
4403 1 4.89551e-07
4404 1 4.89551e-07
4405 1 4.89551e-07
4407 1 4.89551e-07
4409 1 4.89551e-07
4411 1 4.89551e-07
4417 1 4.89551e-07
4420 1 4.89551e-07
4422 2 9.79102e-07
4424 1 4.89551e-07
4427 1 4.89551e-07
4437 1 4.89551e-07
4439 1 4.89551e-07
4440 1 4.89551e-07
4442 1 4.89551e-07
4444 3 1.46865e-06
4446 1 4.89551e-07
4449 1 4.89551e-07
4451 1 4.89551e-07
4452 2 9.79102e-07
4456 1 4.89551e-07
4457 1 4.89551e-07
4458 1 4.89551e-07
4465 3 1.46865e-06
4467 1 4.89551e-07
4471 1 4.89551e-07
4472 1 4.89551e-07
4473 1 4.89551e-07
4476 1 4.89551e-07
4477 1 4.89551e-07
4478 1 4.89551e-07
4480 1 4.89551e-07
4482 1 4.89551e-07
4483 1 4.89551e-07
4484 3 1.46865e-06
4491 1 4.89551e-07
4492 1 4.89551e-07
4499 1 4.89551e-07
4501 1 4.89551e-07
4502 1 4.89551e-07
4507 1 4.89551e-07
4509 1 4.89551e-07
4515 2 9.79102e-07
4521 1 4.89551e-07
4524 1 4.89551e-07
4527 2 9.79102e-07
4528 2 9.79102e-07
4529 1 4.89551e-07
4534 1 4.89551e-07
4537 1 4.89551e-07
4538 1 4.89551e-07
4540 1 4.89551e-07
4541 1 4.89551e-07
4543 1 4.89551e-07
4544 1 4.89551e-07
4545 1 4.89551e-07
4548 1 4.89551e-07
4554 1 4.89551e-07
4557 1 4.89551e-07
4559 1 4.89551e-07
4562 1 4.89551e-07
4567 1 4.89551e-07
4569 2 9.79102e-07
4570 1 4.89551e-07
4573 1 4.89551e-07
4574 1 4.89551e-07
4576 1 4.89551e-07
4577 1 4.89551e-07
4583 1 4.89551e-07
4585 1 4.89551e-07
4588 1 4.89551e-07
4593 1 4.89551e-07
4609 1 4.89551e-07
4612 1 4.89551e-07
4620 1 4.89551e-07
4623 1 4.89551e-07
4624 1 4.89551e-07
4626 1 4.89551e-07
4630 2 9.79102e-07
4631 1 4.89551e-07
4635 1 4.89551e-07
4636 1 4.89551e-07
4639 1 4.89551e-07
4642 2 9.79102e-07
4644 1 4.89551e-07
4645 1 4.89551e-07
4651 1 4.89551e-07
4669 1 4.89551e-07
4670 1 4.89551e-07
4674 2 9.79102e-07
4676 1 4.89551e-07
4680 1 4.89551e-07
4686 1 4.89551e-07
4688 1 4.89551e-07
4693 1 4.89551e-07
4697 1 4.89551e-07
4699 1 4.89551e-07
4708 1 4.89551e-07
4728 1 4.89551e-07
4729 1 4.89551e-07
4730 1 4.89551e-07
4731 1 4.89551e-07
4738 1 4.89551e-07
4739 1 4.89551e-07
4741 1 4.89551e-07
4745 1 4.89551e-07
4754 1 4.89551e-07
4761 2 9.79102e-07
4767 1 4.89551e-07
4769 1 4.89551e-07
4781 1 4.89551e-07
4783 2 9.79102e-07
4786 2 9.79102e-07
4791 1 4.89551e-07
4795 1 4.89551e-07
4796 1 4.89551e-07
4799 1 4.89551e-07
4806 2 9.79102e-07
4810 1 4.89551e-07
4811 2 9.79102e-07
4813 1 4.89551e-07
4818 1 4.89551e-07
4819 1 4.89551e-07
4820 2 9.79102e-07
4827 1 4.89551e-07
4831 1 4.89551e-07
4832 1 4.89551e-07
4833 1 4.89551e-07
4835 1 4.89551e-07
4844 1 4.89551e-07
4846 1 4.89551e-07
4848 1 4.89551e-07
4853 1 4.89551e-07
4854 1 4.89551e-07
4866 1 4.89551e-07
4870 1 4.89551e-07
4871 1 4.89551e-07
4882 1 4.89551e-07
4883 2 9.79102e-07
4884 1 4.89551e-07
4889 1 4.89551e-07
4891 1 4.89551e-07
4892 1 4.89551e-07
4903 2 9.79102e-07
4905 1 4.89551e-07
4912 2 9.79102e-07
4915 1 4.89551e-07
4918 1 4.89551e-07
4926 1 4.89551e-07
4927 1 4.89551e-07
4928 1 4.89551e-07
4940 1 4.89551e-07
4950 1 4.89551e-07
4953 1 4.89551e-07
4959 3 1.46865e-06
4960 2 9.79102e-07
4965 1 4.89551e-07
4967 2 9.79102e-07
4982 1 4.89551e-07
4988 1 4.89551e-07
4991 1 4.89551e-07
4992 1 4.89551e-07
4993 1 4.89551e-07
4994 1 4.89551e-07
4995 1 4.89551e-07
4999 2 9.79102e-07
5002 2 9.79102e-07
5004 1 4.89551e-07
5006 1 4.89551e-07
5019 1 4.89551e-07
5027 1 4.89551e-07
5028 1 4.89551e-07
5029 1 4.89551e-07
5035 1 4.89551e-07
5043 1 4.89551e-07
5047 1 4.89551e-07
5049 1 4.89551e-07
5054 1 4.89551e-07
5057 1 4.89551e-07
5060 1 4.89551e-07
5067 1 4.89551e-07
5070 1 4.89551e-07
5073 1 4.89551e-07
5079 1 4.89551e-07
5084 1 4.89551e-07
5091 1 4.89551e-07
5095 2 9.79102e-07
5104 1 4.89551e-07
5109 1 4.89551e-07
5110 1 4.89551e-07
5115 1 4.89551e-07
5117 1 4.89551e-07
5118 1 4.89551e-07
5130 1 4.89551e-07
5131 1 4.89551e-07
5134 1 4.89551e-07
5137 2 9.79102e-07
5141 1 4.89551e-07
5144 2 9.79102e-07
5145 1 4.89551e-07
5149 1 4.89551e-07
5153 1 4.89551e-07
5156 1 4.89551e-07
5158 1 4.89551e-07
5162 1 4.89551e-07
5163 1 4.89551e-07
5166 2 9.79102e-07
5169 1 4.89551e-07
5172 1 4.89551e-07
5175 1 4.89551e-07
5176 1 4.89551e-07
5180 2 9.79102e-07
5182 1 4.89551e-07
5184 1 4.89551e-07
5187 1 4.89551e-07
5188 1 4.89551e-07
5189 1 4.89551e-07
5202 1 4.89551e-07
5208 1 4.89551e-07
5213 1 4.89551e-07
5217 1 4.89551e-07
5228 1 4.89551e-07
5231 1 4.89551e-07
5232 1 4.89551e-07
5234 1 4.89551e-07
5239 1 4.89551e-07
5247 1 4.89551e-07
5251 1 4.89551e-07
5268 1 4.89551e-07
5271 1 4.89551e-07
5273 1 4.89551e-07
5278 1 4.89551e-07
5281 1 4.89551e-07
5286 1 4.89551e-07
5301 2 9.79102e-07
5303 1 4.89551e-07
5304 1 4.89551e-07
5308 2 9.79102e-07
5311 1 4.89551e-07
5315 1 4.89551e-07
5316 2 9.79102e-07
5323 1 4.89551e-07
5325 1 4.89551e-07
5327 1 4.89551e-07
5329 1 4.89551e-07
5330 1 4.89551e-07
5334 1 4.89551e-07
5342 1 4.89551e-07
5345 2 9.79102e-07
5349 1 4.89551e-07
5352 1 4.89551e-07
5356 1 4.89551e-07
5358 1 4.89551e-07
5369 1 4.89551e-07
5372 2 9.79102e-07
5378 1 4.89551e-07
5388 1 4.89551e-07
5391 2 9.79102e-07
5392 1 4.89551e-07
5396 1 4.89551e-07
5403 1 4.89551e-07
5411 2 9.79102e-07
5419 2 9.79102e-07
5433 1 4.89551e-07
5437 1 4.89551e-07
5439 1 4.89551e-07
5445 1 4.89551e-07
5446 1 4.89551e-07
5449 1 4.89551e-07
5450 1 4.89551e-07
5456 1 4.89551e-07
5457 1 4.89551e-07
5465 1 4.89551e-07
5467 1 4.89551e-07
5471 1 4.89551e-07
5480 1 4.89551e-07
5481 1 4.89551e-07
5485 1 4.89551e-07
5492 1 4.89551e-07
5498 1 4.89551e-07
5499 1 4.89551e-07
5504 1 4.89551e-07
5505 1 4.89551e-07
5509 1 4.89551e-07
5510 1 4.89551e-07
5518 1 4.89551e-07
5522 2 9.79102e-07
5524 2 9.79102e-07
5536 1 4.89551e-07
5542 1 4.89551e-07
5543 1 4.89551e-07
5551 1 4.89551e-07
5557 1 4.89551e-07
5558 2 9.79102e-07
5559 1 4.89551e-07
5564 1 4.89551e-07
5567 1 4.89551e-07
5581 1 4.89551e-07
5583 2 9.79102e-07
5586 1 4.89551e-07
5598 2 9.79102e-07
5600 1 4.89551e-07
5601 1 4.89551e-07
5615 1 4.89551e-07
5618 2 9.79102e-07
5624 2 9.79102e-07
5627 3 1.46865e-06
5630 1 4.89551e-07
5631 1 4.89551e-07
5636 1 4.89551e-07
5638 2 9.79102e-07
5644 2 9.79102e-07
5645 1 4.89551e-07
5646 1 4.89551e-07
5649 1 4.89551e-07
5650 2 9.79102e-07
5653 1 4.89551e-07
5663 1 4.89551e-07
5667 2 9.79102e-07
5668 1 4.89551e-07
5672 1 4.89551e-07
5675 1 4.89551e-07
5677 1 4.89551e-07
5678 1 4.89551e-07
5679 1 4.89551e-07
5680 1 4.89551e-07
5681 1 4.89551e-07
5683 1 4.89551e-07
5685 1 4.89551e-07
5686 3 1.46865e-06
5688 2 9.79102e-07
5690 2 9.79102e-07
5691 1 4.89551e-07
5697 1 4.89551e-07
5702 2 9.79102e-07
5710 1 4.89551e-07
5713 1 4.89551e-07
5714 1 4.89551e-07
5716 1 4.89551e-07
5719 2 9.79102e-07
5721 1 4.89551e-07
5725 1 4.89551e-07
5727 2 9.79102e-07
5728 2 9.79102e-07
5732 1 4.89551e-07
5739 2 9.79102e-07
5742 1 4.89551e-07
5743 1 4.89551e-07
5751 1 4.89551e-07
5753 2 9.79102e-07
5754 1 4.89551e-07
5757 2 9.79102e-07
5765 1 4.89551e-07
5768 3 1.46865e-06
5771 1 4.89551e-07
5775 1 4.89551e-07
5776 1 4.89551e-07
5777 1 4.89551e-07
5779 1 4.89551e-07
5782 1 4.89551e-07
5784 1 4.89551e-07
5785 1 4.89551e-07
5790 1 4.89551e-07
5793 1 4.89551e-07
5794 2 9.79102e-07
5801 1 4.89551e-07
5802 1 4.89551e-07
5804 1 4.89551e-07
5809 1 4.89551e-07
5813 1 4.89551e-07
5816 1 4.89551e-07
5827 1 4.89551e-07
5832 2 9.79102e-07
5839 1 4.89551e-07
5841 1 4.89551e-07
5844 1 4.89551e-07
5846 1 4.89551e-07
5847 1 4.89551e-07
5848 1 4.89551e-07
5866 1 4.89551e-07
5875 1 4.89551e-07
5878 1 4.89551e-07
5880 1 4.89551e-07
5904 1 4.89551e-07
5907 1 4.89551e-07
5908 1 4.89551e-07
5912 1 4.89551e-07
5924 1 4.89551e-07
5925 1 4.89551e-07
5930 2 9.79102e-07
5936 1 4.89551e-07
5942 2 9.79102e-07
5947 2 9.79102e-07
5951 1 4.89551e-07
5964 2 9.79102e-07
5968 1 4.89551e-07
5973 1 4.89551e-07
5975 2 9.79102e-07
5985 1 4.89551e-07
5994 1 4.89551e-07
5997 1 4.89551e-07
6018 1 4.89551e-07
6024 1 4.89551e-07
6027 1 4.89551e-07
6032 1 4.89551e-07
6036 1 4.89551e-07
6037 1 4.89551e-07
6045 3 1.46865e-06
6049 1 4.89551e-07
6064 1 4.89551e-07
6078 1 4.89551e-07
6079 1 4.89551e-07
6089 1 4.89551e-07
6093 1 4.89551e-07
6110 1 4.89551e-07
6113 4 1.9582e-06
6120 1 4.89551e-07
6130 1 4.89551e-07
6145 1 4.89551e-07
6146 1 4.89551e-07
6150 1 4.89551e-07
6151 1 4.89551e-07
6156 1 4.89551e-07
6171 1 4.89551e-07
6179 1 4.89551e-07
6189 1 4.89551e-07
6191 1 4.89551e-07
6200 2 9.79102e-07
6207 1 4.89551e-07
6209 1 4.89551e-07
6217 1 4.89551e-07
6228 1 4.89551e-07
6230 1 4.89551e-07
6255 1 4.89551e-07
6264 1 4.89551e-07
6272 1 4.89551e-07
6282 1 4.89551e-07
6283 1 4.89551e-07
6289 1 4.89551e-07
6303 1 4.89551e-07
6305 1 4.89551e-07
6306 1 4.89551e-07
6327 1 4.89551e-07
6356 1 4.89551e-07
6391 1 4.89551e-07
6397 1 4.89551e-07
6398 1 4.89551e-07
6412 1 4.89551e-07
6413 1 4.89551e-07
6420 1 4.89551e-07
6422 1 4.89551e-07
6428 1 4.89551e-07
6432 1 4.89551e-07
6456 1 4.89551e-07
6464 1 4.89551e-07
6469 1 4.89551e-07
6471 1 4.89551e-07
6482 1 4.89551e-07
6490 1 4.89551e-07
6517 1 4.89551e-07
6518 1 4.89551e-07
6519 1 4.89551e-07
6543 1 4.89551e-07
6559 1 4.89551e-07
6560 1 4.89551e-07
6585 1 4.89551e-07
6587 1 4.89551e-07
6609 1 4.89551e-07
6617 1 4.89551e-07
6627 1 4.89551e-07
6628 1 4.89551e-07
6634 1 4.89551e-07
6635 1 4.89551e-07
6640 1 4.89551e-07
6646 1 4.89551e-07
6650 1 4.89551e-07
6666 1 4.89551e-07
6668 1 4.89551e-07
6671 1 4.89551e-07
6684 1 4.89551e-07
6695 1 4.89551e-07
6709 2 9.79102e-07
6712 1 4.89551e-07
6718 1 4.89551e-07
6720 1 4.89551e-07
6725 1 4.89551e-07
6731 1 4.89551e-07
6735 1 4.89551e-07
6756 1 4.89551e-07
6772 1 4.89551e-07
6773 1 4.89551e-07
6777 1 4.89551e-07
6778 1 4.89551e-07
6779 1 4.89551e-07
6796 1 4.89551e-07
6805 2 9.79102e-07
6823 1 4.89551e-07
6835 1 4.89551e-07
6847 1 4.89551e-07
6854 1 4.89551e-07
6859 1 4.89551e-07
6868 1 4.89551e-07
6870 1 4.89551e-07
6872 1 4.89551e-07
6884 1 4.89551e-07
6904 1 4.89551e-07
6910 1 4.89551e-07
6912 1 4.89551e-07
6920 2 9.79102e-07
6923 1 4.89551e-07
6929 1 4.89551e-07
6939 1 4.89551e-07
6946 1 4.89551e-07
6949 2 9.79102e-07
6951 1 4.89551e-07
6958 1 4.89551e-07
6971 1 4.89551e-07
6974 1 4.89551e-07
6975 2 9.79102e-07
6982 1 4.89551e-07
6984 1 4.89551e-07
6991 1 4.89551e-07
6995 1 4.89551e-07
6996 1 4.89551e-07
7000 1 4.89551e-07
7002 1 4.89551e-07
7003 1 4.89551e-07
7010 1 4.89551e-07
7027 1 4.89551e-07
7032 1 4.89551e-07
7034 1 4.89551e-07
7042 1 4.89551e-07
7045 1 4.89551e-07
7052 1 4.89551e-07
7054 1 4.89551e-07
7059 1 4.89551e-07
7062 1 4.89551e-07
7070 1 4.89551e-07
7078 1 4.89551e-07
7079 1 4.89551e-07
7097 1 4.89551e-07
7098 1 4.89551e-07
7102 1 4.89551e-07
7116 2 9.79102e-07
7120 1 4.89551e-07
7121 1 4.89551e-07
7134 1 4.89551e-07
7135 1 4.89551e-07
7139 1 4.89551e-07
7141 1 4.89551e-07
7148 1 4.89551e-07
7155 1 4.89551e-07
7157 1 4.89551e-07
7160 1 4.89551e-07
7185 3 1.46865e-06
7187 2 9.79102e-07
7188 1 4.89551e-07
7190 1 4.89551e-07
7191 2 9.79102e-07
7202 1 4.89551e-07
7206 1 4.89551e-07
7208 1 4.89551e-07
7211 1 4.89551e-07
7212 1 4.89551e-07
7219 1 4.89551e-07
7224 1 4.89551e-07
7225 1 4.89551e-07
7231 1 4.89551e-07
7235 1 4.89551e-07
7241 1 4.89551e-07
7247 1 4.89551e-07
7250 1 4.89551e-07
7253 1 4.89551e-07
7254 2 9.79102e-07
7268 1 4.89551e-07
7274 1 4.89551e-07
7275 2 9.79102e-07
7281 1 4.89551e-07
7293 2 9.79102e-07
7294 1 4.89551e-07
7316 2 9.79102e-07
7321 1 4.89551e-07
7324 1 4.89551e-07
7333 1 4.89551e-07
7336 1 4.89551e-07
7349 1 4.89551e-07
7353 1 4.89551e-07
7360 1 4.89551e-07
7368 1 4.89551e-07
7381 1 4.89551e-07
7392 1 4.89551e-07
7394 1 4.89551e-07
7397 1 4.89551e-07
7402 1 4.89551e-07
7407 2 9.79102e-07
7417 1 4.89551e-07
7427 1 4.89551e-07
7435 2 9.79102e-07
7438 1 4.89551e-07
7445 2 9.79102e-07
7446 1 4.89551e-07
7461 1 4.89551e-07
7468 1 4.89551e-07
7471 1 4.89551e-07
7472 1 4.89551e-07
7496 1 4.89551e-07
7498 1 4.89551e-07
7500 1 4.89551e-07
7512 1 4.89551e-07
7517 2 9.79102e-07
7531 1 4.89551e-07
7541 1 4.89551e-07
7545 1 4.89551e-07
7568 1 4.89551e-07
7594 1 4.89551e-07
7631 1 4.89551e-07
7634 1 4.89551e-07
7639 1 4.89551e-07
7659 1 4.89551e-07
7676 1 4.89551e-07
7690 1 4.89551e-07
7711 2 9.79102e-07
7715 1 4.89551e-07
7774 1 4.89551e-07
7776 1 4.89551e-07
7786 1 4.89551e-07
7814 1 4.89551e-07
7817 1 4.89551e-07
7849 1 4.89551e-07
7860 1 4.89551e-07
7885 1 4.89551e-07
7899 1 4.89551e-07
7917 1 4.89551e-07
7937 1 4.89551e-07
7954 1 4.89551e-07
7968 1 4.89551e-07
7969 1 4.89551e-07
8020 1 4.89551e-07
8025 1 4.89551e-07
8028 1 4.89551e-07
8034 1 4.89551e-07
8067 1 4.89551e-07
8072 2 9.79102e-07
8074 1 4.89551e-07
8099 1 4.89551e-07
8125 1 4.89551e-07
8143 1 4.89551e-07
8156 1 4.89551e-07
8162 1 4.89551e-07
8166 2 9.79102e-07
8168 1 4.89551e-07
8172 1 4.89551e-07
8185 1 4.89551e-07
8197 1 4.89551e-07
8210 1 4.89551e-07
8211 1 4.89551e-07
8224 1 4.89551e-07
8226 1 4.89551e-07
8228 1 4.89551e-07
8235 1 4.89551e-07
8249 1 4.89551e-07
8251 1 4.89551e-07
8257 2 9.79102e-07
8268 1 4.89551e-07
8273 1 4.89551e-07
8274 1 4.89551e-07
8288 1 4.89551e-07
8302 1 4.89551e-07
8307 1 4.89551e-07
8310 1 4.89551e-07
8325 1 4.89551e-07
8333 1 4.89551e-07
8341 1 4.89551e-07
8354 1 4.89551e-07
8356 1 4.89551e-07
8368 1 4.89551e-07
8369 1 4.89551e-07
8382 1 4.89551e-07
8405 1 4.89551e-07
8411 1 4.89551e-07
8421 1 4.89551e-07
8424 1 4.89551e-07
8432 1 4.89551e-07
8437 1 4.89551e-07
8439 1 4.89551e-07
8444 1 4.89551e-07
8445 1 4.89551e-07
8452 1 4.89551e-07
8457 1 4.89551e-07
8461 1 4.89551e-07
8466 1 4.89551e-07
8469 1 4.89551e-07
8476 1 4.89551e-07
8484 1 4.89551e-07
8486 1 4.89551e-07
8487 1 4.89551e-07
8511 1 4.89551e-07
8513 1 4.89551e-07
8514 1 4.89551e-07
8515 1 4.89551e-07
8541 2 9.79102e-07
8555 1 4.89551e-07
8557 1 4.89551e-07
8563 1 4.89551e-07
8567 1 4.89551e-07
8569 1 4.89551e-07
8570 1 4.89551e-07
8571 1 4.89551e-07
8572 1 4.89551e-07
8573 1 4.89551e-07
8588 1 4.89551e-07
8591 1 4.89551e-07
8598 2 9.79102e-07
8601 1 4.89551e-07
8602 1 4.89551e-07
8606 1 4.89551e-07
8618 1 4.89551e-07
8619 2 9.79102e-07
8621 1 4.89551e-07
8622 1 4.89551e-07
8624 1 4.89551e-07
8636 1 4.89551e-07
8639 1 4.89551e-07
8641 1 4.89551e-07
8642 1 4.89551e-07
8655 1 4.89551e-07
8660 1 4.89551e-07
8667 1 4.89551e-07
8669 1 4.89551e-07
8671 1 4.89551e-07
8672 1 4.89551e-07
8673 1 4.89551e-07
8674 1 4.89551e-07
8676 1 4.89551e-07
8686 1 4.89551e-07
8694 1 4.89551e-07
8703 1 4.89551e-07
8721 1 4.89551e-07
8722 1 4.89551e-07
8735 2 9.79102e-07
8737 1 4.89551e-07
8745 1 4.89551e-07
8753 1 4.89551e-07
8764 1 4.89551e-07
8773 1 4.89551e-07
8782 1 4.89551e-07
8784 1 4.89551e-07
8785 1 4.89551e-07
8816 1 4.89551e-07
8829 1 4.89551e-07
8852 1 4.89551e-07
8854 1 4.89551e-07
8857 1 4.89551e-07
8858 1 4.89551e-07
8900 1 4.89551e-07
8903 1 4.89551e-07
8926 1 4.89551e-07
8954 1 4.89551e-07
8962 1 4.89551e-07
8986 1 4.89551e-07
8999 1 4.89551e-07
9000 1 4.89551e-07
9015 1 4.89551e-07
9029 1 4.89551e-07
9075 1 4.89551e-07
9086 1 4.89551e-07
9097 1 4.89551e-07
9148 1 4.89551e-07
9150 1 4.89551e-07
9162 1 4.89551e-07
9178 1 4.89551e-07
9188 1 4.89551e-07
9195 1 4.89551e-07
9253 1 4.89551e-07
9263 1 4.89551e-07
9324 1 4.89551e-07
9325 1 4.89551e-07
9344 1 4.89551e-07
9346 1 4.89551e-07
9349 1 4.89551e-07
9389 1 4.89551e-07
9404 1 4.89551e-07
9415 1 4.89551e-07
9431 1 4.89551e-07
9435 1 4.89551e-07
9437 1 4.89551e-07
9456 1 4.89551e-07
9462 1 4.89551e-07
9491 1 4.89551e-07
9513 1 4.89551e-07
9530 1 4.89551e-07
9538 1 4.89551e-07
9549 1 4.89551e-07
9556 1 4.89551e-07
9560 1 4.89551e-07
9567 1 4.89551e-07
9599 1 4.89551e-07
9609 1 4.89551e-07
9626 1 4.89551e-07
9628 1 4.89551e-07
9629 1 4.89551e-07
9648 1 4.89551e-07
9649 1 4.89551e-07
9660 1 4.89551e-07
9677 1 4.89551e-07
9682 1 4.89551e-07
9684 1 4.89551e-07
9694 1 4.89551e-07
9702 1 4.89551e-07
9703 1 4.89551e-07
9708 1 4.89551e-07
9711 1 4.89551e-07
9712 1 4.89551e-07
9721 1 4.89551e-07
9738 1 4.89551e-07
9745 1 4.89551e-07
9765 1 4.89551e-07
9766 1 4.89551e-07
9774 1 4.89551e-07
9785 2 9.79102e-07
9793 1 4.89551e-07
9809 1 4.89551e-07
9832 1 4.89551e-07
9850 1 4.89551e-07
9855 1 4.89551e-07
9857 1 4.89551e-07
9864 1 4.89551e-07
9868 1 4.89551e-07
9875 1 4.89551e-07
9878 1 4.89551e-07
9896 1 4.89551e-07
9916 1 4.89551e-07
9943 1 4.89551e-07
9950 1 4.89551e-07
9953 1 4.89551e-07
9954 1 4.89551e-07
9956 1 4.89551e-07
9978 1 4.89551e-07
9982 1 4.89551e-07
9984 1 4.89551e-07
9985 1 4.89551e-07
9993 1 4.89551e-07
10000 1 4.89551e-07
10001 1 4.89551e-07
10003 2 9.79102e-07
10009 3 1.46865e-06
10010 1 4.89551e-07
10018 1 4.89551e-07
10020 1 4.89551e-07
10023 1 4.89551e-07
10027 1 4.89551e-07
10036 1 4.89551e-07
10042 2 9.79102e-07
10044 2 9.79102e-07
10053 1 4.89551e-07
10054 1 4.89551e-07
10064 1 4.89551e-07
10070 1 4.89551e-07
10072 1 4.89551e-07
10081 1 4.89551e-07
10085 1 4.89551e-07
10089 2 9.79102e-07
10096 1 4.89551e-07
10105 1 4.89551e-07
10122 1 4.89551e-07
10133 1 4.89551e-07
10137 1 4.89551e-07
10141 1 4.89551e-07
10143 1 4.89551e-07
10149 2 9.79102e-07
10150 1 4.89551e-07
10154 1 4.89551e-07
10165 1 4.89551e-07
10179 1 4.89551e-07
10195 1 4.89551e-07
10203 1 4.89551e-07
10205 1 4.89551e-07
10208 1 4.89551e-07
10238 1 4.89551e-07
10289 1 4.89551e-07
10318 2 9.79102e-07
10325 1 4.89551e-07
10346 1 4.89551e-07
10355 1 4.89551e-07
10397 1 4.89551e-07
10409 1 4.89551e-07
10419 1 4.89551e-07
10432 1 4.89551e-07
10435 1 4.89551e-07
10444 1 4.89551e-07
10450 1 4.89551e-07
10458 1 4.89551e-07
10462 1 4.89551e-07
10465 1 4.89551e-07
10475 1 4.89551e-07
10511 1 4.89551e-07
10513 1 4.89551e-07
10550 1 4.89551e-07
10555 1 4.89551e-07
10559 1 4.89551e-07
10585 1 4.89551e-07
10595 1 4.89551e-07
10676 1 4.89551e-07
10694 1 4.89551e-07
10714 1 4.89551e-07
10737 1 4.89551e-07
10756 1 4.89551e-07
10757 1 4.89551e-07
10775 1 4.89551e-07
10783 1 4.89551e-07
10815 1 4.89551e-07
10819 1 4.89551e-07
10879 1 4.89551e-07
10922 1 4.89551e-07
10923 1 4.89551e-07
10933 1 4.89551e-07
10936 1 4.89551e-07
10965 1 4.89551e-07
11003 1 4.89551e-07
11004 2 9.79102e-07
11015 1 4.89551e-07
11051 1 4.89551e-07
11070 1 4.89551e-07
11077 1 4.89551e-07
11099 1 4.89551e-07
11109 1 4.89551e-07
11114 1 4.89551e-07
11135 1 4.89551e-07
11152 1 4.89551e-07
11180 1 4.89551e-07
11199 1 4.89551e-07
11236 1 4.89551e-07
11243 1 4.89551e-07
11256 1 4.89551e-07
11259 1 4.89551e-07
11304 1 4.89551e-07
11309 1 4.89551e-07
11314 1 4.89551e-07
11387 1 4.89551e-07
11397 1 4.89551e-07
11399 1 4.89551e-07
11401 1 4.89551e-07
11418 1 4.89551e-07
11430 1 4.89551e-07
11436 1 4.89551e-07
11438 1 4.89551e-07
11458 1 4.89551e-07
11472 1 4.89551e-07
11476 1 4.89551e-07
11495 1 4.89551e-07
11508 1 4.89551e-07
11522 1 4.89551e-07
11524 1 4.89551e-07
11525 1 4.89551e-07
11538 1 4.89551e-07
11544 1 4.89551e-07
11557 1 4.89551e-07
11568 1 4.89551e-07
11584 1 4.89551e-07
11603 1 4.89551e-07
11612 1 4.89551e-07
11623 1 4.89551e-07
11638 1 4.89551e-07
11651 1 4.89551e-07
11653 1 4.89551e-07
11779 1 4.89551e-07
11788 1 4.89551e-07
11802 1 4.89551e-07
11829 1 4.89551e-07
11969 1 4.89551e-07
11973 1 4.89551e-07
11992 1 4.89551e-07
11993 1 4.89551e-07
11999 1 4.89551e-07
12003 1 4.89551e-07
12038 1 4.89551e-07
12065 1 4.89551e-07
12068 1 4.89551e-07
12105 1 4.89551e-07
12164 1 4.89551e-07
12171 1 4.89551e-07
12181 1 4.89551e-07
12262 1 4.89551e-07
12289 1 4.89551e-07
12352 1 4.89551e-07
12358 1 4.89551e-07
12369 1 4.89551e-07
12393 1 4.89551e-07
12403 1 4.89551e-07
12406 1 4.89551e-07
12478 1 4.89551e-07
12511 1 4.89551e-07
12546 1 4.89551e-07
12549 1 4.89551e-07
12577 1 4.89551e-07
12596 1 4.89551e-07
12600 1 4.89551e-07
12627 1 4.89551e-07
12673 1 4.89551e-07
12684 1 4.89551e-07
12685 1 4.89551e-07
12737 1 4.89551e-07
12755 1 4.89551e-07
12783 1 4.89551e-07
12826 1 4.89551e-07
12855 1 4.89551e-07
12889 1 4.89551e-07
12890 1 4.89551e-07
12901 1 4.89551e-07
12942 1 4.89551e-07
13001 1 4.89551e-07
13018 1 4.89551e-07
13049 1 4.89551e-07
13082 1 4.89551e-07
13084 1 4.89551e-07
13139 1 4.89551e-07
13159 1 4.89551e-07
13161 1 4.89551e-07
13198 1 4.89551e-07
13208 1 4.89551e-07
13228 1 4.89551e-07
13297 1 4.89551e-07
13324 1 4.89551e-07
13388 1 4.89551e-07
13390 1 4.89551e-07
13412 1 4.89551e-07
13440 1 4.89551e-07
13687 1 4.89551e-07
13706 1 4.89551e-07
13728 1 4.89551e-07
13734 1 4.89551e-07
13743 1 4.89551e-07
13770 1 4.89551e-07
13794 1 4.89551e-07
13807 1 4.89551e-07
13855 1 4.89551e-07
13896 1 4.89551e-07
13916 2 9.79102e-07
13920 1 4.89551e-07
13922 1 4.89551e-07
13932 1 4.89551e-07
13936 1 4.89551e-07
13996 1 4.89551e-07
13999 1 4.89551e-07
14030 1 4.89551e-07
14054 1 4.89551e-07
14069 1 4.89551e-07
14075 1 4.89551e-07
14117 1 4.89551e-07
14134 1 4.89551e-07
14201 1 4.89551e-07
14226 1 4.89551e-07
14260 1 4.89551e-07
14261 1 4.89551e-07
14291 1 4.89551e-07
14306 1 4.89551e-07
14313 1 4.89551e-07
14323 1 4.89551e-07
14327 1 4.89551e-07
14361 1 4.89551e-07
14378 1 4.89551e-07
14384 1 4.89551e-07
14407 1 4.89551e-07
14427 1 4.89551e-07
14440 1 4.89551e-07
14510 1 4.89551e-07
14526 1 4.89551e-07
14555 1 4.89551e-07
14562 1 4.89551e-07
14564 1 4.89551e-07
14567 1 4.89551e-07
14571 1 4.89551e-07
14677 1 4.89551e-07
14710 1 4.89551e-07
14803 1 4.89551e-07
14812 1 4.89551e-07
14823 1 4.89551e-07
14841 1 4.89551e-07
14864 1 4.89551e-07
14887 1 4.89551e-07
14894 1 4.89551e-07
14898 1 4.89551e-07
14906 1 4.89551e-07
14960 1 4.89551e-07
14961 1 4.89551e-07
14979 1 4.89551e-07
15020 1 4.89551e-07
15040 1 4.89551e-07
15043 1 4.89551e-07
15054 1 4.89551e-07
15064 1 4.89551e-07
15088 1 4.89551e-07
15174 1 4.89551e-07
15185 1 4.89551e-07
15209 1 4.89551e-07
15259 1 4.89551e-07
15288 1 4.89551e-07
15301 2 9.79102e-07
15303 1 4.89551e-07
15317 1 4.89551e-07
15365 1 4.89551e-07
15385 1 4.89551e-07
15390 1 4.89551e-07
15396 1 4.89551e-07
15440 1 4.89551e-07
15482 1 4.89551e-07
15525 1 4.89551e-07
15545 1 4.89551e-07
15546 1 4.89551e-07
15552 1 4.89551e-07
15569 1 4.89551e-07
15571 1 4.89551e-07
15624 1 4.89551e-07
15626 1 4.89551e-07
15690 1 4.89551e-07
15724 1 4.89551e-07
15737 2 9.79102e-07
15751 1 4.89551e-07
15777 1 4.89551e-07
15779 1 4.89551e-07
15790 1 4.89551e-07
15802 2 9.79102e-07
15820 1 4.89551e-07
15824 1 4.89551e-07
15904 1 4.89551e-07
15908 1 4.89551e-07
15936 1 4.89551e-07
15955 1 4.89551e-07
15961 1 4.89551e-07
16041 1 4.89551e-07
16121 1 4.89551e-07
16125 1 4.89551e-07
16140 1 4.89551e-07
16331 1 4.89551e-07
16399 1 4.89551e-07
16404 1 4.89551e-07
16474 1 4.89551e-07
16647 1 4.89551e-07
16827 1 4.89551e-07
16836 1 4.89551e-07
16840 1 4.89551e-07
16939 1 4.89551e-07
16968 1 4.89551e-07
17125 1 4.89551e-07
17164 1 4.89551e-07
17196 1 4.89551e-07
17233 1 4.89551e-07
17234 1 4.89551e-07
17243 1 4.89551e-07
17269 1 4.89551e-07
17281 1 4.89551e-07
17289 1 4.89551e-07
17291 1 4.89551e-07
17303 1 4.89551e-07
17330 1 4.89551e-07
17347 1 4.89551e-07
17360 1 4.89551e-07
17498 1 4.89551e-07
17516 1 4.89551e-07
17581 1 4.89551e-07
17597 1 4.89551e-07
17644 1 4.89551e-07
17655 1 4.89551e-07
17714 1 4.89551e-07
17883 1 4.89551e-07
17902 1 4.89551e-07
17906 1 4.89551e-07
17999 1 4.89551e-07
18093 1 4.89551e-07
18103 1 4.89551e-07
18142 1 4.89551e-07
18326 1 4.89551e-07
18329 1 4.89551e-07
18375 1 4.89551e-07
18391 1 4.89551e-07
18412 1 4.89551e-07
18471 1 4.89551e-07
18478 1 4.89551e-07
18479 2 9.79102e-07
18500 1 4.89551e-07
18515 1 4.89551e-07
18517 1 4.89551e-07
18534 1 4.89551e-07
18549 1 4.89551e-07
18565 1 4.89551e-07
18593 1 4.89551e-07
18688 1 4.89551e-07
18693 1 4.89551e-07
18712 1 4.89551e-07
18750 1 4.89551e-07
18778 1 4.89551e-07
18804 1 4.89551e-07
18865 1 4.89551e-07
18874 1 4.89551e-07
18909 1 4.89551e-07
18942 1 4.89551e-07
18964 1 4.89551e-07
18988 1 4.89551e-07
19186 1 4.89551e-07
19267 1 4.89551e-07
19303 1 4.89551e-07
19330 1 4.89551e-07
19564 1 4.89551e-07
19649 1 4.89551e-07
19661 1 4.89551e-07
19674 1 4.89551e-07
19745 1 4.89551e-07
19774 1 4.89551e-07
19805 1 4.89551e-07
19820 1 4.89551e-07
19971 1 4.89551e-07
20054 1 4.89551e-07
20057 1 4.89551e-07
20073 1 4.89551e-07
20108 1 4.89551e-07
20149 1 4.89551e-07
20153 1 4.89551e-07
20169 1 4.89551e-07
20183 1 4.89551e-07
20205 1 4.89551e-07
20208 1 4.89551e-07
20234 1 4.89551e-07
20248 1 4.89551e-07
20267 1 4.89551e-07
20368 1 4.89551e-07
20389 1 4.89551e-07
20458 1 4.89551e-07
20472 1 4.89551e-07
20525 1 4.89551e-07
20539 1 4.89551e-07
20555 1 4.89551e-07
21016 1 4.89551e-07
21032 1 4.89551e-07
21051 1 4.89551e-07
21053 1 4.89551e-07
21121 1 4.89551e-07
21128 1 4.89551e-07
21194 1 4.89551e-07
21201 1 4.89551e-07
21215 1 4.89551e-07
21235 1 4.89551e-07
21303 1 4.89551e-07
21306 1 4.89551e-07
21334 1 4.89551e-07
21405 1 4.89551e-07
21466 1 4.89551e-07
21502 1 4.89551e-07
21506 1 4.89551e-07
21580 1 4.89551e-07
21607 1 4.89551e-07
21668 1 4.89551e-07
21705 1 4.89551e-07
21717 1 4.89551e-07
21721 1 4.89551e-07
21722 1 4.89551e-07
21789 1 4.89551e-07
21794 1 4.89551e-07
21852 1 4.89551e-07
21896 1 4.89551e-07
21983 1 4.89551e-07
22222 1 4.89551e-07
22618 1 4.89551e-07
22657 1 4.89551e-07
22737 1 4.89551e-07
22810 1 4.89551e-07
22946 1 4.89551e-07
23000 1 4.89551e-07
23016 1 4.89551e-07
23078 1 4.89551e-07
23208 1 4.89551e-07
23278 1 4.89551e-07
23678 1 4.89551e-07
23689 1 4.89551e-07
23741 1 4.89551e-07
23792 1 4.89551e-07
23877 1 4.89551e-07
23953 1 4.89551e-07
23959 1 4.89551e-07
24237 1 4.89551e-07
24241 1 4.89551e-07
24321 1 4.89551e-07
24412 1 4.89551e-07
24447 1 4.89551e-07
24467 1 4.89551e-07
24496 1 4.89551e-07
24616 1 4.89551e-07
24619 1 4.89551e-07
24674 1 4.89551e-07
24838 1 4.89551e-07
24855 1 4.89551e-07
24932 1 4.89551e-07
25103 1 4.89551e-07
25274 1 4.89551e-07
25354 1 4.89551e-07
25733 1 4.89551e-07
25956 1 4.89551e-07
26033 1 4.89551e-07
26049 1 4.89551e-07
26190 1 4.89551e-07
26233 1 4.89551e-07
26245 1 4.89551e-07
26511 1 4.89551e-07
26548 1 4.89551e-07
26794 1 4.89551e-07
26817 1 4.89551e-07
26820 1 4.89551e-07
26906 1 4.89551e-07
27015 1 4.89551e-07
27043 1 4.89551e-07
27245 1 4.89551e-07
27253 1 4.89551e-07
27385 1 4.89551e-07
27400 1 4.89551e-07
27830 1 4.89551e-07
27931 1 4.89551e-07
27973 1 4.89551e-07
28188 1 4.89551e-07
28417 1 4.89551e-07
28490 1 4.89551e-07
28531 1 4.89551e-07
28608 1 4.89551e-07
28645 1 4.89551e-07
28783 1 4.89551e-07
28808 1 4.89551e-07
28818 1 4.89551e-07
28943 1 4.89551e-07
28972 1 4.89551e-07
28989 1 4.89551e-07
29057 1 4.89551e-07
29111 1 4.89551e-07
29215 1 4.89551e-07
29654 1 4.89551e-07
29830 1 4.89551e-07
29976 1 4.89551e-07
30059 1 4.89551e-07
30093 1 4.89551e-07
30189 1 4.89551e-07
30210 1 4.89551e-07
30289 1 4.89551e-07
30334 1 4.89551e-07
30546 1 4.89551e-07
30954 1 4.89551e-07
31220 1 4.89551e-07
31445 1 4.89551e-07
31550 1 4.89551e-07
31673 1 4.89551e-07
31731 1 4.89551e-07
31811 1 4.89551e-07
31901 1 4.89551e-07
32168 1 4.89551e-07
32254 1 4.89551e-07
32396 1 4.89551e-07
32423 1 4.89551e-07
32428 1 4.89551e-07
32762 1 4.89551e-07
32966 1 4.89551e-07
32980 1 4.89551e-07
33042 1 4.89551e-07
33070 1 4.89551e-07
33159 1 4.89551e-07
33281 1 4.89551e-07
33488 1 4.89551e-07
33654 1 4.89551e-07
33691 1 4.89551e-07
33830 1 4.89551e-07
34010 1 4.89551e-07
34168 1 4.89551e-07
34188 1 4.89551e-07
34325 1 4.89551e-07
34374 1 4.89551e-07
34375 1 4.89551e-07
34380 1 4.89551e-07
34446 1 4.89551e-07
34474 1 4.89551e-07
34507 1 4.89551e-07
34729 1 4.89551e-07
34744 1 4.89551e-07
34979 1 4.89551e-07
35009 1 4.89551e-07
35084 1 4.89551e-07
35374 1 4.89551e-07
35434 1 4.89551e-07
35754 1 4.89551e-07
35923 1 4.89551e-07
35929 1 4.89551e-07
35998 1 4.89551e-07
36751 1 4.89551e-07
36759 1 4.89551e-07
36899 1 4.89551e-07
37160 1 4.89551e-07
37329 1 4.89551e-07
37391 1 4.89551e-07
37483 1 4.89551e-07
37711 1 4.89551e-07
37754 1 4.89551e-07
38016 1 4.89551e-07
38126 1 4.89551e-07
38210 1 4.89551e-07
38469 1 4.89551e-07
38673 1 4.89551e-07
38805 1 4.89551e-07
39003 1 4.89551e-07
39440 1 4.89551e-07
39706 1 4.89551e-07
39762 1 4.89551e-07
40083 1 4.89551e-07
40627 1 4.89551e-07
40726 1 4.89551e-07
41259 1 4.89551e-07
41320 1 4.89551e-07
41394 1 4.89551e-07
41760 1 4.89551e-07
42443 1 4.89551e-07
43118 1 4.89551e-07
43123 1 4.89551e-07
43210 1 4.89551e-07
43537 1 4.89551e-07
43803 1 4.89551e-07
43868 1 4.89551e-07
44451 1 4.89551e-07
44472 1 4.89551e-07
44721 1 4.89551e-07
44755 1 4.89551e-07
45430 1 4.89551e-07
45605 1 4.89551e-07
45767 1 4.89551e-07
45802 1 4.89551e-07
46144 1 4.89551e-07
46365 1 4.89551e-07
46386 1 4.89551e-07
46509 1 4.89551e-07
47197 1 4.89551e-07
47222 1 4.89551e-07
47972 1 4.89551e-07
48466 1 4.89551e-07
48594 1 4.89551e-07
48642 1 4.89551e-07
49533 1 4.89551e-07
49742 1 4.89551e-07
50076 1 4.89551e-07
50415 1 4.89551e-07
50453 1 4.89551e-07
50458 1 4.89551e-07
50552 1 4.89551e-07
50586 1 4.89551e-07
50776 1 4.89551e-07
50948 1 4.89551e-07
51232 1 4.89551e-07
51535 1 4.89551e-07
51771 1 4.89551e-07
51839 1 4.89551e-07
51958 1 4.89551e-07
53225 1 4.89551e-07
53232 1 4.89551e-07
53716 1 4.89551e-07
53836 1 4.89551e-07
54729 1 4.89551e-07
55236 1 4.89551e-07
55408 1 4.89551e-07
55552 1 4.89551e-07
55757 1 4.89551e-07
55862 1 4.89551e-07
56078 1 4.89551e-07
56238 1 4.89551e-07
56267 1 4.89551e-07
57678 1 4.89551e-07
57761 1 4.89551e-07
58257 1 4.89551e-07
58555 1 4.89551e-07
58839 1 4.89551e-07
58923 1 4.89551e-07
59240 1 4.89551e-07
59434 1 4.89551e-07
60576 1 4.89551e-07
60683 1 4.89551e-07
60810 1 4.89551e-07
61773 1 4.89551e-07
62009 1 4.89551e-07
62230 1 4.89551e-07
62254 1 4.89551e-07
62779 1 4.89551e-07
63048 1 4.89551e-07
63087 1 4.89551e-07
63176 1 4.89551e-07
64196 1 4.89551e-07
64634 1 4.89551e-07
64879 1 4.89551e-07
65316 1 4.89551e-07
65849 1 4.89551e-07
66084 1 4.89551e-07
66171 1 4.89551e-07
67076 1 4.89551e-07
67433 1 4.89551e-07
67727 1 4.89551e-07
68539 1 4.89551e-07
69211 1 4.89551e-07
70029 1 4.89551e-07
70455 1 4.89551e-07
70506 1 4.89551e-07
70682 1 4.89551e-07
70814 1 4.89551e-07
71096 1 4.89551e-07
71987 1 4.89551e-07
72377 1 4.89551e-07
72567 1 4.89551e-07
73250 1 4.89551e-07
73528 1 4.89551e-07
74404 1 4.89551e-07
74868 1 4.89551e-07
76995 1 4.89551e-07
79481 1 4.89551e-07
80536 1 4.89551e-07
80813 1 4.89551e-07
81648 1 4.89551e-07
81793 1 4.89551e-07
81804 1 4.89551e-07
82021 1 4.89551e-07
82158 1 4.89551e-07
83269 1 4.89551e-07
86708 1 4.89551e-07
87455 1 4.89551e-07
87563 1 4.89551e-07
88788 1 4.89551e-07
90971 1 4.89551e-07
91524 1 4.89551e-07
93727 1 4.89551e-07
94406 1 4.89551e-07
95620 1 4.89551e-07
95802 1 4.89551e-07
96013 1 4.89551e-07
96290 1 4.89551e-07
98437 1 4.89551e-07
99407 1 4.89551e-07
99454 1 4.89551e-07
99802 1 4.89551e-07
100467 1 4.89551e-07
100727 1 4.89551e-07
101276 1 4.89551e-07
102641 1 4.89551e-07
104099 1 4.89551e-07
105450 1 4.89551e-07
107443 1 4.89551e-07
107503 1 4.89551e-07
107890 1 4.89551e-07
108820 1 4.89551e-07
110638 1 4.89551e-07
113904 1 4.89551e-07
113935 1 4.89551e-07
114359 1 4.89551e-07
115418 1 4.89551e-07
117542 1 4.89551e-07
119658 1 4.89551e-07
121126 1 4.89551e-07
124502 1 4.89551e-07
125764 1 4.89551e-07
132714 1 4.89551e-07
139296 1 4.89551e-07
141274 1 4.89551e-07
142379 1 4.89551e-07
144906 1 4.89551e-07
145385 1 4.89551e-07
145993 1 4.89551e-07
147833 1 4.89551e-07
153225 1 4.89551e-07
160304 1 4.89551e-07
161088 1 4.89551e-07
166461 1 4.89551e-07
170557 1 4.89551e-07
174270 1 4.89551e-07
174971 1 4.89551e-07
178168 1 4.89551e-07
178500 1 4.89551e-07
185929 1 4.89551e-07
199315 1 4.89551e-07
203278 1 4.89551e-07
207238 1 4.89551e-07
214520 1 4.89551e-07
217167 1 4.89551e-07
224464 1 4.89551e-07
228973 1 4.89551e-07
255222 1 4.89551e-07
258630 1 4.89551e-07
260836 1 4.89551e-07
272149 1 4.89551e-07
293287 1 4.89551e-07
294944 1 4.89551e-07
311162 1 4.89551e-07
327229 1 4.89551e-07
377337 1 4.89551e-07
443224 1 4.89551e-07
