0 29997 0.0974723
1 40532 0.131705
2 22671 0.0736672
3 18594 0.0604194
4 16124 0.0523933
5 14226 0.046226
6 13200 0.0428921
7 11968 0.0388888
8 10981 0.0356817
9 10696 0.0347556
10 74167 0.240998
11 11162 0.0362698
12 941 0.00305769
13 659 0.00214136
14 613 0.00199188
15 525 0.00170594
16 476 0.00154672
17 417 0.001355
18 446 0.00144923
19 395 0.00128351
20 671 0.00218035
21 587 0.0019074
22 244 0.000792854
23 182 0.000591391
24 192 0.000623885
25 151 0.00049066
26 162 0.000526403
27 168 0.000545899
28 140 0.000454916
29 116 0.000376931
30 156 0.000506907
31 149 0.000484161
32 147 0.000477662
33 132 0.000428921
34 107 0.000347686
35 105 0.000341187
36 105 0.000341187
37 91 0.000295696
38 88 0.000285947
39 78 0.000253453
40 85 0.000276199
41 80 0.000259952
42 89 0.000289197
43 78 0.000253453
44 65 0.000211211
45 71 0.000230707
46 66 0.00021446
47 54 0.000175468
48 82 0.000266451
49 60 0.000194964
50 61 0.000198213
51 88 0.000285947
52 61 0.000198213
53 77 0.000250204
54 62 0.000201463
55 61 0.000198213
56 61 0.000198213
57 45 0.000146223
58 53 0.000172218
59 75 0.000243705
60 53 0.000172218
61 61 0.000198213
62 43 0.000139724
63 73 0.000237206
64 53 0.000172218
65 57 0.000185216
66 51 0.000165719
67 47 0.000152722
68 46 0.000149472
69 47 0.000152722
70 42 0.000136475
71 50 0.00016247
72 39 0.000126727
73 48 0.000155971
74 45 0.000146223
75 39 0.000126727
76 45 0.000146223
77 52 0.000168969
78 53 0.000172218
79 50 0.00016247
80 37 0.000120228
81 46 0.000149472
82 59 0.000191715
83 39 0.000126727
84 65 0.000211211
85 50 0.00016247
86 42 0.000136475
87 48 0.000155971
88 47 0.000152722
89 33 0.00010723
90 39 0.000126727
91 36 0.000116978
92 55 0.000178717
93 34 0.00011048
94 46 0.000149472
95 40 0.000129976
96 41 0.000133225
97 41 0.000133225
98 35 0.000113729
99 39 0.000126727
100 42 0.000136475
101 45 0.000146223
102 49 0.000159221
103 36 0.000116978
104 36 0.000116978
105 31 0.000100731
106 37 0.000120228
107 42 0.000136475
108 39 0.000126727
109 37 0.000120228
110 44 0.000142974
111 40 0.000129976
112 38 0.000123477
113 43 0.000139724
114 39 0.000126727
115 43 0.000139724
116 36 0.000116978
117 46 0.000149472
118 51 0.000165719
119 30 9.7482e-05
120 34 0.00011048
121 49 0.000159221
122 42 0.000136475
123 44 0.000142974
124 55 0.000178717
125 51 0.000165719
126 53 0.000172218
127 28 9.09832e-05
128 29 9.42326e-05
129 42 0.000136475
130 35 0.000113729
131 35 0.000113729
132 46 0.000149472
133 53 0.000172218
134 31 0.000100731
135 49 0.000159221
136 29 9.42326e-05
137 49 0.000159221
138 37 0.000120228
139 28 9.09832e-05
140 35 0.000113729
141 24 7.79856e-05
142 39 0.000126727
143 44 0.000142974
144 32 0.000103981
145 30 9.7482e-05
146 35 0.000113729
147 39 0.000126727
148 48 0.000155971
149 32 0.000103981
150 34 0.00011048
151 40 0.000129976
152 36 0.000116978
153 33 0.00010723
154 36 0.000116978
155 37 0.000120228
156 30 9.7482e-05
157 35 0.000113729
158 35 0.000113729
159 22 7.14868e-05
160 34 0.00011048
161 33 0.00010723
162 42 0.000136475
163 39 0.000126727
164 33 0.00010723
165 35 0.000113729
166 43 0.000139724
167 22 7.14868e-05
168 38 0.000123477
169 18 5.84892e-05
170 34 0.00011048
171 24 7.79856e-05
172 37 0.000120228
173 38 0.000123477
174 35 0.000113729
175 30 9.7482e-05
176 36 0.000116978
177 28 9.09832e-05
178 30 9.7482e-05
179 25 8.1235e-05
180 31 0.000100731
181 31 0.000100731
182 32 0.000103981
183 37 0.000120228
184 25 8.1235e-05
185 31 0.000100731
186 34 0.00011048
187 31 0.000100731
188 30 9.7482e-05
189 28 9.09832e-05
190 30 9.7482e-05
191 27 8.77338e-05
192 30 9.7482e-05
193 32 0.000103981
194 24 7.79856e-05
195 27 8.77338e-05
196 36 0.000116978
197 28 9.09832e-05
198 28 9.09832e-05
199 19 6.17386e-05
200 33 0.00010723
201 28 9.09832e-05
202 22 7.14868e-05
203 24 7.79856e-05
204 29 9.42326e-05
205 29 9.42326e-05
206 24 7.79856e-05
207 28 9.09832e-05
208 28 9.09832e-05
209 23 7.47362e-05
210 34 0.00011048
211 19 6.17386e-05
212 30 9.7482e-05
213 23 7.47362e-05
214 23 7.47362e-05
215 36 0.000116978
216 39 0.000126727
217 24 7.79856e-05
218 30 9.7482e-05
219 20 6.4988e-05
220 26 8.44844e-05
221 29 9.42326e-05
222 31 0.000100731
223 29 9.42326e-05
224 16 5.19904e-05
225 22 7.14868e-05
226 35 0.000113729
227 25 8.1235e-05
228 27 8.77338e-05
229 32 0.000103981
230 23 7.47362e-05
231 19 6.17386e-05
232 20 6.4988e-05
233 28 9.09832e-05
234 37 0.000120228
235 32 0.000103981
236 25 8.1235e-05
237 26 8.44844e-05
238 28 9.09832e-05
239 18 5.84892e-05
240 9 2.92446e-05
241 23 7.47362e-05
242 28 9.09832e-05
243 28 9.09832e-05
244 22 7.14868e-05
245 20 6.4988e-05
246 23 7.47362e-05
247 15 4.8741e-05
248 25 8.1235e-05
249 23 7.47362e-05
250 19 6.17386e-05
251 19 6.17386e-05
252 22 7.14868e-05
253 26 8.44844e-05
254 21 6.82374e-05
255 29 9.42326e-05
256 32 0.000103981
257 22 7.14868e-05
258 32 0.000103981
259 26 8.44844e-05
260 23 7.47362e-05
261 17 5.52398e-05
262 25 8.1235e-05
263 25 8.1235e-05
264 24 7.79856e-05
265 23 7.47362e-05
266 31 0.000100731
267 26 8.44844e-05
268 19 6.17386e-05
269 27 8.77338e-05
270 31 0.000100731
271 21 6.82374e-05
272 17 5.52398e-05
273 26 8.44844e-05
274 25 8.1235e-05
275 10 3.2494e-05
276 29 9.42326e-05
277 20 6.4988e-05
278 27 8.77338e-05
279 22 7.14868e-05
280 28 9.09832e-05
281 23 7.47362e-05
282 22 7.14868e-05
283 18 5.84892e-05
284 25 8.1235e-05
285 15 4.8741e-05
286 25 8.1235e-05
287 16 5.19904e-05
288 22 7.14868e-05
289 31 0.000100731
290 26 8.44844e-05
291 24 7.79856e-05
292 21 6.82374e-05
293 27 8.77338e-05
294 21 6.82374e-05
295 16 5.19904e-05
296 16 5.19904e-05
297 25 8.1235e-05
298 18 5.84892e-05
299 34 0.00011048
300 22 7.14868e-05
301 28 9.09832e-05
302 22 7.14868e-05
303 33 0.00010723
304 28 9.09832e-05
305 25 8.1235e-05
306 20 6.4988e-05
307 16 5.19904e-05
308 13 4.22422e-05
309 16 5.19904e-05
310 19 6.17386e-05
311 22 7.14868e-05
312 15 4.8741e-05
313 19 6.17386e-05
314 22 7.14868e-05
315 17 5.52398e-05
316 11 3.57434e-05
317 23 7.47362e-05
318 20 6.4988e-05
319 23 7.47362e-05
320 21 6.82374e-05
321 25 8.1235e-05
322 21 6.82374e-05
323 26 8.44844e-05
324 25 8.1235e-05
325 23 7.47362e-05
326 15 4.8741e-05
327 16 5.19904e-05
328 18 5.84892e-05
329 16 5.19904e-05
330 27 8.77338e-05
331 17 5.52398e-05
332 23 7.47362e-05
333 17 5.52398e-05
334 21 6.82374e-05
335 16 5.19904e-05
336 22 7.14868e-05
337 16 5.19904e-05
338 17 5.52398e-05
339 17 5.52398e-05
340 20 6.4988e-05
341 19 6.17386e-05
342 15 4.8741e-05
343 18 5.84892e-05
344 18 5.84892e-05
345 21 6.82374e-05
346 17 5.52398e-05
347 29 9.42326e-05
348 18 5.84892e-05
349 26 8.44844e-05
350 17 5.52398e-05
351 20 6.4988e-05
352 26 8.44844e-05
353 17 5.52398e-05
354 18 5.84892e-05
355 19 6.17386e-05
356 21 6.82374e-05
357 20 6.4988e-05
358 21 6.82374e-05
359 13 4.22422e-05
360 23 7.47362e-05
361 19 6.17386e-05
362 14 4.54916e-05
363 16 5.19904e-05
364 21 6.82374e-05
365 25 8.1235e-05
366 13 4.22422e-05
367 23 7.47362e-05
368 15 4.8741e-05
369 19 6.17386e-05
370 18 5.84892e-05
371 21 6.82374e-05
372 17 5.52398e-05
373 5 1.6247e-05
374 13 4.22422e-05
375 15 4.8741e-05
376 19 6.17386e-05
377 15 4.8741e-05
378 20 6.4988e-05
379 23 7.47362e-05
380 24 7.79856e-05
381 21 6.82374e-05
382 13 4.22422e-05
383 15 4.8741e-05
384 19 6.17386e-05
385 19 6.17386e-05
386 13 4.22422e-05
387 18 5.84892e-05
388 22 7.14868e-05
389 15 4.8741e-05
390 16 5.19904e-05
391 17 5.52398e-05
392 24 7.79856e-05
393 27 8.77338e-05
394 25 8.1235e-05
395 12 3.89928e-05
396 22 7.14868e-05
397 21 6.82374e-05
398 18 5.84892e-05
399 12 3.89928e-05
400 16 5.19904e-05
401 23 7.47362e-05
402 18 5.84892e-05
403 13 4.22422e-05
404 20 6.4988e-05
405 12 3.89928e-05
406 16 5.19904e-05
407 22 7.14868e-05
408 26 8.44844e-05
409 25 8.1235e-05
410 25 8.1235e-05
411 22 7.14868e-05
412 19 6.17386e-05
413 16 5.19904e-05
414 18 5.84892e-05
415 11 3.57434e-05
416 10 3.2494e-05
417 17 5.52398e-05
418 14 4.54916e-05
419 22 7.14868e-05
420 19 6.17386e-05
421 18 5.84892e-05
422 15 4.8741e-05
423 23 7.47362e-05
424 16 5.19904e-05
425 11 3.57434e-05
426 15 4.8741e-05
427 15 4.8741e-05
428 14 4.54916e-05
429 15 4.8741e-05
430 18 5.84892e-05
431 18 5.84892e-05
432 16 5.19904e-05
433 21 6.82374e-05
434 30 9.7482e-05
435 11 3.57434e-05
436 15 4.8741e-05
437 20 6.4988e-05
438 17 5.52398e-05
439 17 5.52398e-05
440 21 6.82374e-05
441 16 5.19904e-05
442 18 5.84892e-05
443 11 3.57434e-05
444 11 3.57434e-05
445 22 7.14868e-05
446 17 5.52398e-05
447 16 5.19904e-05
448 19 6.17386e-05
449 20 6.4988e-05
450 16 5.19904e-05
451 19 6.17386e-05
452 16 5.19904e-05
453 15 4.8741e-05
454 19 6.17386e-05
455 17 5.52398e-05
456 13 4.22422e-05
457 17 5.52398e-05
458 18 5.84892e-05
459 17 5.52398e-05
460 21 6.82374e-05
461 20 6.4988e-05
462 21 6.82374e-05
463 17 5.52398e-05
464 17 5.52398e-05
465 19 6.17386e-05
466 19 6.17386e-05
467 19 6.17386e-05
468 23 7.47362e-05
469 19 6.17386e-05
470 15 4.8741e-05
471 12 3.89928e-05
472 23 7.47362e-05
473 21 6.82374e-05
474 24 7.79856e-05
475 17 5.52398e-05
476 16 5.19904e-05
477 11 3.57434e-05
478 14 4.54916e-05
479 18 5.84892e-05
480 24 7.79856e-05
481 21 6.82374e-05
482 13 4.22422e-05
483 14 4.54916e-05
484 16 5.19904e-05
485 18 5.84892e-05
486 13 4.22422e-05
487 17 5.52398e-05
488 19 6.17386e-05
489 20 6.4988e-05
490 20 6.4988e-05
491 17 5.52398e-05
492 19 6.17386e-05
493 10 3.2494e-05
494 11 3.57434e-05
495 17 5.52398e-05
496 18 5.84892e-05
497 13 4.22422e-05
498 15 4.8741e-05
499 19 6.17386e-05
500 17 5.52398e-05
501 9 2.92446e-05
502 16 5.19904e-05
503 13 4.22422e-05
504 19 6.17386e-05
505 10 3.2494e-05
506 17 5.52398e-05
507 19 6.17386e-05
508 13 4.22422e-05
509 11 3.57434e-05
510 20 6.4988e-05
511 12 3.89928e-05
512 9 2.92446e-05
513 12 3.89928e-05
514 14 4.54916e-05
515 12 3.89928e-05
516 18 5.84892e-05
517 9 2.92446e-05
518 15 4.8741e-05
519 15 4.8741e-05
520 13 4.22422e-05
521 12 3.89928e-05
522 18 5.84892e-05
523 16 5.19904e-05
524 17 5.52398e-05
525 18 5.84892e-05
526 17 5.52398e-05
527 17 5.52398e-05
528 15 4.8741e-05
529 19 6.17386e-05
530 20 6.4988e-05
531 20 6.4988e-05
532 11 3.57434e-05
533 10 3.2494e-05
534 15 4.8741e-05
535 17 5.52398e-05
536 11 3.57434e-05
537 11 3.57434e-05
538 13 4.22422e-05
539 5 1.6247e-05
540 11 3.57434e-05
541 15 4.8741e-05
542 13 4.22422e-05
543 11 3.57434e-05
544 15 4.8741e-05
545 14 4.54916e-05
546 16 5.19904e-05
547 18 5.84892e-05
548 12 3.89928e-05
549 12 3.89928e-05
550 13 4.22422e-05
551 12 3.89928e-05
552 16 5.19904e-05
553 14 4.54916e-05
554 13 4.22422e-05
555 13 4.22422e-05
556 11 3.57434e-05
557 8 2.59952e-05
558 15 4.8741e-05
559 13 4.22422e-05
560 17 5.52398e-05
561 12 3.89928e-05
562 14 4.54916e-05
563 14 4.54916e-05
564 6 1.94964e-05
565 13 4.22422e-05
566 18 5.84892e-05
567 10 3.2494e-05
568 14 4.54916e-05
569 8 2.59952e-05
570 15 4.8741e-05
571 14 4.54916e-05
572 16 5.19904e-05
573 16 5.19904e-05
574 21 6.82374e-05
575 18 5.84892e-05
576 21 6.82374e-05
577 9 2.92446e-05
578 13 4.22422e-05
579 17 5.52398e-05
580 7 2.27458e-05
581 13 4.22422e-05
582 16 5.19904e-05
583 19 6.17386e-05
584 14 4.54916e-05
585 16 5.19904e-05
586 11 3.57434e-05
587 10 3.2494e-05
588 24 7.79856e-05
589 18 5.84892e-05
590 14 4.54916e-05
591 11 3.57434e-05
592 11 3.57434e-05
593 12 3.89928e-05
594 21 6.82374e-05
595 12 3.89928e-05
596 17 5.52398e-05
597 10 3.2494e-05
598 18 5.84892e-05
599 20 6.4988e-05
600 14 4.54916e-05
601 15 4.8741e-05
602 13 4.22422e-05
603 12 3.89928e-05
604 15 4.8741e-05
605 11 3.57434e-05
606 10 3.2494e-05
607 15 4.8741e-05
608 19 6.17386e-05
609 13 4.22422e-05
610 7 2.27458e-05
611 17 5.52398e-05
612 12 3.89928e-05
613 16 5.19904e-05
614 22 7.14868e-05
615 13 4.22422e-05
616 13 4.22422e-05
617 14 4.54916e-05
618 21 6.82374e-05
619 12 3.89928e-05
620 8 2.59952e-05
621 10 3.2494e-05
622 12 3.89928e-05
623 11 3.57434e-05
624 13 4.22422e-05
625 16 5.19904e-05
626 21 6.82374e-05
627 14 4.54916e-05
628 13 4.22422e-05
629 15 4.8741e-05
630 12 3.89928e-05
631 24 7.79856e-05
632 11 3.57434e-05
633 10 3.2494e-05
634 19 6.17386e-05
635 13 4.22422e-05
636 15 4.8741e-05
637 12 3.89928e-05
638 8 2.59952e-05
639 10 3.2494e-05
640 8 2.59952e-05
641 22 7.14868e-05
642 18 5.84892e-05
643 11 3.57434e-05
644 22 7.14868e-05
645 14 4.54916e-05
646 14 4.54916e-05
647 8 2.59952e-05
648 11 3.57434e-05
649 13 4.22422e-05
650 5 1.6247e-05
651 15 4.8741e-05
652 9 2.92446e-05
653 17 5.52398e-05
654 11 3.57434e-05
655 6 1.94964e-05
656 6 1.94964e-05
657 8 2.59952e-05
658 13 4.22422e-05
659 18 5.84892e-05
660 12 3.89928e-05
661 11 3.57434e-05
662 14 4.54916e-05
663 5 1.6247e-05
664 9 2.92446e-05
665 20 6.4988e-05
666 9 2.92446e-05
667 12 3.89928e-05
668 10 3.2494e-05
669 12 3.89928e-05
670 5 1.6247e-05
671 14 4.54916e-05
672 12 3.89928e-05
673 14 4.54916e-05
674 13 4.22422e-05
675 10 3.2494e-05
676 16 5.19904e-05
677 13 4.22422e-05
678 7 2.27458e-05
679 10 3.2494e-05
680 13 4.22422e-05
681 8 2.59952e-05
682 4 1.29976e-05
683 10 3.2494e-05
684 10 3.2494e-05
685 7 2.27458e-05
686 13 4.22422e-05
687 9 2.92446e-05
688 14 4.54916e-05
689 8 2.59952e-05
690 10 3.2494e-05
691 13 4.22422e-05
692 8 2.59952e-05
693 13 4.22422e-05
694 14 4.54916e-05
695 10 3.2494e-05
696 15 4.8741e-05
697 9 2.92446e-05
698 13 4.22422e-05
699 13 4.22422e-05
700 7 2.27458e-05
701 16 5.19904e-05
702 10 3.2494e-05
703 7 2.27458e-05
704 6 1.94964e-05
705 13 4.22422e-05
706 13 4.22422e-05
707 9 2.92446e-05
708 12 3.89928e-05
709 9 2.92446e-05
710 9 2.92446e-05
711 8 2.59952e-05
712 14 4.54916e-05
713 14 4.54916e-05
714 12 3.89928e-05
715 11 3.57434e-05
716 10 3.2494e-05
717 10 3.2494e-05
718 14 4.54916e-05
719 10 3.2494e-05
720 10 3.2494e-05
721 12 3.89928e-05
722 9 2.92446e-05
723 16 5.19904e-05
724 9 2.92446e-05
725 9 2.92446e-05
726 10 3.2494e-05
727 11 3.57434e-05
728 12 3.89928e-05
729 18 5.84892e-05
730 16 5.19904e-05
731 11 3.57434e-05
732 9 2.92446e-05
733 12 3.89928e-05
734 9 2.92446e-05
735 13 4.22422e-05
736 12 3.89928e-05
737 12 3.89928e-05
738 13 4.22422e-05
739 8 2.59952e-05
740 9 2.92446e-05
741 13 4.22422e-05
742 8 2.59952e-05
743 5 1.6247e-05
744 6 1.94964e-05
745 12 3.89928e-05
746 14 4.54916e-05
747 10 3.2494e-05
748 10 3.2494e-05
749 8 2.59952e-05
750 9 2.92446e-05
751 9 2.92446e-05
752 9 2.92446e-05
753 9 2.92446e-05
754 13 4.22422e-05
755 10 3.2494e-05
756 5 1.6247e-05
757 7 2.27458e-05
758 3 9.7482e-06
759 13 4.22422e-05
760 5 1.6247e-05
761 10 3.2494e-05
762 18 5.84892e-05
763 11 3.57434e-05
764 7 2.27458e-05
765 5 1.6247e-05
766 10 3.2494e-05
767 5 1.6247e-05
768 14 4.54916e-05
769 12 3.89928e-05
770 11 3.57434e-05
771 9 2.92446e-05
772 12 3.89928e-05
773 5 1.6247e-05
774 7 2.27458e-05
775 22 7.14868e-05
776 9 2.92446e-05
777 6 1.94964e-05
778 13 4.22422e-05
779 13 4.22422e-05
780 13 4.22422e-05
781 14 4.54916e-05
782 11 3.57434e-05
783 10 3.2494e-05
784 11 3.57434e-05
785 6 1.94964e-05
786 14 4.54916e-05
787 6 1.94964e-05
788 9 2.92446e-05
789 13 4.22422e-05
790 9 2.92446e-05
791 13 4.22422e-05
792 12 3.89928e-05
793 4 1.29976e-05
794 10 3.2494e-05
795 7 2.27458e-05
796 10 3.2494e-05
797 8 2.59952e-05
798 11 3.57434e-05
799 10 3.2494e-05
800 10 3.2494e-05
801 12 3.89928e-05
802 10 3.2494e-05
803 9 2.92446e-05
804 10 3.2494e-05
805 11 3.57434e-05
806 8 2.59952e-05
807 11 3.57434e-05
808 5 1.6247e-05
809 13 4.22422e-05
810 7 2.27458e-05
811 12 3.89928e-05
812 5 1.6247e-05
813 7 2.27458e-05
814 7 2.27458e-05
815 13 4.22422e-05
816 7 2.27458e-05
817 9 2.92446e-05
818 9 2.92446e-05
819 13 4.22422e-05
820 8 2.59952e-05
821 11 3.57434e-05
822 16 5.19904e-05
823 8 2.59952e-05
824 9 2.92446e-05
825 7 2.27458e-05
826 13 4.22422e-05
827 10 3.2494e-05
828 8 2.59952e-05
829 6 1.94964e-05
830 12 3.89928e-05
831 11 3.57434e-05
832 10 3.2494e-05
833 10 3.2494e-05
834 7 2.27458e-05
835 10 3.2494e-05
836 8 2.59952e-05
837 10 3.2494e-05
838 7 2.27458e-05
839 10 3.2494e-05
840 10 3.2494e-05
841 13 4.22422e-05
842 6 1.94964e-05
843 4 1.29976e-05
844 7 2.27458e-05
845 11 3.57434e-05
846 14 4.54916e-05
847 11 3.57434e-05
848 8 2.59952e-05
849 8 2.59952e-05
850 9 2.92446e-05
851 16 5.19904e-05
852 7 2.27458e-05
853 11 3.57434e-05
854 11 3.57434e-05
855 6 1.94964e-05
856 10 3.2494e-05
857 12 3.89928e-05
858 10 3.2494e-05
859 8 2.59952e-05
860 10 3.2494e-05
861 10 3.2494e-05
862 8 2.59952e-05
863 9 2.92446e-05
864 11 3.57434e-05
865 13 4.22422e-05
866 9 2.92446e-05
867 9 2.92446e-05
868 7 2.27458e-05
869 7 2.27458e-05
870 9 2.92446e-05
871 5 1.6247e-05
872 11 3.57434e-05
873 12 3.89928e-05
874 10 3.2494e-05
875 11 3.57434e-05
876 13 4.22422e-05
877 10 3.2494e-05
878 6 1.94964e-05
879 7 2.27458e-05
880 7 2.27458e-05
881 7 2.27458e-05
882 5 1.6247e-05
883 13 4.22422e-05
884 11 3.57434e-05
885 11 3.57434e-05
886 10 3.2494e-05
887 15 4.8741e-05
888 11 3.57434e-05
889 6 1.94964e-05
890 12 3.89928e-05
891 11 3.57434e-05
892 4 1.29976e-05
893 8 2.59952e-05
894 3 9.7482e-06
895 12 3.89928e-05
896 13 4.22422e-05
897 9 2.92446e-05
898 7 2.27458e-05
899 9 2.92446e-05
900 5 1.6247e-05
901 7 2.27458e-05
902 5 1.6247e-05
903 11 3.57434e-05
904 10 3.2494e-05
905 11 3.57434e-05
906 8 2.59952e-05
907 9 2.92446e-05
908 16 5.19904e-05
909 4 1.29976e-05
910 9 2.92446e-05
911 8 2.59952e-05
912 6 1.94964e-05
913 7 2.27458e-05
914 8 2.59952e-05
915 7 2.27458e-05
916 5 1.6247e-05
917 11 3.57434e-05
918 7 2.27458e-05
919 4 1.29976e-05
920 11 3.57434e-05
921 10 3.2494e-05
922 8 2.59952e-05
923 5 1.6247e-05
924 6 1.94964e-05
925 7 2.27458e-05
926 12 3.89928e-05
927 10 3.2494e-05
928 11 3.57434e-05
929 6 1.94964e-05
930 4 1.29976e-05
931 15 4.8741e-05
932 5 1.6247e-05
933 10 3.2494e-05
934 13 4.22422e-05
935 13 4.22422e-05
936 13 4.22422e-05
937 9 2.92446e-05
938 10 3.2494e-05
939 5 1.6247e-05
940 8 2.59952e-05
941 7 2.27458e-05
942 8 2.59952e-05
943 7 2.27458e-05
944 7 2.27458e-05
945 8 2.59952e-05
946 8 2.59952e-05
947 4 1.29976e-05
948 11 3.57434e-05
949 15 4.8741e-05
950 8 2.59952e-05
951 11 3.57434e-05
952 9 2.92446e-05
953 10 3.2494e-05
954 7 2.27458e-05
955 9 2.92446e-05
956 3 9.7482e-06
957 6 1.94964e-05
958 6 1.94964e-05
959 8 2.59952e-05
960 5 1.6247e-05
961 8 2.59952e-05
962 10 3.2494e-05
963 13 4.22422e-05
964 15 4.8741e-05
965 6 1.94964e-05
966 8 2.59952e-05
967 7 2.27458e-05
968 11 3.57434e-05
969 9 2.92446e-05
970 4 1.29976e-05
971 9 2.92446e-05
972 12 3.89928e-05
973 9 2.92446e-05
974 7 2.27458e-05
975 7 2.27458e-05
976 11 3.57434e-05
977 12 3.89928e-05
978 7 2.27458e-05
979 4 1.29976e-05
980 7 2.27458e-05
981 8 2.59952e-05
982 11 3.57434e-05
983 10 3.2494e-05
984 7 2.27458e-05
985 8 2.59952e-05
986 8 2.59952e-05
987 7 2.27458e-05
988 2 6.4988e-06
989 8 2.59952e-05
990 11 3.57434e-05
991 11 3.57434e-05
992 7 2.27458e-05
993 7 2.27458e-05
994 9 2.92446e-05
995 9 2.92446e-05
996 11 3.57434e-05
997 10 3.2494e-05
998 10 3.2494e-05
999 8 2.59952e-05
1000 11 3.57434e-05
1001 4 1.29976e-05
1002 7 2.27458e-05
1003 6 1.94964e-05
1004 9 2.92446e-05
1005 3 9.7482e-06
1006 5 1.6247e-05
1007 11 3.57434e-05
1008 10 3.2494e-05
1009 9 2.92446e-05
1010 11 3.57434e-05
1011 6 1.94964e-05
1012 6 1.94964e-05
1013 8 2.59952e-05
1014 6 1.94964e-05
1015 14 4.54916e-05
1016 9 2.92446e-05
1017 15 4.8741e-05
1018 8 2.59952e-05
1019 4 1.29976e-05
1020 8 2.59952e-05
1021 7 2.27458e-05
1022 6 1.94964e-05
1023 5 1.6247e-05
1024 8 2.59952e-05
1025 13 4.22422e-05
1026 7 2.27458e-05
1027 14 4.54916e-05
1028 5 1.6247e-05
1029 5 1.6247e-05
1030 7 2.27458e-05
1031 8 2.59952e-05
1032 5 1.6247e-05
1033 10 3.2494e-05
1034 6 1.94964e-05
1035 5 1.6247e-05
1036 15 4.8741e-05
1037 15 4.8741e-05
1038 4 1.29976e-05
1039 15 4.8741e-05
1040 7 2.27458e-05
1041 10 3.2494e-05
1042 10 3.2494e-05
1043 8 2.59952e-05
1044 8 2.59952e-05
1045 5 1.6247e-05
1046 4 1.29976e-05
1047 18 5.84892e-05
1048 10 3.2494e-05
1049 5 1.6247e-05
1050 6 1.94964e-05
1051 3 9.7482e-06
1052 9 2.92446e-05
1053 4 1.29976e-05
1054 8 2.59952e-05
1055 8 2.59952e-05
1056 6 1.94964e-05
1057 4 1.29976e-05
1058 6 1.94964e-05
1059 6 1.94964e-05
1060 7 2.27458e-05
1061 12 3.89928e-05
1062 6 1.94964e-05
1063 6 1.94964e-05
1064 8 2.59952e-05
1065 6 1.94964e-05
1066 7 2.27458e-05
1067 10 3.2494e-05
1068 5 1.6247e-05
1069 6 1.94964e-05
1070 8 2.59952e-05
1071 8 2.59952e-05
1072 7 2.27458e-05
1073 13 4.22422e-05
1074 8 2.59952e-05
1075 9 2.92446e-05
1076 6 1.94964e-05
1077 6 1.94964e-05
1078 8 2.59952e-05
1079 5 1.6247e-05
1080 9 2.92446e-05
1081 9 2.92446e-05
1082 4 1.29976e-05
1083 11 3.57434e-05
1084 7 2.27458e-05
1085 7 2.27458e-05
1086 13 4.22422e-05
1087 12 3.89928e-05
1088 7 2.27458e-05
1089 13 4.22422e-05
1090 9 2.92446e-05
1091 9 2.92446e-05
1092 7 2.27458e-05
1093 3 9.7482e-06
1094 4 1.29976e-05
1095 12 3.89928e-05
1096 7 2.27458e-05
1097 7 2.27458e-05
1098 7 2.27458e-05
1099 5 1.6247e-05
1100 10 3.2494e-05
1101 9 2.92446e-05
1102 5 1.6247e-05
1103 6 1.94964e-05
1104 12 3.89928e-05
1105 10 3.2494e-05
1106 4 1.29976e-05
1107 6 1.94964e-05
1108 6 1.94964e-05
1109 6 1.94964e-05
1110 4 1.29976e-05
1111 11 3.57434e-05
1112 9 2.92446e-05
1113 7 2.27458e-05
1114 10 3.2494e-05
1115 7 2.27458e-05
1116 13 4.22422e-05
1117 6 1.94964e-05
1118 4 1.29976e-05
1119 4 1.29976e-05
1120 11 3.57434e-05
1121 11 3.57434e-05
1122 3 9.7482e-06
1123 6 1.94964e-05
1124 3 9.7482e-06
1125 2 6.4988e-06
1126 4 1.29976e-05
1127 8 2.59952e-05
1128 14 4.54916e-05
1129 4 1.29976e-05
1130 4 1.29976e-05
1131 8 2.59952e-05
1132 1 3.2494e-06
1133 3 9.7482e-06
1134 8 2.59952e-05
1135 9 2.92446e-05
1136 5 1.6247e-05
1137 6 1.94964e-05
1138 5 1.6247e-05
1139 4 1.29976e-05
1140 4 1.29976e-05
1141 4 1.29976e-05
1142 12 3.89928e-05
1143 13 4.22422e-05
1144 4 1.29976e-05
1145 12 3.89928e-05
1146 6 1.94964e-05
1147 5 1.6247e-05
1148 3 9.7482e-06
1149 8 2.59952e-05
1150 4 1.29976e-05
1151 4 1.29976e-05
1152 9 2.92446e-05
1153 7 2.27458e-05
1154 6 1.94964e-05
1155 3 9.7482e-06
1156 2 6.4988e-06
1157 2 6.4988e-06
1158 11 3.57434e-05
1159 2 6.4988e-06
1160 6 1.94964e-05
1161 3 9.7482e-06
1162 4 1.29976e-05
1163 5 1.6247e-05
1164 7 2.27458e-05
1165 4 1.29976e-05
1166 2 6.4988e-06
1167 5 1.6247e-05
1168 12 3.89928e-05
1169 2 6.4988e-06
1170 9 2.92446e-05
1171 5 1.6247e-05
1172 2 6.4988e-06
1173 7 2.27458e-05
1174 3 9.7482e-06
1175 3 9.7482e-06
1176 2 6.4988e-06
1177 5 1.6247e-05
1178 6 1.94964e-05
1179 5 1.6247e-05
1180 6 1.94964e-05
1181 7 2.27458e-05
1182 4 1.29976e-05
1183 6 1.94964e-05
1184 7 2.27458e-05
1185 6 1.94964e-05
1186 6 1.94964e-05
1187 5 1.6247e-05
1188 7 2.27458e-05
1189 7 2.27458e-05
1190 7 2.27458e-05
1191 11 3.57434e-05
1192 5 1.6247e-05
1193 8 2.59952e-05
1194 10 3.2494e-05
1195 7 2.27458e-05
1196 6 1.94964e-05
1197 5 1.6247e-05
1198 4 1.29976e-05
1199 5 1.6247e-05
1200 3 9.7482e-06
1201 8 2.59952e-05
1202 9 2.92446e-05
1203 5 1.6247e-05
1204 6 1.94964e-05
1205 3 9.7482e-06
1206 7 2.27458e-05
1207 4 1.29976e-05
1208 4 1.29976e-05
1209 7 2.27458e-05
1210 7 2.27458e-05
1211 6 1.94964e-05
1212 5 1.6247e-05
1213 11 3.57434e-05
1214 1 3.2494e-06
1215 4 1.29976e-05
1216 7 2.27458e-05
1217 2 6.4988e-06
1218 5 1.6247e-05
1219 9 2.92446e-05
1220 4 1.29976e-05
1221 4 1.29976e-05
1222 5 1.6247e-05
1223 4 1.29976e-05
1224 4 1.29976e-05
1225 9 2.92446e-05
1226 4 1.29976e-05
1227 4 1.29976e-05
1228 5 1.6247e-05
1229 10 3.2494e-05
1230 8 2.59952e-05
1231 1 3.2494e-06
1232 7 2.27458e-05
1233 6 1.94964e-05
1234 7 2.27458e-05
1235 5 1.6247e-05
1236 8 2.59952e-05
1237 9 2.92446e-05
1238 5 1.6247e-05
1239 5 1.6247e-05
1240 5 1.6247e-05
1241 7 2.27458e-05
1242 4 1.29976e-05
1243 6 1.94964e-05
1244 5 1.6247e-05
1245 5 1.6247e-05
1246 9 2.92446e-05
1247 7 2.27458e-05
1248 5 1.6247e-05
1249 2 6.4988e-06
1250 4 1.29976e-05
1251 8 2.59952e-05
1252 2 6.4988e-06
1253 5 1.6247e-05
1254 4 1.29976e-05
1255 8 2.59952e-05
1256 2 6.4988e-06
1257 11 3.57434e-05
1258 4 1.29976e-05
1259 1 3.2494e-06
1260 9 2.92446e-05
1261 5 1.6247e-05
1262 10 3.2494e-05
1263 4 1.29976e-05
1264 3 9.7482e-06
1265 3 9.7482e-06
1266 4 1.29976e-05
1267 2 6.4988e-06
1268 6 1.94964e-05
1269 3 9.7482e-06
1270 4 1.29976e-05
1271 1 3.2494e-06
1272 5 1.6247e-05
1273 6 1.94964e-05
1274 6 1.94964e-05
1275 6 1.94964e-05
1276 5 1.6247e-05
1277 4 1.29976e-05
1278 3 9.7482e-06
1279 5 1.6247e-05
1280 2 6.4988e-06
1281 7 2.27458e-05
1282 4 1.29976e-05
1283 4 1.29976e-05
1284 7 2.27458e-05
1285 8 2.59952e-05
1286 5 1.6247e-05
1287 5 1.6247e-05
1288 2 6.4988e-06
1289 4 1.29976e-05
1290 3 9.7482e-06
1291 8 2.59952e-05
1292 8 2.59952e-05
1293 3 9.7482e-06
1294 4 1.29976e-05
1295 3 9.7482e-06
1296 7 2.27458e-05
1297 6 1.94964e-05
1298 4 1.29976e-05
1299 9 2.92446e-05
1300 5 1.6247e-05
1301 5 1.6247e-05
1302 9 2.92446e-05
1303 5 1.6247e-05
1304 6 1.94964e-05
1305 3 9.7482e-06
1306 6 1.94964e-05
1307 1 3.2494e-06
1308 10 3.2494e-05
1309 5 1.6247e-05
1310 2 6.4988e-06
1311 7 2.27458e-05
1312 6 1.94964e-05
1313 2 6.4988e-06
1314 5 1.6247e-05
1315 2 6.4988e-06
1316 3 9.7482e-06
1317 1 3.2494e-06
1318 10 3.2494e-05
1319 5 1.6247e-05
1320 6 1.94964e-05
1321 8 2.59952e-05
1322 5 1.6247e-05
1323 4 1.29976e-05
1324 5 1.6247e-05
1325 4 1.29976e-05
1326 4 1.29976e-05
1327 5 1.6247e-05
1328 7 2.27458e-05
1329 5 1.6247e-05
1330 7 2.27458e-05
1331 4 1.29976e-05
1332 4 1.29976e-05
1333 7 2.27458e-05
1334 5 1.6247e-05
1335 7 2.27458e-05
1336 7 2.27458e-05
1337 5 1.6247e-05
1338 7 2.27458e-05
1339 8 2.59952e-05
1340 6 1.94964e-05
1341 8 2.59952e-05
1342 5 1.6247e-05
1343 8 2.59952e-05
1344 6 1.94964e-05
1345 5 1.6247e-05
1346 3 9.7482e-06
1347 4 1.29976e-05
1348 5 1.6247e-05
1349 7 2.27458e-05
1350 3 9.7482e-06
1351 5 1.6247e-05
1352 5 1.6247e-05
1353 6 1.94964e-05
1354 8 2.59952e-05
1355 6 1.94964e-05
1356 8 2.59952e-05
1357 6 1.94964e-05
1358 6 1.94964e-05
1359 11 3.57434e-05
1360 5 1.6247e-05
1361 4 1.29976e-05
1362 7 2.27458e-05
1363 7 2.27458e-05
1364 3 9.7482e-06
1366 10 3.2494e-05
1367 5 1.6247e-05
1368 9 2.92446e-05
1369 9 2.92446e-05
1370 9 2.92446e-05
1371 4 1.29976e-05
1372 4 1.29976e-05
1373 4 1.29976e-05
1374 4 1.29976e-05
1375 10 3.2494e-05
1376 3 9.7482e-06
1377 8 2.59952e-05
1378 7 2.27458e-05
1379 7 2.27458e-05
1380 7 2.27458e-05
1381 7 2.27458e-05
1382 5 1.6247e-05
1383 4 1.29976e-05
1384 7 2.27458e-05
1385 5 1.6247e-05
1386 6 1.94964e-05
1387 5 1.6247e-05
1388 6 1.94964e-05
1389 7 2.27458e-05
1390 10 3.2494e-05
1391 1 3.2494e-06
1392 4 1.29976e-05
1393 7 2.27458e-05
1394 4 1.29976e-05
1395 9 2.92446e-05
1396 8 2.59952e-05
1397 9 2.92446e-05
1398 8 2.59952e-05
1399 4 1.29976e-05
1400 7 2.27458e-05
1401 6 1.94964e-05
1402 3 9.7482e-06
1403 3 9.7482e-06
1404 7 2.27458e-05
1405 2 6.4988e-06
1406 11 3.57434e-05
1407 9 2.92446e-05
1408 7 2.27458e-05
1409 4 1.29976e-05
1410 8 2.59952e-05
1411 3 9.7482e-06
1412 9 2.92446e-05
1413 2 6.4988e-06
1414 8 2.59952e-05
1415 7 2.27458e-05
1416 6 1.94964e-05
1417 6 1.94964e-05
1418 4 1.29976e-05
1419 3 9.7482e-06
1420 5 1.6247e-05
1421 6 1.94964e-05
1422 3 9.7482e-06
1423 5 1.6247e-05
1424 1 3.2494e-06
1425 9 2.92446e-05
1426 5 1.6247e-05
1427 2 6.4988e-06
1428 6 1.94964e-05
1429 6 1.94964e-05
1430 6 1.94964e-05
1431 4 1.29976e-05
1432 6 1.94964e-05
1433 7 2.27458e-05
1434 9 2.92446e-05
1435 5 1.6247e-05
1436 8 2.59952e-05
1437 6 1.94964e-05
1438 1 3.2494e-06
1439 8 2.59952e-05
1440 2 6.4988e-06
1441 5 1.6247e-05
1442 9 2.92446e-05
1443 7 2.27458e-05
1444 7 2.27458e-05
1445 6 1.94964e-05
1446 5 1.6247e-05
1447 5 1.6247e-05
1448 8 2.59952e-05
1449 8 2.59952e-05
1450 8 2.59952e-05
1451 5 1.6247e-05
1452 13 4.22422e-05
1453 6 1.94964e-05
1454 5 1.6247e-05
1455 4 1.29976e-05
1456 5 1.6247e-05
1457 4 1.29976e-05
1458 5 1.6247e-05
1459 5 1.6247e-05
1460 1 3.2494e-06
1461 5 1.6247e-05
1462 7 2.27458e-05
1463 5 1.6247e-05
1464 4 1.29976e-05
1465 3 9.7482e-06
1466 9 2.92446e-05
1467 3 9.7482e-06
1468 3 9.7482e-06
1469 2 6.4988e-06
1470 4 1.29976e-05
1471 7 2.27458e-05
1472 6 1.94964e-05
1473 4 1.29976e-05
1474 10 3.2494e-05
1475 5 1.6247e-05
1476 3 9.7482e-06
1477 3 9.7482e-06
1478 3 9.7482e-06
1479 2 6.4988e-06
1480 2 6.4988e-06
1481 1 3.2494e-06
1482 2 6.4988e-06
1483 6 1.94964e-05
1484 4 1.29976e-05
1485 2 6.4988e-06
1486 3 9.7482e-06
1487 6 1.94964e-05
1489 1 3.2494e-06
1490 4 1.29976e-05
1491 1 3.2494e-06
1492 6 1.94964e-05
1493 1 3.2494e-06
1494 3 9.7482e-06
1495 6 1.94964e-05
1496 4 1.29976e-05
1497 2 6.4988e-06
1498 5 1.6247e-05
1499 5 1.6247e-05
1500 6 1.94964e-05
1501 6 1.94964e-05
1502 4 1.29976e-05
1503 3 9.7482e-06
1504 1 3.2494e-06
1505 5 1.6247e-05
1506 6 1.94964e-05
1507 7 2.27458e-05
1508 5 1.6247e-05
1509 3 9.7482e-06
1510 3 9.7482e-06
1511 3 9.7482e-06
1512 4 1.29976e-05
1514 3 9.7482e-06
1515 2 6.4988e-06
1516 3 9.7482e-06
1517 4 1.29976e-05
1518 6 1.94964e-05
1519 2 6.4988e-06
1520 5 1.6247e-05
1521 2 6.4988e-06
1522 3 9.7482e-06
1523 2 6.4988e-06
1524 1 3.2494e-06
1525 3 9.7482e-06
1526 1 3.2494e-06
1527 3 9.7482e-06
1528 3 9.7482e-06
1529 6 1.94964e-05
1530 4 1.29976e-05
1531 3 9.7482e-06
1532 4 1.29976e-05
1533 2 6.4988e-06
1534 3 9.7482e-06
1535 2 6.4988e-06
1536 2 6.4988e-06
1537 1 3.2494e-06
1538 1 3.2494e-06
1539 1 3.2494e-06
1540 2 6.4988e-06
1541 2 6.4988e-06
1542 3 9.7482e-06
1544 4 1.29976e-05
1545 3 9.7482e-06
1546 4 1.29976e-05
1547 1 3.2494e-06
1549 1 3.2494e-06
1550 1 3.2494e-06
1551 4 1.29976e-05
1552 3 9.7482e-06
1553 4 1.29976e-05
1554 1 3.2494e-06
1556 3 9.7482e-06
1557 4 1.29976e-05
1558 4 1.29976e-05
1559 1 3.2494e-06
1560 1 3.2494e-06
1561 2 6.4988e-06
1562 7 2.27458e-05
1563 2 6.4988e-06
1564 1 3.2494e-06
1565 3 9.7482e-06
1566 3 9.7482e-06
1567 5 1.6247e-05
1568 3 9.7482e-06
1569 4 1.29976e-05
1571 2 6.4988e-06
1572 1 3.2494e-06
1573 1 3.2494e-06
1574 2 6.4988e-06
1575 3 9.7482e-06
1576 4 1.29976e-05
1577 1 3.2494e-06
1579 5 1.6247e-05
1580 3 9.7482e-06
1581 2 6.4988e-06
1582 1 3.2494e-06
1583 3 9.7482e-06
1584 4 1.29976e-05
1585 1 3.2494e-06
1586 3 9.7482e-06
1587 2 6.4988e-06
1588 1 3.2494e-06
1589 2 6.4988e-06
1590 2 6.4988e-06
1591 2 6.4988e-06
1592 3 9.7482e-06
1593 5 1.6247e-05
1594 3 9.7482e-06
1595 3 9.7482e-06
1596 2 6.4988e-06
1597 3 9.7482e-06
1598 1 3.2494e-06
1599 5 1.6247e-05
1600 2 6.4988e-06
1601 6 1.94964e-05
1602 3 9.7482e-06
1603 3 9.7482e-06
1604 3 9.7482e-06
1605 2 6.4988e-06
1606 2 6.4988e-06
1607 2 6.4988e-06
1608 3 9.7482e-06
1609 3 9.7482e-06
1610 1 3.2494e-06
1611 2 6.4988e-06
1612 2 6.4988e-06
1614 1 3.2494e-06
1615 1 3.2494e-06
1617 1 3.2494e-06
1620 1 3.2494e-06
1621 2 6.4988e-06
1623 2 6.4988e-06
1624 1 3.2494e-06
1625 2 6.4988e-06
1627 2 6.4988e-06
1629 1 3.2494e-06
1631 2 6.4988e-06
1632 2 6.4988e-06
1633 3 9.7482e-06
1634 3 9.7482e-06
1635 1 3.2494e-06
1637 4 1.29976e-05
1638 1 3.2494e-06
1639 1 3.2494e-06
1640 1 3.2494e-06
1641 4 1.29976e-05
1642 2 6.4988e-06
1643 2 6.4988e-06
1645 3 9.7482e-06
1646 3 9.7482e-06
1647 1 3.2494e-06
1649 2 6.4988e-06
1650 3 9.7482e-06
1651 1 3.2494e-06
1653 3 9.7482e-06
1654 1 3.2494e-06
1655 1 3.2494e-06
1656 1 3.2494e-06
1657 4 1.29976e-05
1658 4 1.29976e-05
1659 1 3.2494e-06
1660 2 6.4988e-06
1661 3 9.7482e-06
1664 2 6.4988e-06
1665 1 3.2494e-06
1666 1 3.2494e-06
1667 1 3.2494e-06
1668 1 3.2494e-06
1669 2 6.4988e-06
1670 2 6.4988e-06
1672 2 6.4988e-06
1674 1 3.2494e-06
1675 3 9.7482e-06
1676 1 3.2494e-06
1678 1 3.2494e-06
1679 7 2.27458e-05
1680 3 9.7482e-06
1681 2 6.4988e-06
1682 2 6.4988e-06
1684 3 9.7482e-06
1685 5 1.6247e-05
1687 1 3.2494e-06
1688 3 9.7482e-06
1690 1 3.2494e-06
1691 3 9.7482e-06
1692 1 3.2494e-06
1694 1 3.2494e-06
1697 2 6.4988e-06
1698 2 6.4988e-06
1699 1 3.2494e-06
1700 2 6.4988e-06
1701 1 3.2494e-06
1703 3 9.7482e-06
1704 1 3.2494e-06
1705 3 9.7482e-06
1706 3 9.7482e-06
1707 1 3.2494e-06
1708 2 6.4988e-06
1709 1 3.2494e-06
1710 3 9.7482e-06
1711 1 3.2494e-06
1712 3 9.7482e-06
1713 2 6.4988e-06
1714 3 9.7482e-06
1716 1 3.2494e-06
1717 2 6.4988e-06
1719 2 6.4988e-06
1721 3 9.7482e-06
1722 2 6.4988e-06
1723 4 1.29976e-05
1724 2 6.4988e-06
1725 2 6.4988e-06
1726 1 3.2494e-06
1728 2 6.4988e-06
1729 3 9.7482e-06
1732 4 1.29976e-05
1733 2 6.4988e-06
1734 4 1.29976e-05
1735 2 6.4988e-06
1736 1 3.2494e-06
1737 2 6.4988e-06
1738 3 9.7482e-06
1739 4 1.29976e-05
1740 2 6.4988e-06
1741 2 6.4988e-06
1743 1 3.2494e-06
1744 2 6.4988e-06
1745 5 1.6247e-05
1746 5 1.6247e-05
1747 4 1.29976e-05
1748 1 3.2494e-06
1749 2 6.4988e-06
1750 1 3.2494e-06
1751 3 9.7482e-06
1752 1 3.2494e-06
1753 2 6.4988e-06
1754 1 3.2494e-06
1756 3 9.7482e-06
1758 2 6.4988e-06
1759 2 6.4988e-06
1760 1 3.2494e-06
1761 2 6.4988e-06
1762 4 1.29976e-05
1763 3 9.7482e-06
1764 2 6.4988e-06
1765 3 9.7482e-06
1766 4 1.29976e-05
1767 1 3.2494e-06
1768 2 6.4988e-06
1769 3 9.7482e-06
1770 3 9.7482e-06
1771 1 3.2494e-06
1772 1 3.2494e-06
1773 4 1.29976e-05
1774 1 3.2494e-06
1776 1 3.2494e-06
1778 2 6.4988e-06
1779 3 9.7482e-06
1780 1 3.2494e-06
1781 2 6.4988e-06
1783 1 3.2494e-06
1785 3 9.7482e-06
1786 3 9.7482e-06
1788 1 3.2494e-06
1789 1 3.2494e-06
1794 1 3.2494e-06
1795 2 6.4988e-06
1796 1 3.2494e-06
1797 4 1.29976e-05
1800 1 3.2494e-06
1801 1 3.2494e-06
1802 2 6.4988e-06
1803 1 3.2494e-06
1805 1 3.2494e-06
1807 1 3.2494e-06
1808 2 6.4988e-06
1809 2 6.4988e-06
1810 3 9.7482e-06
1811 1 3.2494e-06
1812 3 9.7482e-06
1813 2 6.4988e-06
1814 1 3.2494e-06
1815 1 3.2494e-06
1816 1 3.2494e-06
1817 3 9.7482e-06
1819 2 6.4988e-06
1820 2 6.4988e-06
1822 3 9.7482e-06
1823 2 6.4988e-06
1824 1 3.2494e-06
1827 1 3.2494e-06
1829 3 9.7482e-06
1830 3 9.7482e-06
1831 2 6.4988e-06
1832 2 6.4988e-06
1833 2 6.4988e-06
1834 2 6.4988e-06
1835 1 3.2494e-06
1836 1 3.2494e-06
1838 2 6.4988e-06
1839 1 3.2494e-06
1841 2 6.4988e-06
1842 1 3.2494e-06
1843 1 3.2494e-06
1844 1 3.2494e-06
1846 1 3.2494e-06
1847 1 3.2494e-06
1848 2 6.4988e-06
1849 1 3.2494e-06
1852 2 6.4988e-06
1853 1 3.2494e-06
1854 2 6.4988e-06
1855 1 3.2494e-06
1858 4 1.29976e-05
1860 3 9.7482e-06
1865 1 3.2494e-06
1867 2 6.4988e-06
1868 1 3.2494e-06
1869 1 3.2494e-06
1870 5 1.6247e-05
1871 3 9.7482e-06
1872 1 3.2494e-06
1873 1 3.2494e-06
1874 2 6.4988e-06
1875 1 3.2494e-06
1876 1 3.2494e-06
1877 2 6.4988e-06
1880 1 3.2494e-06
1881 2 6.4988e-06
1883 1 3.2494e-06
1884 3 9.7482e-06
1885 1 3.2494e-06
1887 2 6.4988e-06
1888 1 3.2494e-06
1890 1 3.2494e-06
1892 1 3.2494e-06
1893 1 3.2494e-06
1894 1 3.2494e-06
1895 2 6.4988e-06
1896 1 3.2494e-06
1899 2 6.4988e-06
1900 1 3.2494e-06
1901 1 3.2494e-06
1902 2 6.4988e-06
1903 3 9.7482e-06
1904 1 3.2494e-06
1905 1 3.2494e-06
1906 1 3.2494e-06
1908 1 3.2494e-06
1909 2 6.4988e-06
1910 1 3.2494e-06
1911 3 9.7482e-06
1912 1 3.2494e-06
1913 1 3.2494e-06
1914 1 3.2494e-06
1915 1 3.2494e-06
1916 2 6.4988e-06
1917 1 3.2494e-06
1919 1 3.2494e-06
1920 1 3.2494e-06
1921 1 3.2494e-06
1922 1 3.2494e-06
1923 1 3.2494e-06
1924 2 6.4988e-06
1926 1 3.2494e-06
1928 1 3.2494e-06
1929 1 3.2494e-06
1930 4 1.29976e-05
1931 1 3.2494e-06
1933 1 3.2494e-06
1934 3 9.7482e-06
1935 1 3.2494e-06
1937 5 1.6247e-05
1938 2 6.4988e-06
1939 3 9.7482e-06
1940 1 3.2494e-06
1941 2 6.4988e-06
1942 2 6.4988e-06
1943 2 6.4988e-06
1944 5 1.6247e-05
1945 2 6.4988e-06
1947 3 9.7482e-06
1948 1 3.2494e-06
1949 2 6.4988e-06
1950 2 6.4988e-06
1952 1 3.2494e-06
1954 4 1.29976e-05
1955 1 3.2494e-06
1956 1 3.2494e-06
1957 2 6.4988e-06
1958 1 3.2494e-06
1959 1 3.2494e-06
1960 1 3.2494e-06
1961 3 9.7482e-06
1962 2 6.4988e-06
1963 2 6.4988e-06
1964 2 6.4988e-06
1965 1 3.2494e-06
1966 1 3.2494e-06
1967 1 3.2494e-06
1968 2 6.4988e-06
1971 2 6.4988e-06
1972 1 3.2494e-06
1973 3 9.7482e-06
1974 2 6.4988e-06
1976 4 1.29976e-05
1977 2 6.4988e-06
1978 2 6.4988e-06
1979 2 6.4988e-06
1981 1 3.2494e-06
1982 2 6.4988e-06
1983 1 3.2494e-06
1984 2 6.4988e-06
1986 2 6.4988e-06
1992 3 9.7482e-06
1993 2 6.4988e-06
1994 1 3.2494e-06
1995 2 6.4988e-06
1996 2 6.4988e-06
1997 2 6.4988e-06
2001 1 3.2494e-06
2002 4 1.29976e-05
2004 3 9.7482e-06
2005 2 6.4988e-06
2006 3 9.7482e-06
2007 1 3.2494e-06
2008 1 3.2494e-06
2010 2 6.4988e-06
2011 1 3.2494e-06
2013 1 3.2494e-06
2014 1 3.2494e-06
2015 1 3.2494e-06
2016 2 6.4988e-06
2017 1 3.2494e-06
2018 1 3.2494e-06
2020 1 3.2494e-06
2021 1 3.2494e-06
2022 1 3.2494e-06
2023 4 1.29976e-05
2024 3 9.7482e-06
2025 3 9.7482e-06
2027 1 3.2494e-06
2029 2 6.4988e-06
2030 1 3.2494e-06
2031 2 6.4988e-06
2032 2 6.4988e-06
2033 2 6.4988e-06
2034 1 3.2494e-06
2035 3 9.7482e-06
2036 1 3.2494e-06
2037 1 3.2494e-06
2038 1 3.2494e-06
2039 1 3.2494e-06
2040 1 3.2494e-06
2041 2 6.4988e-06
2042 2 6.4988e-06
2043 3 9.7482e-06
2044 1 3.2494e-06
2045 1 3.2494e-06
2049 1 3.2494e-06
2050 3 9.7482e-06
2052 2 6.4988e-06
2053 2 6.4988e-06
2054 1 3.2494e-06
2055 1 3.2494e-06
2056 1 3.2494e-06
2059 3 9.7482e-06
2060 1 3.2494e-06
2062 2 6.4988e-06
2064 1 3.2494e-06
2066 3 9.7482e-06
2070 1 3.2494e-06
2071 2 6.4988e-06
2072 1 3.2494e-06
2073 1 3.2494e-06
2075 2 6.4988e-06
2076 2 6.4988e-06
2077 2 6.4988e-06
2078 1 3.2494e-06
2079 1 3.2494e-06
2080 1 3.2494e-06
2081 2 6.4988e-06
2083 2 6.4988e-06
2084 2 6.4988e-06
2085 2 6.4988e-06
2086 2 6.4988e-06
2092 3 9.7482e-06
2094 3 9.7482e-06
2096 2 6.4988e-06
2098 1 3.2494e-06
2100 3 9.7482e-06
2101 2 6.4988e-06
2105 3 9.7482e-06
2106 2 6.4988e-06
2110 1 3.2494e-06
2112 3 9.7482e-06
2113 1 3.2494e-06
2114 2 6.4988e-06
2117 2 6.4988e-06
2118 2 6.4988e-06
2120 1 3.2494e-06
2121 1 3.2494e-06
2122 1 3.2494e-06
2123 1 3.2494e-06
2124 1 3.2494e-06
2126 1 3.2494e-06
2127 3 9.7482e-06
2129 1 3.2494e-06
2130 2 6.4988e-06
2131 3 9.7482e-06
2133 4 1.29976e-05
2134 1 3.2494e-06
2137 1 3.2494e-06
2139 3 9.7482e-06
2142 4 1.29976e-05
2143 2 6.4988e-06
2145 2 6.4988e-06
2146 2 6.4988e-06
2148 3 9.7482e-06
2151 2 6.4988e-06
2153 2 6.4988e-06
2154 1 3.2494e-06
2158 2 6.4988e-06
2160 1 3.2494e-06
2161 1 3.2494e-06
2162 1 3.2494e-06
2163 2 6.4988e-06
2166 2 6.4988e-06
2169 1 3.2494e-06
2171 2 6.4988e-06
2173 1 3.2494e-06
2174 1 3.2494e-06
2175 1 3.2494e-06
2176 3 9.7482e-06
2178 2 6.4988e-06
2179 2 6.4988e-06
2181 1 3.2494e-06
2182 1 3.2494e-06
2183 3 9.7482e-06
2185 1 3.2494e-06
2189 4 1.29976e-05
2190 1 3.2494e-06
2191 1 3.2494e-06
2192 3 9.7482e-06
2193 1 3.2494e-06
2195 1 3.2494e-06
2196 2 6.4988e-06
2198 1 3.2494e-06
2200 3 9.7482e-06
2202 2 6.4988e-06
2203 1 3.2494e-06
2205 1 3.2494e-06
2206 1 3.2494e-06
2207 2 6.4988e-06
2208 1 3.2494e-06
2209 1 3.2494e-06
2210 3 9.7482e-06
2215 1 3.2494e-06
2217 1 3.2494e-06
2219 2 6.4988e-06
2220 1 3.2494e-06
2222 1 3.2494e-06
2223 1 3.2494e-06
2224 1 3.2494e-06
2225 1 3.2494e-06
2226 1 3.2494e-06
2228 1 3.2494e-06
2229 1 3.2494e-06
2230 2 6.4988e-06
2232 2 6.4988e-06
2233 1 3.2494e-06
2234 2 6.4988e-06
2235 1 3.2494e-06
2236 1 3.2494e-06
2238 1 3.2494e-06
2239 1 3.2494e-06
2240 1 3.2494e-06
2241 2 6.4988e-06
2244 3 9.7482e-06
2245 1 3.2494e-06
2246 1 3.2494e-06
2247 1 3.2494e-06
2248 1 3.2494e-06
2249 1 3.2494e-06
2251 1 3.2494e-06
2252 2 6.4988e-06
2253 2 6.4988e-06
2254 1 3.2494e-06
2255 1 3.2494e-06
2258 2 6.4988e-06
2259 3 9.7482e-06
2262 2 6.4988e-06
2263 4 1.29976e-05
2265 2 6.4988e-06
2267 3 9.7482e-06
2269 1 3.2494e-06
2273 2 6.4988e-06
2277 1 3.2494e-06
2278 1 3.2494e-06
2279 2 6.4988e-06
2280 1 3.2494e-06
2281 2 6.4988e-06
2282 2 6.4988e-06
2283 3 9.7482e-06
2285 2 6.4988e-06
2287 1 3.2494e-06
2290 1 3.2494e-06
2291 1 3.2494e-06
2293 2 6.4988e-06
2294 3 9.7482e-06
2298 1 3.2494e-06
2300 1 3.2494e-06
2301 1 3.2494e-06
2302 2 6.4988e-06
2306 1 3.2494e-06
2307 1 3.2494e-06
2311 2 6.4988e-06
2312 1 3.2494e-06
2313 1 3.2494e-06
2314 2 6.4988e-06
2316 2 6.4988e-06
2317 2 6.4988e-06
2318 1 3.2494e-06
2319 1 3.2494e-06
2323 1 3.2494e-06
2324 2 6.4988e-06
2325 2 6.4988e-06
2326 1 3.2494e-06
2327 1 3.2494e-06
2329 2 6.4988e-06
2333 1 3.2494e-06
2334 2 6.4988e-06
2335 1 3.2494e-06
2336 2 6.4988e-06
2337 1 3.2494e-06
2340 1 3.2494e-06
2341 2 6.4988e-06
2342 1 3.2494e-06
2345 1 3.2494e-06
2347 1 3.2494e-06
2348 1 3.2494e-06
2349 1 3.2494e-06
2350 1 3.2494e-06
2351 3 9.7482e-06
2352 1 3.2494e-06
2353 2 6.4988e-06
2354 1 3.2494e-06
2355 2 6.4988e-06
2357 1 3.2494e-06
2361 2 6.4988e-06
2364 1 3.2494e-06
2365 1 3.2494e-06
2366 1 3.2494e-06
2374 1 3.2494e-06
2377 1 3.2494e-06
2380 1 3.2494e-06
2382 1 3.2494e-06
2383 2 6.4988e-06
2384 1 3.2494e-06
2386 1 3.2494e-06
2389 2 6.4988e-06
2390 2 6.4988e-06
2391 3 9.7482e-06
2392 2 6.4988e-06
2395 2 6.4988e-06
2397 3 9.7482e-06
2399 1 3.2494e-06
2400 2 6.4988e-06
2405 1 3.2494e-06
2406 3 9.7482e-06
2409 1 3.2494e-06
2412 1 3.2494e-06
2413 2 6.4988e-06
2414 1 3.2494e-06
2415 2 6.4988e-06
2416 1 3.2494e-06
2417 2 6.4988e-06
2418 1 3.2494e-06
2421 2 6.4988e-06
2423 3 9.7482e-06
2424 1 3.2494e-06
2426 1 3.2494e-06
2427 1 3.2494e-06
2428 3 9.7482e-06
2431 1 3.2494e-06
2435 2 6.4988e-06
2437 1 3.2494e-06
2438 1 3.2494e-06
2439 1 3.2494e-06
2440 1 3.2494e-06
2441 1 3.2494e-06
2444 1 3.2494e-06
2445 2 6.4988e-06
2446 2 6.4988e-06
2447 2 6.4988e-06
2448 1 3.2494e-06
2449 1 3.2494e-06
2452 1 3.2494e-06
2453 1 3.2494e-06
2454 1 3.2494e-06
2457 2 6.4988e-06
2458 1 3.2494e-06
2459 1 3.2494e-06
2460 2 6.4988e-06
2461 2 6.4988e-06
2463 1 3.2494e-06
2465 2 6.4988e-06
2467 3 9.7482e-06
2470 1 3.2494e-06
2471 1 3.2494e-06
2473 1 3.2494e-06
2474 1 3.2494e-06
2475 1 3.2494e-06
2476 1 3.2494e-06
2479 1 3.2494e-06
2480 1 3.2494e-06
2481 1 3.2494e-06
2483 1 3.2494e-06
2484 1 3.2494e-06
2485 2 6.4988e-06
2487 1 3.2494e-06
2491 1 3.2494e-06
2492 2 6.4988e-06
2493 2 6.4988e-06
2494 1 3.2494e-06
2496 1 3.2494e-06
2497 1 3.2494e-06
2502 3 9.7482e-06
2504 2 6.4988e-06
2505 1 3.2494e-06
2507 3 9.7482e-06
2509 1 3.2494e-06
2513 1 3.2494e-06
2514 3 9.7482e-06
2515 1 3.2494e-06
2516 3 9.7482e-06
2518 1 3.2494e-06
2519 4 1.29976e-05
2520 1 3.2494e-06
2524 3 9.7482e-06
2528 3 9.7482e-06
2530 2 6.4988e-06
2531 2 6.4988e-06
2532 2 6.4988e-06
2533 3 9.7482e-06
2534 2 6.4988e-06
2536 2 6.4988e-06
2537 1 3.2494e-06
2539 2 6.4988e-06
2541 1 3.2494e-06
2542 1 3.2494e-06
2546 2 6.4988e-06
2548 1 3.2494e-06
2550 3 9.7482e-06
2552 3 9.7482e-06
2553 3 9.7482e-06
2556 2 6.4988e-06
2557 1 3.2494e-06
2558 1 3.2494e-06
2559 2 6.4988e-06
2560 2 6.4988e-06
2561 1 3.2494e-06
2566 2 6.4988e-06
2567 1 3.2494e-06
2568 1 3.2494e-06
2569 2 6.4988e-06
2570 1 3.2494e-06
2571 2 6.4988e-06
2574 4 1.29976e-05
2576 1 3.2494e-06
2578 1 3.2494e-06
2579 1 3.2494e-06
2580 4 1.29976e-05
2581 1 3.2494e-06
2582 1 3.2494e-06
2584 2 6.4988e-06
2585 1 3.2494e-06
2586 3 9.7482e-06
2590 3 9.7482e-06
2592 1 3.2494e-06
2593 1 3.2494e-06
2597 3 9.7482e-06
2598 1 3.2494e-06
2600 1 3.2494e-06
2601 3 9.7482e-06
2603 2 6.4988e-06
2605 1 3.2494e-06
2607 2 6.4988e-06
2608 2 6.4988e-06
2611 1 3.2494e-06
2612 1 3.2494e-06
2614 1 3.2494e-06
2615 2 6.4988e-06
2616 2 6.4988e-06
2619 1 3.2494e-06
2620 2 6.4988e-06
2621 3 9.7482e-06
2627 1 3.2494e-06
2629 2 6.4988e-06
2630 1 3.2494e-06
2631 1 3.2494e-06
2632 1 3.2494e-06
2633 1 3.2494e-06
2635 2 6.4988e-06
2637 5 1.6247e-05
2639 2 6.4988e-06
2640 1 3.2494e-06
2643 1 3.2494e-06
2644 2 6.4988e-06
2645 3 9.7482e-06
2646 1 3.2494e-06
2648 1 3.2494e-06
2651 1 3.2494e-06
2654 2 6.4988e-06
2656 1 3.2494e-06
2658 2 6.4988e-06
2659 2 6.4988e-06
2660 2 6.4988e-06
2661 1 3.2494e-06
2662 1 3.2494e-06
2664 3 9.7482e-06
2665 1 3.2494e-06
2668 1 3.2494e-06
2670 2 6.4988e-06
2671 1 3.2494e-06
2672 2 6.4988e-06
2673 2 6.4988e-06
2674 2 6.4988e-06
2675 3 9.7482e-06
2677 2 6.4988e-06
2678 1 3.2494e-06
2681 2 6.4988e-06
2682 2 6.4988e-06
2683 1 3.2494e-06
2684 2 6.4988e-06
2685 1 3.2494e-06
2686 3 9.7482e-06
2687 1 3.2494e-06
2688 1 3.2494e-06
2694 1 3.2494e-06
2695 1 3.2494e-06
2696 1 3.2494e-06
2698 1 3.2494e-06
2699 1 3.2494e-06
2700 1 3.2494e-06
2701 2 6.4988e-06
2705 2 6.4988e-06
2708 2 6.4988e-06
2709 1 3.2494e-06
2711 2 6.4988e-06
2712 2 6.4988e-06
2713 2 6.4988e-06
2718 2 6.4988e-06
2719 1 3.2494e-06
2720 2 6.4988e-06
2724 1 3.2494e-06
2725 1 3.2494e-06
2727 1 3.2494e-06
2728 2 6.4988e-06
2729 1 3.2494e-06
2731 3 9.7482e-06
2734 1 3.2494e-06
2735 3 9.7482e-06
2736 1 3.2494e-06
2737 3 9.7482e-06
2738 1 3.2494e-06
2739 1 3.2494e-06
2740 2 6.4988e-06
2742 3 9.7482e-06
2743 1 3.2494e-06
2744 1 3.2494e-06
2745 1 3.2494e-06
2746 1 3.2494e-06
2747 2 6.4988e-06
2749 1 3.2494e-06
2751 1 3.2494e-06
2753 1 3.2494e-06
2755 1 3.2494e-06
2756 3 9.7482e-06
2758 2 6.4988e-06
2762 1 3.2494e-06
2765 2 6.4988e-06
2766 2 6.4988e-06
2770 1 3.2494e-06
2773 2 6.4988e-06
2774 1 3.2494e-06
2776 1 3.2494e-06
2778 1 3.2494e-06
2779 1 3.2494e-06
2780 1 3.2494e-06
2781 1 3.2494e-06
2782 1 3.2494e-06
2783 1 3.2494e-06
2784 1 3.2494e-06
2785 3 9.7482e-06
2786 1 3.2494e-06
2789 1 3.2494e-06
2790 2 6.4988e-06
2791 1 3.2494e-06
2792 1 3.2494e-06
2793 3 9.7482e-06
2795 1 3.2494e-06
2798 2 6.4988e-06
2799 1 3.2494e-06
2802 1 3.2494e-06
2804 1 3.2494e-06
2806 2 6.4988e-06
2808 2 6.4988e-06
2809 1 3.2494e-06
2811 1 3.2494e-06
2812 1 3.2494e-06
2816 1 3.2494e-06
2819 1 3.2494e-06
2821 1 3.2494e-06
2823 3 9.7482e-06
2825 1 3.2494e-06
2826 2 6.4988e-06
2827 1 3.2494e-06
2828 1 3.2494e-06
2829 2 6.4988e-06
2830 1 3.2494e-06
2832 1 3.2494e-06
2833 1 3.2494e-06
2836 2 6.4988e-06
2837 3 9.7482e-06
2838 1 3.2494e-06
2839 3 9.7482e-06
2841 2 6.4988e-06
2842 3 9.7482e-06
2843 1 3.2494e-06
2844 3 9.7482e-06
2846 1 3.2494e-06
2847 2 6.4988e-06
2848 4 1.29976e-05
2849 1 3.2494e-06
2850 1 3.2494e-06
2851 2 6.4988e-06
2852 2 6.4988e-06
2858 2 6.4988e-06
2859 1 3.2494e-06
2860 1 3.2494e-06
2863 1 3.2494e-06
2865 1 3.2494e-06
2866 3 9.7482e-06
2872 1 3.2494e-06
2873 1 3.2494e-06
2874 1 3.2494e-06
2876 3 9.7482e-06
2877 1 3.2494e-06
2878 3 9.7482e-06
2881 4 1.29976e-05
2882 2 6.4988e-06
2883 2 6.4988e-06
2884 3 9.7482e-06
2885 1 3.2494e-06
2886 1 3.2494e-06
2887 1 3.2494e-06
2890 1 3.2494e-06
2891 1 3.2494e-06
2892 2 6.4988e-06
2895 3 9.7482e-06
2897 1 3.2494e-06
2898 1 3.2494e-06
2903 2 6.4988e-06
2908 2 6.4988e-06
2909 1 3.2494e-06
2910 3 9.7482e-06
2912 4 1.29976e-05
2913 2 6.4988e-06
2914 2 6.4988e-06
2915 1 3.2494e-06
2919 1 3.2494e-06
2920 3 9.7482e-06
2921 1 3.2494e-06
2925 1 3.2494e-06
2927 1 3.2494e-06
2928 1 3.2494e-06
2930 2 6.4988e-06
2931 1 3.2494e-06
2932 1 3.2494e-06
2936 1 3.2494e-06
2937 1 3.2494e-06
2944 1 3.2494e-06
2946 1 3.2494e-06
2947 1 3.2494e-06
2948 1 3.2494e-06
2949 1 3.2494e-06
2951 1 3.2494e-06
2952 1 3.2494e-06
2953 1 3.2494e-06
2954 2 6.4988e-06
2957 1 3.2494e-06
2959 2 6.4988e-06
2961 1 3.2494e-06
2962 2 6.4988e-06
2963 1 3.2494e-06
2965 1 3.2494e-06
2967 1 3.2494e-06
2968 1 3.2494e-06
2970 1 3.2494e-06
2973 1 3.2494e-06
2974 1 3.2494e-06
2986 1 3.2494e-06
2987 1 3.2494e-06
2988 1 3.2494e-06
2992 2 6.4988e-06
2993 1 3.2494e-06
2996 1 3.2494e-06
2997 1 3.2494e-06
3001 1 3.2494e-06
3002 1 3.2494e-06
3003 1 3.2494e-06
3006 1 3.2494e-06
3007 2 6.4988e-06
3011 1 3.2494e-06
3012 1 3.2494e-06
3014 2 6.4988e-06
3015 2 6.4988e-06
3017 2 6.4988e-06
3020 1 3.2494e-06
3021 1 3.2494e-06
3022 1 3.2494e-06
3024 1 3.2494e-06
3026 1 3.2494e-06
3027 1 3.2494e-06
3028 1 3.2494e-06
3030 2 6.4988e-06
3035 1 3.2494e-06
3036 2 6.4988e-06
3040 2 6.4988e-06
3041 2 6.4988e-06
3046 2 6.4988e-06
3047 1 3.2494e-06
3051 1 3.2494e-06
3053 2 6.4988e-06
3054 2 6.4988e-06
3056 1 3.2494e-06
3057 1 3.2494e-06
3061 1 3.2494e-06
3065 1 3.2494e-06
3066 1 3.2494e-06
3068 1 3.2494e-06
3070 1 3.2494e-06
3072 1 3.2494e-06
3083 1 3.2494e-06
3094 1 3.2494e-06
3095 1 3.2494e-06
3096 1 3.2494e-06
3099 1 3.2494e-06
3101 1 3.2494e-06
3104 1 3.2494e-06
3107 1 3.2494e-06
3111 1 3.2494e-06
3113 1 3.2494e-06
3114 1 3.2494e-06
3115 1 3.2494e-06
3119 1 3.2494e-06
3122 1 3.2494e-06
3123 1 3.2494e-06
3126 1 3.2494e-06
3129 2 6.4988e-06
3131 1 3.2494e-06
3132 1 3.2494e-06
3134 1 3.2494e-06
3135 1 3.2494e-06
3139 1 3.2494e-06
3140 1 3.2494e-06
3143 1 3.2494e-06
3144 1 3.2494e-06
3146 1 3.2494e-06
3147 1 3.2494e-06
3155 1 3.2494e-06
3156 3 9.7482e-06
3157 1 3.2494e-06
3158 1 3.2494e-06
3159 1 3.2494e-06
3160 2 6.4988e-06
3162 2 6.4988e-06
3163 2 6.4988e-06
3170 1 3.2494e-06
3171 1 3.2494e-06
3177 1 3.2494e-06
3183 1 3.2494e-06
3190 1 3.2494e-06
3192 1 3.2494e-06
3199 1 3.2494e-06
3200 1 3.2494e-06
3201 1 3.2494e-06
3202 1 3.2494e-06
3209 3 9.7482e-06
3213 1 3.2494e-06
3218 1 3.2494e-06
3219 1 3.2494e-06
3223 1 3.2494e-06
3224 1 3.2494e-06
3229 1 3.2494e-06
3236 1 3.2494e-06
3241 1 3.2494e-06
3242 1 3.2494e-06
3244 2 6.4988e-06
3246 1 3.2494e-06
3256 1 3.2494e-06
3257 3 9.7482e-06
3261 1 3.2494e-06
3262 1 3.2494e-06
3264 1 3.2494e-06
3266 1 3.2494e-06
3273 1 3.2494e-06
3277 1 3.2494e-06
3278 2 6.4988e-06
3281 3 9.7482e-06
3284 1 3.2494e-06
3285 1 3.2494e-06
3288 1 3.2494e-06
3296 1 3.2494e-06
3297 1 3.2494e-06
3300 1 3.2494e-06
3301 2 6.4988e-06
3305 1 3.2494e-06
3308 2 6.4988e-06
3320 1 3.2494e-06
3326 2 6.4988e-06
3329 1 3.2494e-06
3334 1 3.2494e-06
3338 1 3.2494e-06
3339 1 3.2494e-06
3342 1 3.2494e-06
3345 1 3.2494e-06
3346 1 3.2494e-06
3347 1 3.2494e-06
3351 1 3.2494e-06
3361 1 3.2494e-06
3366 1 3.2494e-06
3369 3 9.7482e-06
3370 1 3.2494e-06
3371 1 3.2494e-06
3375 1 3.2494e-06
3379 1 3.2494e-06
3388 1 3.2494e-06
3396 1 3.2494e-06
3397 1 3.2494e-06
3399 1 3.2494e-06
3401 1 3.2494e-06
3402 1 3.2494e-06
3403 1 3.2494e-06
3405 1 3.2494e-06
3413 1 3.2494e-06
3416 1 3.2494e-06
3418 1 3.2494e-06
3420 1 3.2494e-06
3424 1 3.2494e-06
3443 1 3.2494e-06
3449 1 3.2494e-06
3451 1 3.2494e-06
3454 1 3.2494e-06
3457 1 3.2494e-06
3466 1 3.2494e-06
3467 2 6.4988e-06
3468 1 3.2494e-06
3478 1 3.2494e-06
3480 1 3.2494e-06
3481 3 9.7482e-06
3483 1 3.2494e-06
3487 1 3.2494e-06
3489 1 3.2494e-06
3495 1 3.2494e-06
3497 1 3.2494e-06
3499 1 3.2494e-06
3501 1 3.2494e-06
3503 2 6.4988e-06
3505 1 3.2494e-06
3513 1 3.2494e-06
3517 1 3.2494e-06
3518 1 3.2494e-06
3524 1 3.2494e-06
3528 1 3.2494e-06
3529 1 3.2494e-06
3533 1 3.2494e-06
3538 1 3.2494e-06
3544 1 3.2494e-06
3545 1 3.2494e-06
3550 1 3.2494e-06
3561 1 3.2494e-06
3562 2 6.4988e-06
3563 1 3.2494e-06
3565 1 3.2494e-06
3568 1 3.2494e-06
3573 1 3.2494e-06
3575 2 6.4988e-06
3579 1 3.2494e-06
3583 1 3.2494e-06
3584 1 3.2494e-06
3585 1 3.2494e-06
3593 2 6.4988e-06
3594 1 3.2494e-06
3596 1 3.2494e-06
3597 1 3.2494e-06
3604 1 3.2494e-06
3606 1 3.2494e-06
3611 1 3.2494e-06
3620 1 3.2494e-06
3629 1 3.2494e-06
3641 1 3.2494e-06
3648 3 9.7482e-06
3649 1 3.2494e-06
3650 1 3.2494e-06
3651 1 3.2494e-06
3652 1 3.2494e-06
3653 1 3.2494e-06
3655 1 3.2494e-06
3661 1 3.2494e-06
3669 1 3.2494e-06
3672 2 6.4988e-06
3675 1 3.2494e-06
3678 1 3.2494e-06
3682 1 3.2494e-06
3683 1 3.2494e-06
3689 2 6.4988e-06
3690 1 3.2494e-06
3696 1 3.2494e-06
3699 1 3.2494e-06
3700 1 3.2494e-06
3704 2 6.4988e-06
3707 2 6.4988e-06
3709 1 3.2494e-06
3711 1 3.2494e-06
3713 1 3.2494e-06
3722 1 3.2494e-06
3729 1 3.2494e-06
3730 1 3.2494e-06
3733 2 6.4988e-06
3735 1 3.2494e-06
3738 1 3.2494e-06
3739 1 3.2494e-06
3742 1 3.2494e-06
3744 1 3.2494e-06
3746 1 3.2494e-06
3748 2 6.4988e-06
3752 1 3.2494e-06
3753 1 3.2494e-06
3761 1 3.2494e-06
3763 1 3.2494e-06
3770 1 3.2494e-06
3774 1 3.2494e-06
3780 1 3.2494e-06
3789 1 3.2494e-06
3794 2 6.4988e-06
3795 1 3.2494e-06
3801 2 6.4988e-06
3803 1 3.2494e-06
3810 1 3.2494e-06
3813 2 6.4988e-06
3820 1 3.2494e-06
3821 1 3.2494e-06
3824 1 3.2494e-06
3826 1 3.2494e-06
3828 1 3.2494e-06
3831 1 3.2494e-06
3836 1 3.2494e-06
3838 1 3.2494e-06
3847 1 3.2494e-06
3850 1 3.2494e-06
3852 1 3.2494e-06
3854 1 3.2494e-06
3858 1 3.2494e-06
3862 2 6.4988e-06
3863 1 3.2494e-06
3867 1 3.2494e-06
3868 2 6.4988e-06
3869 1 3.2494e-06
3871 2 6.4988e-06
3872 1 3.2494e-06
3873 4 1.29976e-05
3875 1 3.2494e-06
3877 1 3.2494e-06
3883 1 3.2494e-06
3887 1 3.2494e-06
3889 2 6.4988e-06
3890 2 6.4988e-06
3893 1 3.2494e-06
3903 1 3.2494e-06
3905 2 6.4988e-06
3906 1 3.2494e-06
3907 1 3.2494e-06
3908 1 3.2494e-06
3914 1 3.2494e-06
3920 1 3.2494e-06
3926 2 6.4988e-06
3939 1 3.2494e-06
3941 2 6.4988e-06
3944 2 6.4988e-06
3952 1 3.2494e-06
3954 2 6.4988e-06
3957 2 6.4988e-06
3961 1 3.2494e-06
3967 2 6.4988e-06
3970 2 6.4988e-06
3973 1 3.2494e-06
3977 2 6.4988e-06
3978 1 3.2494e-06
3979 2 6.4988e-06
3980 1 3.2494e-06
3981 1 3.2494e-06
3985 1 3.2494e-06
3986 1 3.2494e-06
3987 2 6.4988e-06
3988 1 3.2494e-06
3990 1 3.2494e-06
3991 1 3.2494e-06
3994 1 3.2494e-06
3997 1 3.2494e-06
4003 1 3.2494e-06
4005 3 9.7482e-06
4008 1 3.2494e-06
4009 1 3.2494e-06
4010 1 3.2494e-06
4013 1 3.2494e-06
4014 1 3.2494e-06
4017 1 3.2494e-06
4020 1 3.2494e-06
4025 1 3.2494e-06
4026 1 3.2494e-06
4027 1 3.2494e-06
4029 1 3.2494e-06
4030 1 3.2494e-06
4038 1 3.2494e-06
4040 1 3.2494e-06
4041 1 3.2494e-06
4044 1 3.2494e-06
4046 1 3.2494e-06
4051 2 6.4988e-06
4052 1 3.2494e-06
4053 1 3.2494e-06
4056 1 3.2494e-06
4062 1 3.2494e-06
4065 1 3.2494e-06
4067 2 6.4988e-06
4068 1 3.2494e-06
4070 1 3.2494e-06
4071 1 3.2494e-06
4077 1 3.2494e-06
4078 2 6.4988e-06
4080 2 6.4988e-06
4083 2 6.4988e-06
4084 1 3.2494e-06
4086 1 3.2494e-06
4087 1 3.2494e-06
4088 1 3.2494e-06
4089 1 3.2494e-06
4091 1 3.2494e-06
4095 2 6.4988e-06
4097 1 3.2494e-06
4099 1 3.2494e-06
4100 2 6.4988e-06
4109 2 6.4988e-06
4110 1 3.2494e-06
4111 1 3.2494e-06
4114 1 3.2494e-06
4116 1 3.2494e-06
4120 2 6.4988e-06
4121 1 3.2494e-06
4122 1 3.2494e-06
4127 1 3.2494e-06
4133 1 3.2494e-06
4135 1 3.2494e-06
4136 1 3.2494e-06
4138 1 3.2494e-06
4139 1 3.2494e-06
4140 1 3.2494e-06
4142 1 3.2494e-06
4143 1 3.2494e-06
4148 1 3.2494e-06
4151 1 3.2494e-06
4158 1 3.2494e-06
4159 1 3.2494e-06
4160 1 3.2494e-06
4163 3 9.7482e-06
4164 1 3.2494e-06
4167 2 6.4988e-06
4176 1 3.2494e-06
4178 1 3.2494e-06
4181 1 3.2494e-06
4182 1 3.2494e-06
4183 1 3.2494e-06
4185 1 3.2494e-06
4186 1 3.2494e-06
4187 1 3.2494e-06
4191 1 3.2494e-06
4192 1 3.2494e-06
4194 1 3.2494e-06
4195 1 3.2494e-06
4196 2 6.4988e-06
4197 1 3.2494e-06
4200 2 6.4988e-06
4203 1 3.2494e-06
4204 1 3.2494e-06
4205 2 6.4988e-06
4211 1 3.2494e-06
4212 1 3.2494e-06
4213 1 3.2494e-06
4214 1 3.2494e-06
4217 1 3.2494e-06
4220 1 3.2494e-06
4224 1 3.2494e-06
4226 1 3.2494e-06
4228 1 3.2494e-06
4232 1 3.2494e-06
4233 1 3.2494e-06
4238 1 3.2494e-06
4241 1 3.2494e-06
4257 1 3.2494e-06
4258 1 3.2494e-06
4261 1 3.2494e-06
4266 1 3.2494e-06
4271 2 6.4988e-06
4276 1 3.2494e-06
4277 1 3.2494e-06
4281 1 3.2494e-06
4283 1 3.2494e-06
4289 2 6.4988e-06
4290 1 3.2494e-06
4294 1 3.2494e-06
4295 1 3.2494e-06
4302 1 3.2494e-06
4306 1 3.2494e-06
4308 1 3.2494e-06
4331 1 3.2494e-06
4333 1 3.2494e-06
4347 2 6.4988e-06
4352 1 3.2494e-06
4354 3 9.7482e-06
4356 1 3.2494e-06
4357 2 6.4988e-06
4365 1 3.2494e-06
4367 1 3.2494e-06
4371 1 3.2494e-06
4378 1 3.2494e-06
4379 1 3.2494e-06
4386 1 3.2494e-06
4389 1 3.2494e-06
4391 1 3.2494e-06
4395 1 3.2494e-06
4396 1 3.2494e-06
4399 1 3.2494e-06
4402 1 3.2494e-06
4403 1 3.2494e-06
4405 1 3.2494e-06
4406 1 3.2494e-06
4409 1 3.2494e-06
4412 1 3.2494e-06
4419 1 3.2494e-06
4421 1 3.2494e-06
4422 1 3.2494e-06
4427 1 3.2494e-06
4430 1 3.2494e-06
4435 1 3.2494e-06
4436 1 3.2494e-06
4438 1 3.2494e-06
4448 1 3.2494e-06
4455 1 3.2494e-06
4459 1 3.2494e-06
4461 1 3.2494e-06
4464 1 3.2494e-06
4468 1 3.2494e-06
4469 1 3.2494e-06
4470 1 3.2494e-06
4473 1 3.2494e-06
4478 2 6.4988e-06
4479 1 3.2494e-06
4480 1 3.2494e-06
4481 1 3.2494e-06
4483 1 3.2494e-06
4486 2 6.4988e-06
4489 1 3.2494e-06
4490 1 3.2494e-06
4491 1 3.2494e-06
4505 1 3.2494e-06
4506 1 3.2494e-06
4510 2 6.4988e-06
4513 1 3.2494e-06
4514 1 3.2494e-06
4523 1 3.2494e-06
4538 1 3.2494e-06
4545 1 3.2494e-06
4549 1 3.2494e-06
4550 1 3.2494e-06
4554 1 3.2494e-06
4555 1 3.2494e-06
4557 1 3.2494e-06
4567 1 3.2494e-06
4569 1 3.2494e-06
4582 1 3.2494e-06
4587 1 3.2494e-06
4595 1 3.2494e-06
4597 1 3.2494e-06
4599 1 3.2494e-06
4604 1 3.2494e-06
4606 1 3.2494e-06
4610 1 3.2494e-06
4620 1 3.2494e-06
4624 1 3.2494e-06
4626 2 6.4988e-06
4639 1 3.2494e-06
4642 1 3.2494e-06
4648 1 3.2494e-06
4658 1 3.2494e-06
4659 2 6.4988e-06
4660 1 3.2494e-06
4665 2 6.4988e-06
4671 1 3.2494e-06
4692 1 3.2494e-06
4696 1 3.2494e-06
4699 1 3.2494e-06
4704 1 3.2494e-06
4705 1 3.2494e-06
4712 1 3.2494e-06
4716 1 3.2494e-06
4720 2 6.4988e-06
4737 1 3.2494e-06
4748 1 3.2494e-06
4754 1 3.2494e-06
4769 1 3.2494e-06
4782 1 3.2494e-06
4791 1 3.2494e-06
4794 1 3.2494e-06
4798 2 6.4988e-06
4799 1 3.2494e-06
4803 1 3.2494e-06
4805 1 3.2494e-06
4813 1 3.2494e-06
4830 1 3.2494e-06
4832 1 3.2494e-06
4847 1 3.2494e-06
4855 2 6.4988e-06
4870 1 3.2494e-06
4874 1 3.2494e-06
4900 1 3.2494e-06
4909 1 3.2494e-06
4912 1 3.2494e-06
4913 1 3.2494e-06
4917 1 3.2494e-06
4926 1 3.2494e-06
4929 1 3.2494e-06
4940 1 3.2494e-06
4958 1 3.2494e-06
4961 2 6.4988e-06
4970 1 3.2494e-06
4975 1 3.2494e-06
4994 2 6.4988e-06
4995 1 3.2494e-06
4996 2 6.4988e-06
4997 1 3.2494e-06
5001 1 3.2494e-06
5007 1 3.2494e-06
5016 2 6.4988e-06
5026 1 3.2494e-06
5027 1 3.2494e-06
5028 1 3.2494e-06
5043 1 3.2494e-06
5046 1 3.2494e-06
5049 2 6.4988e-06
5051 1 3.2494e-06
5064 1 3.2494e-06
5075 1 3.2494e-06
5082 1 3.2494e-06
5083 1 3.2494e-06
5088 1 3.2494e-06
5097 1 3.2494e-06
5104 1 3.2494e-06
5121 2 6.4988e-06
5130 1 3.2494e-06
5132 1 3.2494e-06
5140 1 3.2494e-06
5148 1 3.2494e-06
5158 1 3.2494e-06
5163 2 6.4988e-06
5173 1 3.2494e-06
5179 1 3.2494e-06
5199 2 6.4988e-06
5213 2 6.4988e-06
5214 1 3.2494e-06
5215 2 6.4988e-06
5221 1 3.2494e-06
5225 1 3.2494e-06
5226 1 3.2494e-06
5234 1 3.2494e-06
5237 1 3.2494e-06
5239 1 3.2494e-06
5248 1 3.2494e-06
5249 1 3.2494e-06
5261 1 3.2494e-06
5262 1 3.2494e-06
5267 1 3.2494e-06
5268 1 3.2494e-06
5273 1 3.2494e-06
5277 1 3.2494e-06
5283 1 3.2494e-06
5302 1 3.2494e-06
5304 1 3.2494e-06
5309 1 3.2494e-06
5310 1 3.2494e-06
5318 1 3.2494e-06
5320 1 3.2494e-06
5323 1 3.2494e-06
5339 1 3.2494e-06
5345 1 3.2494e-06
5355 1 3.2494e-06
5366 2 6.4988e-06
5368 1 3.2494e-06
5376 1 3.2494e-06
5383 1 3.2494e-06
5386 1 3.2494e-06
5396 1 3.2494e-06
5397 1 3.2494e-06
5398 1 3.2494e-06
5401 1 3.2494e-06
5403 1 3.2494e-06
5405 1 3.2494e-06
5406 2 6.4988e-06
5409 1 3.2494e-06
5411 1 3.2494e-06
5430 1 3.2494e-06
5434 1 3.2494e-06
5437 1 3.2494e-06
5449 1 3.2494e-06
5453 1 3.2494e-06
5460 1 3.2494e-06
5461 1 3.2494e-06
5466 2 6.4988e-06
5469 1 3.2494e-06
5471 2 6.4988e-06
5476 1 3.2494e-06
5487 1 3.2494e-06
5490 1 3.2494e-06
5493 1 3.2494e-06
5496 1 3.2494e-06
5497 1 3.2494e-06
5511 1 3.2494e-06
5515 1 3.2494e-06
5520 1 3.2494e-06
5527 1 3.2494e-06
5535 1 3.2494e-06
5541 1 3.2494e-06
5554 1 3.2494e-06
5557 1 3.2494e-06
5559 1 3.2494e-06
5570 1 3.2494e-06
5571 1 3.2494e-06
5580 1 3.2494e-06
5589 1 3.2494e-06
5600 1 3.2494e-06
5608 1 3.2494e-06
5611 1 3.2494e-06
5612 1 3.2494e-06
5615 1 3.2494e-06
5617 1 3.2494e-06
5622 1 3.2494e-06
5629 1 3.2494e-06
5631 1 3.2494e-06
5646 1 3.2494e-06
5648 1 3.2494e-06
5656 1 3.2494e-06
5667 1 3.2494e-06
5669 1 3.2494e-06
5679 1 3.2494e-06
5680 1 3.2494e-06
5691 1 3.2494e-06
5699 1 3.2494e-06
5726 1 3.2494e-06
5732 1 3.2494e-06
5735 2 6.4988e-06
5736 1 3.2494e-06
5738 1 3.2494e-06
5740 1 3.2494e-06
5744 1 3.2494e-06
5746 1 3.2494e-06
5752 1 3.2494e-06
5755 2 6.4988e-06
5758 1 3.2494e-06
5759 1 3.2494e-06
5761 2 6.4988e-06
5764 1 3.2494e-06
5766 1 3.2494e-06
5770 1 3.2494e-06
5787 1 3.2494e-06
5801 1 3.2494e-06
5802 1 3.2494e-06
5813 1 3.2494e-06
5814 1 3.2494e-06
5826 1 3.2494e-06
5829 1 3.2494e-06
5839 1 3.2494e-06
5840 1 3.2494e-06
5845 1 3.2494e-06
5857 1 3.2494e-06
5859 1 3.2494e-06
5871 1 3.2494e-06
5877 1 3.2494e-06
5888 1 3.2494e-06
5892 1 3.2494e-06
5895 2 6.4988e-06
5896 2 6.4988e-06
5897 1 3.2494e-06
5905 1 3.2494e-06
5920 1 3.2494e-06
5921 1 3.2494e-06
5924 1 3.2494e-06
5928 1 3.2494e-06
5931 1 3.2494e-06
5938 3 9.7482e-06
5975 1 3.2494e-06
5977 1 3.2494e-06
5994 1 3.2494e-06
5995 2 6.4988e-06
5996 1 3.2494e-06
6008 1 3.2494e-06
6011 1 3.2494e-06
6020 1 3.2494e-06
6029 1 3.2494e-06
6034 1 3.2494e-06
6059 1 3.2494e-06
6068 1 3.2494e-06
6070 1 3.2494e-06
6076 1 3.2494e-06
6077 1 3.2494e-06
6085 1 3.2494e-06
6094 1 3.2494e-06
6096 1 3.2494e-06
6105 1 3.2494e-06
6110 2 6.4988e-06
6115 1 3.2494e-06
6124 1 3.2494e-06
6126 1 3.2494e-06
6137 1 3.2494e-06
6139 1 3.2494e-06
6145 1 3.2494e-06
6154 1 3.2494e-06
6156 1 3.2494e-06
6160 1 3.2494e-06
6164 1 3.2494e-06
6171 1 3.2494e-06
6179 1 3.2494e-06
6180 1 3.2494e-06
6183 1 3.2494e-06
6189 1 3.2494e-06
6191 1 3.2494e-06
6197 1 3.2494e-06
6204 1 3.2494e-06
6207 1 3.2494e-06
6208 1 3.2494e-06
6217 1 3.2494e-06
6225 1 3.2494e-06
6230 1 3.2494e-06
6236 1 3.2494e-06
6244 2 6.4988e-06
6257 1 3.2494e-06
6264 1 3.2494e-06
6272 1 3.2494e-06
6279 1 3.2494e-06
6293 1 3.2494e-06
6300 1 3.2494e-06
6307 1 3.2494e-06
6309 1 3.2494e-06
6325 1 3.2494e-06
6352 1 3.2494e-06
6365 1 3.2494e-06
6375 1 3.2494e-06
6381 1 3.2494e-06
6384 1 3.2494e-06
6396 1 3.2494e-06
6436 1 3.2494e-06
6442 1 3.2494e-06
6449 1 3.2494e-06
6456 1 3.2494e-06
6458 1 3.2494e-06
6463 1 3.2494e-06
6467 1 3.2494e-06
6485 1 3.2494e-06
6488 1 3.2494e-06
6490 1 3.2494e-06
6495 1 3.2494e-06
6501 1 3.2494e-06
6533 1 3.2494e-06
6549 1 3.2494e-06
6554 1 3.2494e-06
6568 2 6.4988e-06
6576 1 3.2494e-06
6589 1 3.2494e-06
6636 1 3.2494e-06
6642 1 3.2494e-06
6647 1 3.2494e-06
6650 1 3.2494e-06
6670 1 3.2494e-06
6671 1 3.2494e-06
6675 1 3.2494e-06
6694 1 3.2494e-06
6697 1 3.2494e-06
6714 1 3.2494e-06
6715 1 3.2494e-06
6731 1 3.2494e-06
6736 1 3.2494e-06
6739 1 3.2494e-06
6761 1 3.2494e-06
6764 1 3.2494e-06
6765 1 3.2494e-06
6771 1 3.2494e-06
6777 1 3.2494e-06
6790 1 3.2494e-06
6805 1 3.2494e-06
6814 1 3.2494e-06
6839 1 3.2494e-06
6844 1 3.2494e-06
6857 1 3.2494e-06
6858 1 3.2494e-06
6870 1 3.2494e-06
6883 1 3.2494e-06
6886 1 3.2494e-06
6892 1 3.2494e-06
6896 1 3.2494e-06
6904 1 3.2494e-06
6911 1 3.2494e-06
6921 1 3.2494e-06
6926 1 3.2494e-06
6943 1 3.2494e-06
6958 1 3.2494e-06
6969 1 3.2494e-06
6971 1 3.2494e-06
6972 1 3.2494e-06
6989 1 3.2494e-06
7006 1 3.2494e-06
7007 1 3.2494e-06
7008 1 3.2494e-06
7009 1 3.2494e-06
7012 1 3.2494e-06
7014 1 3.2494e-06
7017 1 3.2494e-06
7023 1 3.2494e-06
7024 1 3.2494e-06
7029 1 3.2494e-06
7030 1 3.2494e-06
7052 1 3.2494e-06
7053 1 3.2494e-06
7056 1 3.2494e-06
7057 1 3.2494e-06
7062 1 3.2494e-06
7067 2 6.4988e-06
7075 1 3.2494e-06
7084 1 3.2494e-06
7085 1 3.2494e-06
7087 1 3.2494e-06
7092 1 3.2494e-06
7102 1 3.2494e-06
7113 1 3.2494e-06
7121 1 3.2494e-06
7144 1 3.2494e-06
7152 1 3.2494e-06
7172 1 3.2494e-06
7179 1 3.2494e-06
7187 1 3.2494e-06
7195 1 3.2494e-06
7199 1 3.2494e-06
7206 1 3.2494e-06
7222 1 3.2494e-06
7225 2 6.4988e-06
7227 1 3.2494e-06
7232 1 3.2494e-06
7233 1 3.2494e-06
7234 1 3.2494e-06
7244 1 3.2494e-06
7258 1 3.2494e-06
7263 1 3.2494e-06
7268 1 3.2494e-06
7274 1 3.2494e-06
7275 1 3.2494e-06
7276 1 3.2494e-06
7280 1 3.2494e-06
7284 1 3.2494e-06
7300 2 6.4988e-06
7336 1 3.2494e-06
7360 1 3.2494e-06
7382 1 3.2494e-06
7391 4 1.29976e-05
7396 1 3.2494e-06
7401 1 3.2494e-06
7417 1 3.2494e-06
7430 1 3.2494e-06
7434 1 3.2494e-06
7446 1 3.2494e-06
7459 1 3.2494e-06
7476 1 3.2494e-06
7484 1 3.2494e-06
7491 1 3.2494e-06
7493 1 3.2494e-06
7495 1 3.2494e-06
7503 1 3.2494e-06
7506 1 3.2494e-06
7508 1 3.2494e-06
7509 1 3.2494e-06
7535 1 3.2494e-06
7541 1 3.2494e-06
7574 1 3.2494e-06
7620 1 3.2494e-06
7622 1 3.2494e-06
7625 1 3.2494e-06
7646 2 6.4988e-06
7652 1 3.2494e-06
7670 1 3.2494e-06
7671 1 3.2494e-06
7686 1 3.2494e-06
7689 1 3.2494e-06
7698 1 3.2494e-06
7728 1 3.2494e-06
7739 1 3.2494e-06
7748 1 3.2494e-06
7764 2 6.4988e-06
7768 1 3.2494e-06
7773 1 3.2494e-06
7775 1 3.2494e-06
7781 1 3.2494e-06
7795 1 3.2494e-06
7796 1 3.2494e-06
7797 1 3.2494e-06
7799 1 3.2494e-06
7807 1 3.2494e-06
7840 1 3.2494e-06
7847 1 3.2494e-06
7854 1 3.2494e-06
7881 1 3.2494e-06
7883 1 3.2494e-06
7900 1 3.2494e-06
7936 1 3.2494e-06
7950 1 3.2494e-06
7958 1 3.2494e-06
7986 1 3.2494e-06
8040 1 3.2494e-06
8042 1 3.2494e-06
8046 1 3.2494e-06
8049 1 3.2494e-06
8057 1 3.2494e-06
8126 1 3.2494e-06
8138 2 6.4988e-06
8142 1 3.2494e-06
8158 1 3.2494e-06
8168 1 3.2494e-06
8176 1 3.2494e-06
8186 1 3.2494e-06
8200 1 3.2494e-06
8202 1 3.2494e-06
8213 1 3.2494e-06
8229 1 3.2494e-06
8230 1 3.2494e-06
8235 1 3.2494e-06
8244 1 3.2494e-06
8252 1 3.2494e-06
8255 2 6.4988e-06
8265 1 3.2494e-06
8267 1 3.2494e-06
8272 1 3.2494e-06
8284 1 3.2494e-06
8286 1 3.2494e-06
8317 1 3.2494e-06
8325 1 3.2494e-06
8341 2 6.4988e-06
8344 1 3.2494e-06
8346 1 3.2494e-06
8348 1 3.2494e-06
8354 1 3.2494e-06
8367 1 3.2494e-06
8383 1 3.2494e-06
8386 1 3.2494e-06
8416 1 3.2494e-06
8418 1 3.2494e-06
8423 1 3.2494e-06
8468 1 3.2494e-06
8470 1 3.2494e-06
8473 1 3.2494e-06
8480 1 3.2494e-06
8481 1 3.2494e-06
8486 1 3.2494e-06
8552 1 3.2494e-06
8574 1 3.2494e-06
8580 1 3.2494e-06
8590 2 6.4988e-06
8592 1 3.2494e-06
8596 1 3.2494e-06
8599 1 3.2494e-06
8610 1 3.2494e-06
8616 1 3.2494e-06
8619 1 3.2494e-06
8622 1 3.2494e-06
8630 1 3.2494e-06
8635 1 3.2494e-06
8651 1 3.2494e-06
8663 1 3.2494e-06
8670 1 3.2494e-06
8673 1 3.2494e-06
8679 1 3.2494e-06
8686 1 3.2494e-06
8688 1 3.2494e-06
8689 1 3.2494e-06
8692 1 3.2494e-06
8693 1 3.2494e-06
8710 1 3.2494e-06
8719 1 3.2494e-06
8723 1 3.2494e-06
8740 1 3.2494e-06
8753 1 3.2494e-06
8770 1 3.2494e-06
8775 1 3.2494e-06
8785 1 3.2494e-06
8786 1 3.2494e-06
8787 1 3.2494e-06
8797 1 3.2494e-06
8822 1 3.2494e-06
8832 2 6.4988e-06
8865 1 3.2494e-06
8872 1 3.2494e-06
8912 2 6.4988e-06
8922 1 3.2494e-06
8933 1 3.2494e-06
8942 1 3.2494e-06
8962 1 3.2494e-06
8971 1 3.2494e-06
8972 1 3.2494e-06
8976 1 3.2494e-06
8986 1 3.2494e-06
9002 1 3.2494e-06
9036 1 3.2494e-06
9064 1 3.2494e-06
9068 1 3.2494e-06
9092 1 3.2494e-06
9099 1 3.2494e-06
9127 1 3.2494e-06
9129 1 3.2494e-06
9137 1 3.2494e-06
9186 1 3.2494e-06
9197 1 3.2494e-06
9212 1 3.2494e-06
9224 1 3.2494e-06
9226 1 3.2494e-06
9237 1 3.2494e-06
9244 1 3.2494e-06
9256 1 3.2494e-06
9270 1 3.2494e-06
9281 1 3.2494e-06
9296 1 3.2494e-06
9328 1 3.2494e-06
9339 1 3.2494e-06
9358 1 3.2494e-06
9369 2 6.4988e-06
9386 1 3.2494e-06
9398 1 3.2494e-06
9428 1 3.2494e-06
9429 1 3.2494e-06
9457 1 3.2494e-06
9476 1 3.2494e-06
9491 1 3.2494e-06
9498 1 3.2494e-06
9563 1 3.2494e-06
9567 1 3.2494e-06
9593 1 3.2494e-06
9596 1 3.2494e-06
9605 1 3.2494e-06
9627 1 3.2494e-06
9641 1 3.2494e-06
9685 1 3.2494e-06
9700 1 3.2494e-06
9715 1 3.2494e-06
9762 1 3.2494e-06
9785 1 3.2494e-06
9814 1 3.2494e-06
9828 1 3.2494e-06
9833 1 3.2494e-06
9837 1 3.2494e-06
9849 1 3.2494e-06
9854 1 3.2494e-06
9859 1 3.2494e-06
9880 1 3.2494e-06
9890 1 3.2494e-06
9894 1 3.2494e-06
9903 1 3.2494e-06
9927 1 3.2494e-06
9938 1 3.2494e-06
9939 1 3.2494e-06
9945 2 6.4988e-06
9962 1 3.2494e-06
9965 1 3.2494e-06
9975 1 3.2494e-06
10001 1 3.2494e-06
10006 2 6.4988e-06
10055 1 3.2494e-06
10057 1 3.2494e-06
10063 1 3.2494e-06
10084 1 3.2494e-06
10104 1 3.2494e-06
10170 1 3.2494e-06
10174 1 3.2494e-06
10180 1 3.2494e-06
10209 1 3.2494e-06
10214 1 3.2494e-06
10252 1 3.2494e-06
10311 1 3.2494e-06
10396 1 3.2494e-06
10418 1 3.2494e-06
10445 1 3.2494e-06
10475 1 3.2494e-06
10488 1 3.2494e-06
10502 1 3.2494e-06
10530 2 6.4988e-06
10581 1 3.2494e-06
10591 1 3.2494e-06
10596 1 3.2494e-06
10617 2 6.4988e-06
10623 1 3.2494e-06
10665 1 3.2494e-06
10736 1 3.2494e-06
10761 1 3.2494e-06
10884 1 3.2494e-06
10895 1 3.2494e-06
10912 1 3.2494e-06
10918 1 3.2494e-06
10927 1 3.2494e-06
10939 1 3.2494e-06
10960 1 3.2494e-06
10962 1 3.2494e-06
10989 1 3.2494e-06
10991 1 3.2494e-06
10998 1 3.2494e-06
11002 1 3.2494e-06
11011 1 3.2494e-06
11036 1 3.2494e-06
11075 1 3.2494e-06
11110 1 3.2494e-06
11139 1 3.2494e-06
11159 1 3.2494e-06
11169 1 3.2494e-06
11177 1 3.2494e-06
11199 1 3.2494e-06
11249 1 3.2494e-06
11263 1 3.2494e-06
11272 1 3.2494e-06
11283 1 3.2494e-06
11333 1 3.2494e-06
11353 1 3.2494e-06
11364 1 3.2494e-06
11376 1 3.2494e-06
11397 1 3.2494e-06
11422 1 3.2494e-06
11446 1 3.2494e-06
11462 1 3.2494e-06
11493 1 3.2494e-06
11495 1 3.2494e-06
11508 1 3.2494e-06
11516 1 3.2494e-06
11524 1 3.2494e-06
11536 1 3.2494e-06
11559 1 3.2494e-06
11562 1 3.2494e-06
11563 1 3.2494e-06
11585 1 3.2494e-06
11593 2 6.4988e-06
11610 1 3.2494e-06
11636 1 3.2494e-06
11647 1 3.2494e-06
11665 1 3.2494e-06
11668 1 3.2494e-06
11676 1 3.2494e-06
11683 1 3.2494e-06
11699 2 6.4988e-06
11740 1 3.2494e-06
11807 1 3.2494e-06
11850 1 3.2494e-06
11851 1 3.2494e-06
11867 1 3.2494e-06
11870 1 3.2494e-06
11891 1 3.2494e-06
11909 1 3.2494e-06
11945 1 3.2494e-06
11981 1 3.2494e-06
12020 1 3.2494e-06
12033 1 3.2494e-06
12037 1 3.2494e-06
12042 1 3.2494e-06
12048 1 3.2494e-06
12062 1 3.2494e-06
12108 1 3.2494e-06
12148 1 3.2494e-06
12213 1 3.2494e-06
12227 1 3.2494e-06
12241 1 3.2494e-06
12278 1 3.2494e-06
12291 1 3.2494e-06
12328 1 3.2494e-06
12356 1 3.2494e-06
12398 1 3.2494e-06
12399 1 3.2494e-06
12424 1 3.2494e-06
12444 1 3.2494e-06
12473 1 3.2494e-06
12514 1 3.2494e-06
12557 1 3.2494e-06
12565 1 3.2494e-06
12649 1 3.2494e-06
12651 1 3.2494e-06
12740 1 3.2494e-06
12774 1 3.2494e-06
12810 1 3.2494e-06
12843 1 3.2494e-06
12865 1 3.2494e-06
12866 1 3.2494e-06
12884 1 3.2494e-06
12890 1 3.2494e-06
12899 1 3.2494e-06
12902 1 3.2494e-06
12904 1 3.2494e-06
12931 1 3.2494e-06
12938 1 3.2494e-06
12961 1 3.2494e-06
12972 1 3.2494e-06
13027 1 3.2494e-06
13061 1 3.2494e-06
13065 1 3.2494e-06
13093 1 3.2494e-06
13127 1 3.2494e-06
13128 1 3.2494e-06
13160 1 3.2494e-06
13188 1 3.2494e-06
13197 1 3.2494e-06
13220 1 3.2494e-06
13246 1 3.2494e-06
13278 1 3.2494e-06
13286 1 3.2494e-06
13342 1 3.2494e-06
13345 1 3.2494e-06
13400 1 3.2494e-06
13455 1 3.2494e-06
13502 1 3.2494e-06
13567 1 3.2494e-06
13572 1 3.2494e-06
13585 1 3.2494e-06
13636 1 3.2494e-06
13693 1 3.2494e-06
13734 1 3.2494e-06
13735 1 3.2494e-06
13757 1 3.2494e-06
13786 1 3.2494e-06
13814 1 3.2494e-06
13915 1 3.2494e-06
13945 1 3.2494e-06
13955 1 3.2494e-06
13969 1 3.2494e-06
13979 1 3.2494e-06
14084 1 3.2494e-06
14097 1 3.2494e-06
14131 1 3.2494e-06
14147 1 3.2494e-06
14165 1 3.2494e-06
14167 1 3.2494e-06
14195 1 3.2494e-06
14244 1 3.2494e-06
14246 1 3.2494e-06
14342 2 6.4988e-06
14378 1 3.2494e-06
14380 1 3.2494e-06
14417 1 3.2494e-06
14427 1 3.2494e-06
14498 2 6.4988e-06
14516 1 3.2494e-06
14568 1 3.2494e-06
14602 1 3.2494e-06
14619 1 3.2494e-06
14636 1 3.2494e-06
14654 1 3.2494e-06
14695 1 3.2494e-06
14696 1 3.2494e-06
14822 1 3.2494e-06
15127 1 3.2494e-06
15165 1 3.2494e-06
15181 1 3.2494e-06
15213 1 3.2494e-06
15217 1 3.2494e-06
15219 1 3.2494e-06
15228 1 3.2494e-06
15332 1 3.2494e-06
15447 1 3.2494e-06
15465 1 3.2494e-06
15504 1 3.2494e-06
15538 1 3.2494e-06
15598 1 3.2494e-06
15668 1 3.2494e-06
15682 1 3.2494e-06
15734 1 3.2494e-06
15776 1 3.2494e-06
15790 1 3.2494e-06
15794 2 6.4988e-06
15856 1 3.2494e-06
15876 1 3.2494e-06
15885 2 6.4988e-06
15900 1 3.2494e-06
15930 1 3.2494e-06
15981 1 3.2494e-06
16030 1 3.2494e-06
16033 1 3.2494e-06
16035 1 3.2494e-06
16132 1 3.2494e-06
16176 1 3.2494e-06
16277 1 3.2494e-06
16318 1 3.2494e-06
16435 1 3.2494e-06
16467 1 3.2494e-06
16617 1 3.2494e-06
16680 1 3.2494e-06
16741 1 3.2494e-06
16808 1 3.2494e-06
16836 1 3.2494e-06
16848 1 3.2494e-06
16858 1 3.2494e-06
16911 1 3.2494e-06
16925 1 3.2494e-06
16950 1 3.2494e-06
16985 1 3.2494e-06
17029 1 3.2494e-06
17068 1 3.2494e-06
17101 1 3.2494e-06
17121 1 3.2494e-06
17125 1 3.2494e-06
17239 1 3.2494e-06
17258 1 3.2494e-06
17285 1 3.2494e-06
17291 1 3.2494e-06
17302 1 3.2494e-06
17307 1 3.2494e-06
17311 1 3.2494e-06
17323 1 3.2494e-06
17325 2 6.4988e-06
17338 1 3.2494e-06
17386 1 3.2494e-06
17403 1 3.2494e-06
17416 1 3.2494e-06
17429 1 3.2494e-06
17436 1 3.2494e-06
17439 1 3.2494e-06
17449 1 3.2494e-06
17478 1 3.2494e-06
17546 1 3.2494e-06
17666 1 3.2494e-06
17703 1 3.2494e-06
17714 1 3.2494e-06
17731 1 3.2494e-06
17862 1 3.2494e-06
17873 1 3.2494e-06
17909 1 3.2494e-06
17912 1 3.2494e-06
17952 1 3.2494e-06
18001 1 3.2494e-06
18048 1 3.2494e-06
18056 1 3.2494e-06
18096 2 6.4988e-06
18122 1 3.2494e-06
18127 1 3.2494e-06
18203 1 3.2494e-06
18235 1 3.2494e-06
18316 1 3.2494e-06
18367 1 3.2494e-06
18378 1 3.2494e-06
18392 1 3.2494e-06
18467 1 3.2494e-06
18492 1 3.2494e-06
18521 1 3.2494e-06
18533 1 3.2494e-06
18544 1 3.2494e-06
18570 1 3.2494e-06
18723 1 3.2494e-06
18758 1 3.2494e-06
18767 2 6.4988e-06
18834 1 3.2494e-06
18857 1 3.2494e-06
18903 1 3.2494e-06
18905 1 3.2494e-06
18910 1 3.2494e-06
19173 1 3.2494e-06
19186 1 3.2494e-06
19224 1 3.2494e-06
19240 1 3.2494e-06
19302 1 3.2494e-06
19398 1 3.2494e-06
19420 1 3.2494e-06
19478 1 3.2494e-06
19519 1 3.2494e-06
19583 1 3.2494e-06
19602 1 3.2494e-06
19612 1 3.2494e-06
19632 1 3.2494e-06
19691 1 3.2494e-06
19715 1 3.2494e-06
19739 1 3.2494e-06
19941 1 3.2494e-06
19961 1 3.2494e-06
20036 1 3.2494e-06
20038 1 3.2494e-06
20069 1 3.2494e-06
20096 1 3.2494e-06
20102 1 3.2494e-06
20119 1 3.2494e-06
20143 1 3.2494e-06
20168 1 3.2494e-06
20174 1 3.2494e-06
20190 1 3.2494e-06
20209 1 3.2494e-06
20258 1 3.2494e-06
20333 1 3.2494e-06
20348 1 3.2494e-06
20374 1 3.2494e-06
20396 1 3.2494e-06
20409 1 3.2494e-06
20513 1 3.2494e-06
20524 1 3.2494e-06
20648 1 3.2494e-06
20775 1 3.2494e-06
20838 1 3.2494e-06
20846 1 3.2494e-06
20883 1 3.2494e-06
21116 1 3.2494e-06
21135 1 3.2494e-06
21172 1 3.2494e-06
21210 1 3.2494e-06
21222 1 3.2494e-06
21361 1 3.2494e-06
21371 1 3.2494e-06
21379 1 3.2494e-06
21511 1 3.2494e-06
21514 1 3.2494e-06
21521 1 3.2494e-06
21539 1 3.2494e-06
21607 1 3.2494e-06
21611 1 3.2494e-06
21660 1 3.2494e-06
21957 1 3.2494e-06
22181 1 3.2494e-06
22250 1 3.2494e-06
22474 1 3.2494e-06
22608 1 3.2494e-06
22655 1 3.2494e-06
22704 1 3.2494e-06
22743 1 3.2494e-06
22755 1 3.2494e-06
22792 1 3.2494e-06
22805 1 3.2494e-06
22822 1 3.2494e-06
22868 1 3.2494e-06
23073 1 3.2494e-06
23364 1 3.2494e-06
23550 1 3.2494e-06
23634 1 3.2494e-06
23639 1 3.2494e-06
23707 1 3.2494e-06
23825 1 3.2494e-06
23873 1 3.2494e-06
23888 1 3.2494e-06
23923 1 3.2494e-06
24035 1 3.2494e-06
24045 1 3.2494e-06
24150 1 3.2494e-06
24222 1 3.2494e-06
24233 1 3.2494e-06
24373 1 3.2494e-06
24379 1 3.2494e-06
24408 1 3.2494e-06
24532 1 3.2494e-06
24537 1 3.2494e-06
24620 1 3.2494e-06
24732 1 3.2494e-06
24885 1 3.2494e-06
25101 1 3.2494e-06
25167 1 3.2494e-06
25170 1 3.2494e-06
25266 1 3.2494e-06
25273 1 3.2494e-06
25351 1 3.2494e-06
25402 1 3.2494e-06
25480 1 3.2494e-06
25593 1 3.2494e-06
25676 1 3.2494e-06
25756 1 3.2494e-06
25849 1 3.2494e-06
26045 1 3.2494e-06
26336 1 3.2494e-06
26567 1 3.2494e-06
26848 1 3.2494e-06
27147 1 3.2494e-06
27294 1 3.2494e-06
27300 1 3.2494e-06
27413 1 3.2494e-06
27866 1 3.2494e-06
28084 1 3.2494e-06
28151 1 3.2494e-06
28170 1 3.2494e-06
28265 1 3.2494e-06
28275 1 3.2494e-06
28343 1 3.2494e-06
28351 1 3.2494e-06
28366 1 3.2494e-06
28387 1 3.2494e-06
28431 1 3.2494e-06
28584 1 3.2494e-06
28616 1 3.2494e-06
28702 1 3.2494e-06
28785 1 3.2494e-06
29218 1 3.2494e-06
29358 1 3.2494e-06
29694 1 3.2494e-06
29728 1 3.2494e-06
29736 1 3.2494e-06
29966 1 3.2494e-06
30224 1 3.2494e-06
30239 1 3.2494e-06
30292 1 3.2494e-06
30425 1 3.2494e-06
30449 1 3.2494e-06
30559 1 3.2494e-06
30857 1 3.2494e-06
31059 1 3.2494e-06
31195 1 3.2494e-06
31269 1 3.2494e-06
31520 1 3.2494e-06
31605 1 3.2494e-06
31702 1 3.2494e-06
31852 1 3.2494e-06
32366 1 3.2494e-06
32450 1 3.2494e-06
32570 1 3.2494e-06
32766 1 3.2494e-06
32995 1 3.2494e-06
33017 1 3.2494e-06
33119 1 3.2494e-06
34101 1 3.2494e-06
34162 1 3.2494e-06
34174 1 3.2494e-06
34307 1 3.2494e-06
34562 1 3.2494e-06
34684 1 3.2494e-06
34982 1 3.2494e-06
35044 1 3.2494e-06
35122 1 3.2494e-06
35302 1 3.2494e-06
35507 1 3.2494e-06
35541 1 3.2494e-06
35640 1 3.2494e-06
35750 1 3.2494e-06
36136 1 3.2494e-06
36226 1 3.2494e-06
36980 1 3.2494e-06
37164 1 3.2494e-06
37527 1 3.2494e-06
37808 1 3.2494e-06
37968 1 3.2494e-06
38152 1 3.2494e-06
38314 1 3.2494e-06
38423 1 3.2494e-06
38553 1 3.2494e-06
38701 1 3.2494e-06
38752 1 3.2494e-06
38945 1 3.2494e-06
38987 1 3.2494e-06
39274 1 3.2494e-06
40023 1 3.2494e-06
40087 1 3.2494e-06
40252 1 3.2494e-06
40332 1 3.2494e-06
40532 1 3.2494e-06
40916 1 3.2494e-06
41041 1 3.2494e-06
41581 1 3.2494e-06
41629 1 3.2494e-06
41829 1 3.2494e-06
41864 1 3.2494e-06
41923 1 3.2494e-06
42082 1 3.2494e-06
42392 1 3.2494e-06
42713 1 3.2494e-06
42958 1 3.2494e-06
43066 1 3.2494e-06
43184 1 3.2494e-06
43712 1 3.2494e-06
43778 1 3.2494e-06
43837 1 3.2494e-06
45093 1 3.2494e-06
45117 1 3.2494e-06
45485 1 3.2494e-06
45586 1 3.2494e-06
45783 1 3.2494e-06
45871 1 3.2494e-06
45878 1 3.2494e-06
46060 1 3.2494e-06
46280 1 3.2494e-06
47324 1 3.2494e-06
47925 1 3.2494e-06
48019 1 3.2494e-06
48155 1 3.2494e-06
48634 1 3.2494e-06
48867 1 3.2494e-06
49158 1 3.2494e-06
49372 1 3.2494e-06
49405 1 3.2494e-06
49477 1 3.2494e-06
49882 1 3.2494e-06
50229 1 3.2494e-06
50449 1 3.2494e-06
50726 1 3.2494e-06
51517 1 3.2494e-06
51642 1 3.2494e-06
51696 1 3.2494e-06
51763 1 3.2494e-06
51962 1 3.2494e-06
52223 1 3.2494e-06
53126 1 3.2494e-06
55245 1 3.2494e-06
55396 1 3.2494e-06
55426 1 3.2494e-06
55834 1 3.2494e-06
56273 1 3.2494e-06
56702 1 3.2494e-06
57691 1 3.2494e-06
57800 1 3.2494e-06
57853 1 3.2494e-06
58858 1 3.2494e-06
58875 1 3.2494e-06
58975 1 3.2494e-06
59413 1 3.2494e-06
60095 1 3.2494e-06
61010 1 3.2494e-06
61012 1 3.2494e-06
61767 1 3.2494e-06
62800 1 3.2494e-06
63402 1 3.2494e-06
63709 1 3.2494e-06
63976 1 3.2494e-06
64220 1 3.2494e-06
65256 1 3.2494e-06
65285 1 3.2494e-06
65564 1 3.2494e-06
66613 1 3.2494e-06
66840 1 3.2494e-06
67540 1 3.2494e-06
67696 1 3.2494e-06
67772 1 3.2494e-06
68226 1 3.2494e-06
68600 1 3.2494e-06
68778 1 3.2494e-06
68888 1 3.2494e-06
69065 1 3.2494e-06
69115 1 3.2494e-06
69935 1 3.2494e-06
70841 1 3.2494e-06
70880 1 3.2494e-06
71164 1 3.2494e-06
71590 1 3.2494e-06
71635 1 3.2494e-06
72008 1 3.2494e-06
73389 1 3.2494e-06
73641 1 3.2494e-06
75318 1 3.2494e-06
76800 1 3.2494e-06
76867 1 3.2494e-06
77325 1 3.2494e-06
78508 1 3.2494e-06
78672 1 3.2494e-06
79281 1 3.2494e-06
79715 1 3.2494e-06
80207 1 3.2494e-06
80354 1 3.2494e-06
81056 1 3.2494e-06
81565 1 3.2494e-06
83118 1 3.2494e-06
83586 1 3.2494e-06
83874 1 3.2494e-06
85780 1 3.2494e-06
86096 1 3.2494e-06
86345 1 3.2494e-06
86347 1 3.2494e-06
87855 1 3.2494e-06
89629 1 3.2494e-06
91246 1 3.2494e-06
93759 1 3.2494e-06
94790 1 3.2494e-06
94803 1 3.2494e-06
95376 1 3.2494e-06
97209 1 3.2494e-06
97720 1 3.2494e-06
97793 1 3.2494e-06
97811 1 3.2494e-06
98818 1 3.2494e-06
101061 1 3.2494e-06
101851 1 3.2494e-06
102788 1 3.2494e-06
103756 1 3.2494e-06
104013 1 3.2494e-06
104151 1 3.2494e-06
104991 1 3.2494e-06
105092 1 3.2494e-06
106258 1 3.2494e-06
109550 1 3.2494e-06
109921 1 3.2494e-06
110983 1 3.2494e-06
113557 1 3.2494e-06
113785 1 3.2494e-06
114012 1 3.2494e-06
116238 1 3.2494e-06
116364 1 3.2494e-06
116420 1 3.2494e-06
116453 1 3.2494e-06
117394 1 3.2494e-06
118159 1 3.2494e-06
118901 1 3.2494e-06
120261 1 3.2494e-06
120698 1 3.2494e-06
120930 1 3.2494e-06
124691 1 3.2494e-06
125375 1 3.2494e-06
128447 1 3.2494e-06
129087 1 3.2494e-06
131240 1 3.2494e-06
135779 1 3.2494e-06
136183 1 3.2494e-06
140851 1 3.2494e-06
148117 1 3.2494e-06
149134 1 3.2494e-06
149323 1 3.2494e-06
153223 1 3.2494e-06
160284 1 3.2494e-06
160955 1 3.2494e-06
163238 1 3.2494e-06
166478 1 3.2494e-06
167428 1 3.2494e-06
167936 1 3.2494e-06
169523 1 3.2494e-06
171287 1 3.2494e-06
174788 1 3.2494e-06
176759 1 3.2494e-06
177752 1 3.2494e-06
181139 1 3.2494e-06
181500 1 3.2494e-06
183072 1 3.2494e-06
186160 1 3.2494e-06
188389 1 3.2494e-06
189512 1 3.2494e-06
194924 1 3.2494e-06
196210 1 3.2494e-06
199444 1 3.2494e-06
199600 1 3.2494e-06
204325 1 3.2494e-06
205370 1 3.2494e-06
206445 1 3.2494e-06
207856 1 3.2494e-06
208239 1 3.2494e-06
219112 1 3.2494e-06
220511 1 3.2494e-06
220587 1 3.2494e-06
221867 1 3.2494e-06
225974 1 3.2494e-06
229896 1 3.2494e-06
230920 1 3.2494e-06
231901 1 3.2494e-06
234282 1 3.2494e-06
238716 1 3.2494e-06
242442 1 3.2494e-06
242902 1 3.2494e-06
243761 1 3.2494e-06
249154 1 3.2494e-06
254173 1 3.2494e-06
260625 1 3.2494e-06
262589 1 3.2494e-06
265094 1 3.2494e-06
269352 1 3.2494e-06
270275 1 3.2494e-06
279119 1 3.2494e-06
291842 1 3.2494e-06
292839 1 3.2494e-06
293835 1 3.2494e-06
297662 1 3.2494e-06
298022 1 3.2494e-06
314697 1 3.2494e-06
315036 1 3.2494e-06
335018 1 3.2494e-06
346759 1 3.2494e-06
353870 1 3.2494e-06
376527 1 3.2494e-06
381572 1 3.2494e-06
381915 1 3.2494e-06
400125 1 3.2494e-06
410631 1 3.2494e-06
444999 1 3.2494e-06
454168 1 3.2494e-06
498470 1 3.2494e-06
510114 1 3.2494e-06
537444 1 3.2494e-06
540081 1 3.2494e-06
552577 1 3.2494e-06
717847 1 3.2494e-06
