1 50 0.0004265192616098543 0.0004350496468420514
2 17577 0.1499385812263282 0.15037363087317024
3 33570 0.28636503224485615 0.4367386631180264
4 33156 0.28283345275872657 0.719572115876753
5 20139 0.17179342819121712 0.8913655440679701
6 22914 0.19546524721056402 1.0868307912785342
7 23741 0.202519875797591 1.2893506670761252
8 18893 0.16116456819189956 1.4505152352680248
9 12855 0.10965810215989354 1.5601733374279183
10 10365 0.0884174429317228 1.6485907803596411
11 8028 0.0684819326440782 1.7170727130037193
12 5811 0.049570068584297265 1.7666427815880166
13 3379 0.028824171699593955 1.7954669532876106
14 2205 0.018809499436994576 1.8142764527246051
15 3280 0.027979663561606444 1.8422561162862117
16 4060 0.03463336404272017 1.8768894803289318
17 3216 0.027433718906745827 1.9043231992356775
18 2094 0.017862626676220697 1.9221858259118982
19 1645 0.014032483706964206 1.9362183096188625
20 1451 0.012377588971917972 1.9485958985907805
21 1054 0.008991026034735729 1.9575869246255162
22 733 0.006252772375200464 1.9638396970007166
23 472 0.004026341829597025 1.9678660388303135
24 373 0.003181833691609513 1.971047872521923
25 239 0.0020387620704951036 1.973086634592418
26 216 0.0018425632101545706 1.9749291978025727
27 169 0.0014416351042413076 1.976370832906814
28 134 0.0011430716211144095 1.9775139045279284
29 99 0.0008445081379875115 1.978358412665916
30 99 0.0008445081379875115 1.9792029208039035
31 212 0.0018084416692257823 1.9810113624731294
32 356 0.0030368171426621627 1.9840481796157916
33 157 0.0013392704814549426 1.9853874500972466
34 188 0.001603712423653052 1.9869911625208996
35 235 0.002004640529566315 1.988995803050466
36 214 0.0018255024396901763 1.9908213054901562
37 117 0.000998055072167059 1.9918193605623233
38 92 0.0007847954413621319 1.9926041560036856
39 122 0.0010407069983280445 1.9936448630020136
40 108 0.0009212816050772853 1.9945661446070908
41 63 0.0005374142696284164 1.9951035588767192
42 58 0.000494762343467431 1.9955983212201867
43 52 0.0004435800320742485 1.996041901252261
44 36 0.0003070938683590951 1.9963489951206201
45 46 0.00039239772068106594 1.9967413928413011
46 46 0.00039239772068106594 1.9971337905619821
47 38 0.0003241546388234893 1.9974579452008057
48 26 0.00022179001603712424 1.9976797352168427
49 33 0.0002815027126625038 1.9979612379295053
50 19 0.00016207731941174464 1.998123315248917
51 24 0.00020472924557273008 1.9983280444944898
52 32 0.00027297232743030673 1.9986010168219202
53 26 0.00022179001603712424 1.9988228068379572
54 16 0.00013648616371515337 1.9989592930016724
55 22 0.00018766847510833589 1.9991469614767807
56 14 0.0001194253932507592 1.9992663868700316
57 13 0.00011089500801856212 1.9993772818780502
58 15 0.00012795577848295628 1.9995052376565332
59 15 0.00012795577848295628 1.9996331934350162
60 9 7.677346708977378e-05 1.999709966902106
61 9 7.677346708977378e-05 1.9997867403691956
62 5 4.265192616098543e-05 1.9998293922953565
63 5 4.265192616098543e-05 1.9998720442215174
64 1 8.530385232197085e-06 1.9998805746067496
65 2 1.706077046439417e-05 1.999897635377214
66 2 1.706077046439417e-05 1.9999146961476784
67 3 2.559115569659126e-05 1.999940287303375
68 1 8.530385232197085e-06 1.999948817688607
70 2 1.706077046439417e-05 1.9999658784590715
71 1 8.530385232197085e-06 1.9999744088443037
73 1 8.530385232197085e-06 1.9999829392295358
74 2 1.706077046439417e-05 2.0000000000000004
