0 2465 0.015917602996254682 0.015917602996254682
1 1112 0.007180679323259718 0.0230982823195144
2 1558 0.01006069998708511 0.033158982306599506
3 1179 0.0076133281673769855 0.04077231047397649
4 1427 0.009214774635154332 0.04998708510913082
5 2629 0.016976624047526798 0.06696370915665761
6 2343 0.01512979465323518 0.08209350380989279
7 1836 0.01185586981790004 0.09394937362779283
8 1638 0.010577295621851996 0.10452666924964484
9 1576 0.010176934004907658 0.11470360325455249
10 13830 0.08930647036032545 0.20401007361487794
11 87048 0.5621077101898488 0.7661177838047268
12 14618 0.09439493736277929 0.8605127211675061
13 17017 0.10988634896035128 0.9703990701278574
14 4039 0.02608162211029317 0.9964806922381506
15 1856 0.01198501872659176 1.0084657109647424
16 12959 0.08368203538680098 1.0921477463515434
17 13640 0.0880795557277541 1.1802273020792975
18 11321 0.07310473976494898 1.2533320418442464
19 12960 0.08368849283223556 1.337020534676482
20 12716 0.08211287614619657 1.4191334108226787
21 8394 0.05420379697791554 1.4733372078005942
22 5976 0.0385896939170864 1.5119269017176806
23 3981 0.025707090275087177 1.5376339919927677
24 2397 0.015478496706702828 1.5531124886994705
25 5232 0.03378535451375436 1.5868978432132248
26 7936 0.051246286968875114 1.6381441301820998
27 5481 0.03539325842696629 1.673537388609066
28 3760 0.024279994834043653 1.6978173834431098
29 4048 0.026139739119204444 1.7239571225623143
30 3333 0.021522665633475397 1.7454797881957897
31 2303 0.014871496835851736 1.7603512850316414
32 1595 0.010299625468164793 1.7706509104998063
33 1237 0.007987860002582978 1.7786387705023892
34 1135 0.007329200568255198 1.7859679710706444
35 1518 0.009802402169701666 1.795770373240346
36 1278 0.008252615265401008 1.804022988505747
37 862 0.005566317964613199 1.8095893064703603
38 631 0.004074648069223815 1.813663954539584
39 589 0.0038034353609712 1.8174673899005553
40 507 0.0032739248353351414 1.8207413147358904
41 466 0.003009169572517112 1.8237504843084076
42 412 0.002660467519049464 1.826410951827457
43 379 0.0024473718197081233 1.8288583236471652
44 331 0.0021374144388479916 1.8309957380860131
45 311 0.00200826553015627 1.8330040036161694
46 305 0.0019695208575487536 1.8349735244737182
47 311 0.00200826553015627 1.8369817900038745
48 324 0.002092212320805889 1.8390740023246803
49 318 0.002053467648198373 1.8411274699728788
50 336 0.002169701666020922 1.8432971716388997
51 291 0.0018791166214645486 1.8451762882603642
52 288 0.0018597442851607904 1.847036032545525
53 336 0.002169701666020922 1.849205734211546
54 369 0.002382797365362263 1.8515885315769083
55 466 0.003009169572517112 1.8545977011494255
56 697 0.004500839467906496 1.859098540617332
57 1130 0.007296913341082268 1.8663954539584142
58 1669 0.010777476430324165 1.8771729303887383
59 1918 0.012385380343536097 1.8895583107322744
60 2522 0.016285677386026088 1.9058439881183005
61 8321 0.05373240346119075 1.9595763915794913
62 1463 0.009447242670799431 1.9690236342502907
63 531 0.0034289035257652075 1.972452537776056
64 337 0.002176159111455508 1.9746286968875115
65 375 0.0024215420379697793 1.9770502389254814
66 382 0.0024667441560118817 1.9795169830814932
67 215 0.0013883507684360067 1.9809053338499292
68 206 0.001330233759524732 1.9822355676094539
69 225 0.0014529252227818675 1.9836884928322358
70 901 0.005818158336562056 1.9895066511687978
71 249 0.0016079039132119333 1.9911145550820097
72 106 0.0006844892160661242 1.991799044298076
73 78 0.0005036807438977141 1.9923027250419736
74 81 0.0005230530802014723 1.992825778122175
75 101 0.0006522019888931938 1.9934779801110682
76 64 0.000413276507813509 1.9938912566188818
77 85 0.0005488828619398166 1.9944401394808215
78 95 0.0006134573162856774 1.9950535967971073
79 81 0.0005230530802014723 1.9955766498773087
80 125 0.0008071806793232598 1.996383830556632
81 101 0.0006522019888931938 1.9970360325455252
82 54 0.0003487020534676482 1.9973847345989928
83 32 0.0002066382539067545 1.9975913728528996
84 47 0.00030349993542554566 1.997894872788325
85 23 0.00014852124499547978 1.9980433940333204
86 31 0.00020018080847216841 1.9982435748417926
87 18 0.0001162340178225494 1.998359808859615
88 18 0.0001162340178225494 1.9984760428774375
89 13 8.394679064961902e-05 1.9985599896680872
90 17 0.00010977657238796332 1.998669766240475
91 8 5.165956347668862e-05 1.9987214258039518
92 8 5.165956347668862e-05 1.9987730853674286
93 13 8.394679064961902e-05 1.9988570321580783
94 10 6.457445434586077e-05 1.9989216066124242
95 14 9.040423608420509e-05 1.9990120108485085
96 1 6.457445434586078e-06 1.9990184682939431
97 5 3.228722717293039e-05 1.999050755521116
98 8 5.165956347668862e-05 1.9991024150845929
99 8 5.165956347668862e-05 1.9991540746480696
100 8 5.165956347668862e-05 1.9992057342115463
101 13 8.394679064961902e-05 1.999289681002196
102 6 3.8744672607516464e-05 1.9993284256748036
103 14 9.040423608420509e-05 1.999418829910888
104 5 3.228722717293039e-05 1.999451117138061
105 8 5.165956347668862e-05 1.9995027767015376
106 3 1.9372336303758232e-05 1.9995221490378414
107 7 4.5202118042102546e-05 1.9995673511558836
108 1 6.457445434586078e-06 1.9995738086013182
109 1 6.457445434586078e-06 1.9995802660467528
110 8 5.165956347668862e-05 1.9996319256102295
111 6 3.8744672607516464e-05 1.999670670282837
112 1 6.457445434586078e-06 1.9996771277282717
113 4 2.582978173834431e-05 1.99970295751001
114 2 1.2914890869172156e-05 1.9997158724008792
115 2 1.2914890869172156e-05 1.9997287872917484
116 2 1.2914890869172156e-05 1.9997417021826176
117 3 1.9372336303758232e-05 1.9997610745189214
118 4 2.582978173834431e-05 1.9997869043006598
119 4 2.582978173834431e-05 1.9998127340823981
120 1 6.457445434586078e-06 1.9998191915278327
121 4 2.582978173834431e-05 1.999845021309571
122 1 6.457445434586078e-06 1.9998514787550057
123 2 1.2914890869172156e-05 1.9998643936458749
124 2 1.2914890869172156e-05 1.999877308536744
125 1 6.457445434586078e-06 1.9998837659821787
126 1 6.457445434586078e-06 1.9998902234276132
129 1 6.457445434586078e-06 1.9998966808730478
131 1 6.457445434586078e-06 1.9999031383184824
132 1 6.457445434586078e-06 1.999909595763917
134 2 1.2914890869172156e-05 1.9999225106547862
135 1 6.457445434586078e-06 1.9999289681002208
136 1 6.457445434586078e-06 1.9999354255456554
138 1 6.457445434586078e-06 1.99994188299109
149 1 6.457445434586078e-06 1.9999483404365246
185 1 6.457445434586078e-06 1.9999547978819592
611 1 6.457445434586078e-06 1.9999612553273938
2069 1 6.457445434586078e-06 1.9999677127728284
7712 1 6.457445434586078e-06 1.999974170218263
39800 1 6.457445434586078e-06 1.9999806276636976
50829 1 6.457445434586078e-06 1.9999870851091321
79251 1 6.457445434586078e-06 1.9999935425545667
136720 1 6.457445434586078e-06 2.0000000000000013
