#@arppy
0 624 0.00540639
1 148 0.00128228
2 84 0.000727783
3 60 0.000519845
4 41 0.000355227
5 37 0.000320571
6 31 0.000268587
7 15 0.000129961
8 27 0.00023393
9 31 0.000268587
10 19 0.000164618
11 29 0.000251258
12 52 0.000450532
13 51 0.000441868
14 45 0.000389884
15 44 0.00038122
16 49 0.00042454
17 52 0.000450532
18 37 0.000320571
19 28 0.000242594
20 33 0.000285915
21 35 0.000303243
22 30 0.000259923
23 34 0.000294579
24 39 0.000337899
25 42 0.000363892
26 51 0.000441868
27 49 0.00042454
28 30 0.000259923
29 56 0.000485189
30 63 0.000545837
31 52 0.000450532
32 53 0.000459196
33 49 0.00042454
34 56 0.000485189
35 49 0.00042454
36 71 0.00061515
37 80 0.000693127
38 194 0.00168083
39 77 0.000667135
40 84 0.000727783
41 94 0.000814424
42 82 0.000710455
43 97 0.000840416
44 117 0.0010137
45 128 0.001109
46 122 0.00105702
47 142 0.0012303
48 127 0.00110034
49 166 0.00143824
50 180 0.00155954
51 185 0.00160286
52 206 0.0017848
53 239 0.00207072
54 272 0.00235663
55 315 0.00272919
56 308 0.00266854
57 352 0.00304976
58 396 0.00343098
59 436 0.00377754
60 441 0.00382086
61 512 0.00443601
62 606 0.00525044
63 649 0.00562299
64 751 0.00650673
65 816 0.00706989
66 819 0.00709589
67 938 0.00812691
68 972 0.00842149
69 1040 0.00901065
70 1211 0.0104922
71 1330 0.0115232
72 1328 0.0115059
73 1395 0.0120864
74 1426 0.012355
75 1509 0.0130741
76 1677 0.0145297
77 1653 0.0143217
78 1640 0.0142091
79 1708 0.0147983
80 1824 0.0158033
81 1739 0.0150668
82 1852 0.0160459
83 1878 0.0162712
84 1915 0.0165917
85 1987 0.0172155
86 2155 0.0186711
87 2269 0.0196588
88 2704 0.0234277
89 2817 0.0244067
90 3178 0.0275345
91 3797 0.0328975
92 4122 0.0357134
93 4669 0.0404526
94 5667 0.0490994
95 6253 0.0541765
96 6858 0.0594183
97 7776 0.0673719
98 8837 0.0765645
99 14006 0.121349
100 0 0
