#@arppy
0 14006 0.121349
1 8837 0.0765645
2 7776 0.0673719
3 6857 0.0594096
4 6254 0.0541852
5 5667 0.0490994
6 4669 0.0404526
7 4122 0.0357134
8 3797 0.0328975
9 3178 0.0275345
10 2817 0.0244067
11 2704 0.0234277
12 2268 0.0196501
13 2156 0.0186798
14 1987 0.0172155
15 1915 0.0165917
16 1877 0.0162625
17 1852 0.0160459
18 1740 0.0150755
19 1824 0.0158033
20 1708 0.0147983
21 1640 0.0142091
22 1652 0.0143131
23 1678 0.0145383
24 1509 0.0130741
25 1426 0.012355
26 1395 0.0120864
27 1328 0.0115059
28 1330 0.0115232
29 1210 0.0104835
30 1041 0.00901931
31 972 0.00842149
32 938 0.00812691
33 819 0.00709589
34 816 0.00706989
35 751 0.00650673
36 649 0.00562299
37 606 0.00525044
38 511 0.00442735
39 441 0.00382086
40 437 0.00378621
41 396 0.00343098
42 352 0.00304976
43 308 0.00266854
44 315 0.00272919
45 272 0.00235663
46 239 0.00207072
47 206 0.0017848
48 185 0.00160286
49 180 0.00155954
50 166 0.00143824
51 127 0.00110034
52 142 0.0012303
53 122 0.00105702
54 128 0.001109
55 117 0.0010137
56 97 0.000840416
57 82 0.000710455
58 94 0.000814424
59 84 0.000727783
60 77 0.000667135
61 194 0.00168083
62 80 0.000693127
63 71 0.00061515
64 49 0.00042454
65 56 0.000485189
66 49 0.00042454
67 53 0.000459196
68 52 0.000450532
69 63 0.000545837
70 56 0.000485189
71 30 0.000259923
72 49 0.00042454
73 51 0.000441868
74 42 0.000363892
75 39 0.000337899
76 34 0.000294579
77 30 0.000259923
78 35 0.000303243
79 33 0.000285915
80 28 0.000242594
81 37 0.000320571
82 52 0.000450532
83 49 0.00042454
84 44 0.00038122
85 45 0.000389884
86 51 0.000441868
87 52 0.000450532
88 29 0.000251258
89 19 0.000164618
90 31 0.000268587
91 27 0.00023393
92 15 0.000129961
93 31 0.000268587
94 37 0.000320571
95 41 0.000355227
96 60 0.000519845
97 84 0.000727783
98 148 0.00128228
99 110 0.000953049
100 514 0.00445334
